TpTrace Verbose: 0 : 17100, 1, 2022/11/22, 07:26:28.149, 5575437214429, vstest.console.dll, Version: 17.3.1 Current process architecture: X64
TpTrace Verbose: 0 : 17100, 1, 2022/11/22, 07:26:28.153, 5575437256320, vstest.console.dll, Runtime location: C:\Program Files\dotnet\shared\Microsoft.NETCore.App\6.0.10
TpTrace Information: 0 : 17100, 1, 2022/11/22, 07:26:28.169, 5575437410940, vstest.console.dll, FilePatternParser: The given file C:\Users\user\source\repos\WebDotnetLab1-2\LinkedList.Tests\bin\Release\net6.0\fine-code-coverage\build-output\LinkedList.Tests.dll is a full path.
TpTrace Verbose: 0 : 17100, 1, 2022/11/22, 07:26:28.190, 5575437622649, vstest.console.dll, TestPluginCache.DiscoverTestExtensions: finding test extensions in assemblies ends with: RuntimeProvider.dll TPluginInfo: Microsoft.VisualStudio.TestPlatform.Common.ExtensionFramework.Utilities.TestRuntimePluginInformation TExtension: Microsoft.VisualStudio.TestPlatform.ObjectModel.Host.ITestRuntimeProvider
TpTrace Verbose: 0 : 17100, 1, 2022/11/22, 07:26:28.191, 5575437634161, vstest.console.dll, TestPluginCache.GetExtensionPaths: Filtered extension paths: 
TpTrace Verbose: 0 : 17100, 1, 2022/11/22, 07:26:28.191, 5575437635987, vstest.console.dll, TestPluginCache.GetExtensionPaths: Added default extension paths: C:\Program Files\dotnet\sdk\6.0.402\Extensions\Microsoft.Diagnostics.NETCore.Client.dll
C:\Program Files\dotnet\sdk\6.0.402\Extensions\Microsoft.TestPlatform.Extensions.BlameDataCollector.dll
C:\Program Files\dotnet\sdk\6.0.402\Extensions\Microsoft.TestPlatform.Extensions.EventLogCollector.dll
C:\Program Files\dotnet\sdk\6.0.402\Extensions\Microsoft.TestPlatform.TestHostRuntimeProvider.dll
C:\Program Files\dotnet\sdk\6.0.402\Extensions\Microsoft.VisualStudio.TestPlatform.Extensions.Html.TestLogger.dll
C:\Program Files\dotnet\sdk\6.0.402\Extensions\Microsoft.VisualStudio.TestPlatform.Extensions.Trx.TestLogger.dll
TpTrace Verbose: 0 : 17100, 1, 2022/11/22, 07:26:28.191, 5575437636690, vstest.console.dll, TestPluginCache.GetExtensionPaths: Added unfilterableExtensionPaths: 
TpTrace Information: 0 : 17100, 1, 2022/11/22, 07:26:28.192, 5575437649162, vstest.console.dll, AssemblyResolver.ctor: Creating AssemblyResolver with searchDirectories C:\Program Files\dotnet\sdk\6.0.402\Extensions,C:\Program Files\dotnet\sdk\6.0.402
TpTrace Verbose: 0 : 17100, 1, 2022/11/22, 07:26:28.194, 5575437666865, vstest.console.dll, TestPluginCache.DiscoverTestExtensions: Discovering the extensions using extension path.
TpTrace Verbose: 0 : 17100, 1, 2022/11/22, 07:26:28.195, 5575437669893, vstest.console.dll, TestPluginCache.GetExtensionPaths: Filtered extension paths: 
TpTrace Verbose: 0 : 17100, 1, 2022/11/22, 07:26:28.195, 5575437670681, vstest.console.dll, TestPluginCache.GetExtensionPaths: Added default extension paths: C:\Program Files\dotnet\sdk\6.0.402\Extensions\Microsoft.Diagnostics.NETCore.Client.dll
C:\Program Files\dotnet\sdk\6.0.402\Extensions\Microsoft.TestPlatform.Extensions.BlameDataCollector.dll
C:\Program Files\dotnet\sdk\6.0.402\Extensions\Microsoft.TestPlatform.Extensions.EventLogCollector.dll
C:\Program Files\dotnet\sdk\6.0.402\Extensions\Microsoft.TestPlatform.TestHostRuntimeProvider.dll
C:\Program Files\dotnet\sdk\6.0.402\Extensions\Microsoft.VisualStudio.TestPlatform.Extensions.Html.TestLogger.dll
C:\Program Files\dotnet\sdk\6.0.402\Extensions\Microsoft.VisualStudio.TestPlatform.Extensions.Trx.TestLogger.dll
TpTrace Verbose: 0 : 17100, 1, 2022/11/22, 07:26:28.195, 5575437671229, vstest.console.dll, TestPluginCache.GetExtensionPaths: Added unfilterableExtensionPaths: 
TpTrace Verbose: 0 : 17100, 1, 2022/11/22, 07:26:28.195, 5575437672551, vstest.console.dll, TestPluginCache.DiscoverTestExtensions: Discovering the extensions using allExtensionPaths: C:\Program Files\dotnet\sdk\6.0.402\Extensions\Microsoft.Diagnostics.NETCore.Client.dll
C:\Program Files\dotnet\sdk\6.0.402\Extensions\Microsoft.TestPlatform.Extensions.BlameDataCollector.dll
C:\Program Files\dotnet\sdk\6.0.402\Extensions\Microsoft.TestPlatform.Extensions.EventLogCollector.dll
C:\Program Files\dotnet\sdk\6.0.402\Extensions\Microsoft.TestPlatform.TestHostRuntimeProvider.dll
C:\Program Files\dotnet\sdk\6.0.402\Extensions\Microsoft.VisualStudio.TestPlatform.Extensions.Html.TestLogger.dll
C:\Program Files\dotnet\sdk\6.0.402\Extensions\Microsoft.VisualStudio.TestPlatform.Extensions.Trx.TestLogger.dll
TpTrace Information: 0 : 17100, 1, 2022/11/22, 07:26:28.195, 5575437676096, vstest.console.dll, AssemblyResolver.AddSearchDirectories: Adding more searchDirectories C:\Program Files\dotnet\sdk\6.0.402\Extensions,C:\Program Files\dotnet\sdk\6.0.402
TpTrace Information: 0 : 17100, 1, 2022/11/22, 07:26:28.195, 5575437677191, vstest.console.dll, AssemblyResolver.AddSearchDirectories: Adding more searchDirectories C:\Program Files\dotnet\sdk\6.0.402\Extensions,C:\Program Files\dotnet\sdk\6.0.402
TpTrace Information: 0 : 17100, 1, 2022/11/22, 07:26:28.195, 5575437677820, vstest.console.dll, AssemblyResolver.AddSearchDirectories: Adding more searchDirectories C:\Program Files\dotnet\sdk\6.0.402\Extensions,C:\Program Files\dotnet\sdk\6.0.402
TpTrace Information: 0 : 17100, 1, 2022/11/22, 07:26:28.195, 5575437678366, vstest.console.dll, AssemblyResolver.AddSearchDirectories: Adding more searchDirectories C:\Program Files\dotnet\sdk\6.0.402\Extensions,C:\Program Files\dotnet\sdk\6.0.402
TpTrace Information: 0 : 17100, 1, 2022/11/22, 07:26:28.195, 5575437679173, vstest.console.dll, AssemblyResolver.AddSearchDirectories: Adding more searchDirectories C:\Program Files\dotnet\sdk\6.0.402\Extensions,C:\Program Files\dotnet\sdk\6.0.402
TpTrace Information: 0 : 17100, 1, 2022/11/22, 07:26:28.196, 5575437679761, vstest.console.dll, AssemblyResolver.AddSearchDirectories: Adding more searchDirectories C:\Program Files\dotnet\sdk\6.0.402\Extensions,C:\Program Files\dotnet\sdk\6.0.402
TpTrace Information: 0 : 17100, 1, 2022/11/22, 07:26:28.196, 5575437686752, vstest.console.dll, AssemblyResolver.OnResolve: Microsoft.Diagnostics.NETCore.Client: Resolving assembly.
TpTrace Information: 0 : 17100, 1, 2022/11/22, 07:26:28.196, 5575437688046, vstest.console.dll, AssemblyResolver.OnResolve: Microsoft.Diagnostics.NETCore.Client: Searching in: 'C:\Program Files\dotnet\sdk\6.0.402\Extensions'.
TpTrace Information: 0 : 17100, 1, 2022/11/22, 07:26:28.198, 5575437705319, vstest.console.dll, AssemblyResolver.OnResolve: Microsoft.Diagnostics.NETCore.Client: Loading assembly 'C:\Program Files\dotnet\sdk\6.0.402\Extensions\Microsoft.Diagnostics.NETCore.Client.dll'.
TpTrace Information: 0 : 17100, 1, 2022/11/22, 07:26:28.201, 5575437731272, vstest.console.dll, AssemblyResolver.OnResolve: Resolved assembly: Microsoft.Diagnostics.NETCore.Client, from path: C:\Program Files\dotnet\sdk\6.0.402\Extensions\Microsoft.Diagnostics.NETCore.Client.dll
TpTrace Verbose: 0 : 17100, 1, 2022/11/22, 07:26:28.210, 5575437826774, vstest.console.dll, MetadataReaderExtensionsHelper: Discovering extensions inside assembly 'Microsoft.Diagnostics.NETCore.Client, Version=0.2.5.801, Culture=neutral, PublicKeyToken=31bf3856ad364e35' file path 'C:\Program Files\dotnet\sdk\6.0.402\Extensions\Microsoft.Diagnostics.NETCore.Client.dll'
TpTrace Information: 0 : 17100, 1, 2022/11/22, 07:26:28.231, 5575438034224, vstest.console.dll, AssemblyResolver.OnResolve: Microsoft.Bcl.AsyncInterfaces: Resolving assembly.
TpTrace Information: 0 : 17100, 1, 2022/11/22, 07:26:28.231, 5575438035863, vstest.console.dll, AssemblyResolver.OnResolve: Microsoft.Bcl.AsyncInterfaces: Searching in: 'C:\Program Files\dotnet\sdk\6.0.402\Extensions'.
TpTrace Information: 0 : 17100, 1, 2022/11/22, 07:26:28.231, 5575438037526, vstest.console.dll, AssemblyResolver.OnResolve: Microsoft.Bcl.AsyncInterfaces: Assembly path does not exist: 'C:\Program Files\dotnet\sdk\6.0.402\Extensions\Microsoft.Bcl.AsyncInterfaces.dll', returning.
TpTrace Information: 0 : 17100, 1, 2022/11/22, 07:26:28.231, 5575438038911, vstest.console.dll, AssemblyResolver.OnResolve: Microsoft.Bcl.AsyncInterfaces: Assembly path does not exist: 'C:\Program Files\dotnet\sdk\6.0.402\Extensions\Microsoft.Bcl.AsyncInterfaces.exe', returning.
TpTrace Information: 0 : 17100, 1, 2022/11/22, 07:26:28.232, 5575438040393, vstest.console.dll, AssemblyResolver.OnResolve: Microsoft.Bcl.AsyncInterfaces: Searching in: 'C:\Program Files\dotnet\sdk\6.0.402'.
TpTrace Information: 0 : 17100, 1, 2022/11/22, 07:26:28.232, 5575438041837, vstest.console.dll, AssemblyResolver.OnResolve: Microsoft.Bcl.AsyncInterfaces: Assembly path does not exist: 'C:\Program Files\dotnet\sdk\6.0.402\Microsoft.Bcl.AsyncInterfaces.dll', returning.
TpTrace Information: 0 : 17100, 1, 2022/11/22, 07:26:28.232, 5575438043053, vstest.console.dll, AssemblyResolver.OnResolve: Microsoft.Bcl.AsyncInterfaces: Assembly path does not exist: 'C:\Program Files\dotnet\sdk\6.0.402\Microsoft.Bcl.AsyncInterfaces.exe', returning.
TpTrace Information: 0 : 17100, 1, 2022/11/22, 07:26:28.232, 5575438043632, vstest.console.dll, AssemblyResolver.OnResolve: Microsoft.Bcl.AsyncInterfaces: Failed to load assembly.
TpTrace Verbose: 0 : 17100, 1, 2022/11/22, 07:26:28.232, 5575438044490, vstest.console.dll, CurrentDomainAssemblyResolve: Resolving assembly 'Microsoft.Bcl.AsyncInterfaces'.
TpTrace Information: 0 : 17100, 1, 2022/11/22, 07:26:28.232, 5575438045707, vstest.console.dll, AssemblyResolver.OnResolve: Microsoft.Bcl.AsyncInterfaces: Resolving assembly.
TpTrace Information: 0 : 17100, 1, 2022/11/22, 07:26:28.232, 5575438046497, vstest.console.dll, AssemblyResolver.OnResolve: Microsoft.Bcl.AsyncInterfaces: Resolved from cache.
TpTrace Verbose: 0 : 17100, 1, 2022/11/22, 07:26:28.232, 5575438047093, vstest.console.dll, CurrentDomainAssemblyResolve: Resolving assembly 'Microsoft.Bcl.AsyncInterfaces'.
TpTrace Verbose: 0 : 17100, 1, 2022/11/22, 07:26:28.232, 5575438047744, vstest.console.dll, CurrentDomainAssemblyResolve: Failed to resolve assembly 'Microsoft.Bcl.AsyncInterfaces'.
TpTrace Verbose: 0 : 17100, 1, 2022/11/22, 07:26:28.236, 5575438086398, vstest.console.dll, CurrentDomainAssemblyResolve: Failed to resolve assembly 'Microsoft.Bcl.AsyncInterfaces'.
TpTrace Warning: 0 : 17100, 1, 2022/11/22, 07:26:28.287, 5575438593112, vstest.console.dll, TestPluginDiscoverer: Failed to get types from assembly 'Microsoft.Diagnostics.NETCore.Client, Version=0.2.5.801, Culture=neutral, PublicKeyToken=31bf3856ad364e35'. Error: System.Reflection.ReflectionTypeLoadException: Unable to load one or more of the requested types.
Could not load file or assembly 'Microsoft.Bcl.AsyncInterfaces, Version=1.0.0.0, Culture=neutral, PublicKeyToken=cc7b13ffcd2ddd51'. Не удается найти указанный файл.
   at System.Reflection.RuntimeModule.GetTypes(RuntimeModule module)
   at System.Reflection.Assembly.GetTypes()
   at Microsoft.VisualStudio.TestPlatform.Common.ExtensionFramework.TestPluginDiscoverer.GetTestExtensionsFromAssembly[TPluginInfo,TExtension](Assembly assembly, Dictionary`2 pluginInfos, String filePath)
System.IO.FileNotFoundException: Could not load file or assembly 'Microsoft.Bcl.AsyncInterfaces, Version=1.0.0.0, Culture=neutral, PublicKeyToken=cc7b13ffcd2ddd51'. Не удается найти указанный файл.
File name: 'Microsoft.Bcl.AsyncInterfaces, Version=1.0.0.0, Culture=neutral, PublicKeyToken=cc7b13ffcd2ddd51'
 ---> System.IO.FileNotFoundException: Could not load file or assembly 'Microsoft.Bcl.AsyncInterfaces, Culture=neutral, PublicKeyToken=null'. Не удается найти указанный файл.
File name: 'Microsoft.Bcl.AsyncInterfaces, Culture=neutral, PublicKeyToken=null'
   at System.Reflection.RuntimeAssembly.InternalLoad(ObjectHandleOnStack assemblyName, ObjectHandleOnStack requestingAssembly, StackCrawlMarkHandle stackMark, Boolean throwOnFileNotFound, ObjectHandleOnStack assemblyLoadContext, ObjectHandleOnStack retAssembly)
   at System.Reflection.RuntimeAssembly.InternalLoad(AssemblyName assemblyName, RuntimeAssembly requestingAssembly, StackCrawlMark& stackMark, Boolean throwOnFileNotFound, AssemblyLoadContext assemblyLoadContext)
   at System.Reflection.Assembly.Load(AssemblyName assemblyRef)
   at Microsoft.VisualStudio.TestPlatform.Common.ExtensionFramework.TestPluginCache.CurrentDomainAssemblyResolve(Object sender, AssemblyResolveEventArgs args)
   at Microsoft.VisualStudio.TestPlatform.PlatformAbstractions.PlatformAssemblyResolver.AssemblyResolverEvent(Object sender, Object eventArgs)
   at System.Runtime.Loader.AssemblyLoadContext.GetFirstResolvedAssemblyFromResolvingEvent(AssemblyName assemblyName)
   at System.Runtime.Loader.AssemblyLoadContext.ResolveUsingEvent(AssemblyName assemblyName)
   at System.Runtime.Loader.AssemblyLoadContext.ResolveUsingResolvingEvent(IntPtr gchManagedAssemblyLoadContext, AssemblyName assemblyName)
TpTrace Warning: 0 : 17100, 1, 2022/11/22, 07:26:28.288, 5575438609121, vstest.console.dll, LoaderExceptions: System.IO.FileNotFoundException: Could not load file or assembly 'Microsoft.Bcl.AsyncInterfaces, Version=1.0.0.0, Culture=neutral, PublicKeyToken=cc7b13ffcd2ddd51'. Не удается найти указанный файл.
File name: 'Microsoft.Bcl.AsyncInterfaces, Version=1.0.0.0, Culture=neutral, PublicKeyToken=cc7b13ffcd2ddd51'
 ---> System.IO.FileNotFoundException: Could not load file or assembly 'Microsoft.Bcl.AsyncInterfaces, Culture=neutral, PublicKeyToken=null'. Не удается найти указанный файл.
File name: 'Microsoft.Bcl.AsyncInterfaces, Culture=neutral, PublicKeyToken=null'
   at System.Reflection.RuntimeAssembly.InternalLoad(ObjectHandleOnStack assemblyName, ObjectHandleOnStack requestingAssembly, StackCrawlMarkHandle stackMark, Boolean throwOnFileNotFound, ObjectHandleOnStack assemblyLoadContext, ObjectHandleOnStack retAssembly)
   at System.Reflection.RuntimeAssembly.InternalLoad(AssemblyName assemblyName, RuntimeAssembly requestingAssembly, StackCrawlMark& stackMark, Boolean throwOnFileNotFound, AssemblyLoadContext assemblyLoadContext)
   at System.Reflection.Assembly.Load(AssemblyName assemblyRef)
   at Microsoft.VisualStudio.TestPlatform.Common.ExtensionFramework.TestPluginCache.CurrentDomainAssemblyResolve(Object sender, AssemblyResolveEventArgs args)
   at Microsoft.VisualStudio.TestPlatform.PlatformAbstractions.PlatformAssemblyResolver.AssemblyResolverEvent(Object sender, Object eventArgs)
   at System.Runtime.Loader.AssemblyLoadContext.GetFirstResolvedAssemblyFromResolvingEvent(AssemblyName assemblyName)
   at System.Runtime.Loader.AssemblyLoadContext.ResolveUsingEvent(AssemblyName assemblyName)
   at System.Runtime.Loader.AssemblyLoadContext.ResolveUsingResolvingEvent(IntPtr gchManagedAssemblyLoadContext, AssemblyName assemblyName)
TpTrace Information: 0 : 17100, 1, 2022/11/22, 07:26:28.289, 5575438615638, vstest.console.dll, AssemblyResolver.OnResolve: Microsoft.TestPlatform.Extensions.BlameDataCollector: Resolving assembly.
TpTrace Information: 0 : 17100, 1, 2022/11/22, 07:26:28.289, 5575438617749, vstest.console.dll, AssemblyResolver.OnResolve: Microsoft.TestPlatform.Extensions.BlameDataCollector: Searching in: 'C:\Program Files\dotnet\sdk\6.0.402\Extensions'.
TpTrace Information: 0 : 17100, 1, 2022/11/22, 07:26:28.290, 5575438626246, vstest.console.dll, AssemblyResolver.OnResolve: Microsoft.TestPlatform.Extensions.BlameDataCollector: Loading assembly 'C:\Program Files\dotnet\sdk\6.0.402\Extensions\Microsoft.TestPlatform.Extensions.BlameDataCollector.dll'.
TpTrace Information: 0 : 17100, 1, 2022/11/22, 07:26:28.291, 5575438633733, vstest.console.dll, AssemblyResolver.OnResolve: Resolved assembly: Microsoft.TestPlatform.Extensions.BlameDataCollector, from path: C:\Program Files\dotnet\sdk\6.0.402\Extensions\Microsoft.TestPlatform.Extensions.BlameDataCollector.dll
TpTrace Verbose: 0 : 17100, 1, 2022/11/22, 07:26:28.291, 5575438635268, vstest.console.dll, MetadataReaderExtensionsHelper: Discovering extensions inside assembly 'Microsoft.TestPlatform.Extensions.BlameDataCollector, Version=15.0.0.0, Culture=neutral, PublicKeyToken=b03f5f7f11d50a3a' file path 'C:\Program Files\dotnet\sdk\6.0.402\Extensions\Microsoft.TestPlatform.Extensions.BlameDataCollector.dll'
TpTrace Information: 0 : 17100, 1, 2022/11/22, 07:26:28.294, 5575438665781, vstest.console.dll, AssemblyResolver.OnResolve: Microsoft.TestPlatform.Extensions.EventLogCollector: Resolving assembly.
TpTrace Information: 0 : 17100, 1, 2022/11/22, 07:26:28.294, 5575438669173, vstest.console.dll, AssemblyResolver.OnResolve: Microsoft.TestPlatform.Extensions.EventLogCollector: Searching in: 'C:\Program Files\dotnet\sdk\6.0.402\Extensions'.
TpTrace Information: 0 : 17100, 1, 2022/11/22, 07:26:28.295, 5575438675995, vstest.console.dll, AssemblyResolver.OnResolve: Microsoft.TestPlatform.Extensions.EventLogCollector: Loading assembly 'C:\Program Files\dotnet\sdk\6.0.402\Extensions\Microsoft.TestPlatform.Extensions.EventLogCollector.dll'.
TpTrace Information: 0 : 17100, 1, 2022/11/22, 07:26:28.296, 5575438683303, vstest.console.dll, AssemblyResolver.OnResolve: Resolved assembly: Microsoft.TestPlatform.Extensions.EventLogCollector, from path: C:\Program Files\dotnet\sdk\6.0.402\Extensions\Microsoft.TestPlatform.Extensions.EventLogCollector.dll
TpTrace Verbose: 0 : 17100, 1, 2022/11/22, 07:26:28.296, 5575438685042, vstest.console.dll, MetadataReaderExtensionsHelper: Discovering extensions inside assembly 'Microsoft.TestPlatform.Extensions.EventLogCollector, Version=15.0.0.0, Culture=neutral, PublicKeyToken=b03f5f7f11d50a3a' file path 'C:\Program Files\dotnet\sdk\6.0.402\Extensions\Microsoft.TestPlatform.Extensions.EventLogCollector.dll'
TpTrace Information: 0 : 17100, 1, 2022/11/22, 07:26:28.300, 5575438727379, vstest.console.dll, AssemblyResolver.OnResolve: Microsoft.TestPlatform.TestHostRuntimeProvider: Resolving assembly.
TpTrace Information: 0 : 17100, 1, 2022/11/22, 07:26:28.300, 5575438729423, vstest.console.dll, AssemblyResolver.OnResolve: Microsoft.TestPlatform.TestHostRuntimeProvider: Searching in: 'C:\Program Files\dotnet\sdk\6.0.402\Extensions'.
TpTrace Information: 0 : 17100, 1, 2022/11/22, 07:26:28.301, 5575438739381, vstest.console.dll, AssemblyResolver.OnResolve: Microsoft.TestPlatform.TestHostRuntimeProvider: Loading assembly 'C:\Program Files\dotnet\sdk\6.0.402\Extensions\Microsoft.TestPlatform.TestHostRuntimeProvider.dll'.
TpTrace Information: 0 : 17100, 1, 2022/11/22, 07:26:28.303, 5575438756116, vstest.console.dll, AssemblyResolver.OnResolve: Resolved assembly: Microsoft.TestPlatform.TestHostRuntimeProvider, from path: C:\Program Files\dotnet\sdk\6.0.402\Extensions\Microsoft.TestPlatform.TestHostRuntimeProvider.dll
TpTrace Verbose: 0 : 17100, 1, 2022/11/22, 07:26:28.303, 5575438758225, vstest.console.dll, MetadataReaderExtensionsHelper: Discovering extensions inside assembly 'Microsoft.TestPlatform.TestHostRuntimeProvider, Version=15.0.0.0, Culture=neutral, PublicKeyToken=b03f5f7f11d50a3a' file path 'C:\Program Files\dotnet\sdk\6.0.402\Extensions\Microsoft.TestPlatform.TestHostRuntimeProvider.dll'
TpTrace Information: 0 : 17100, 1, 2022/11/22, 07:26:28.307, 5575438796083, vstest.console.dll, GetTestExtensionFromType: Register extension with identifier data 'HostProvider://DefaultTestHost' and type 'Microsoft.VisualStudio.TestPlatform.CrossPlatEngine.Hosting.DefaultTestHostManager, Microsoft.TestPlatform.TestHostRuntimeProvider, Version=15.0.0.0, Culture=neutral, PublicKeyToken=b03f5f7f11d50a3a' inside file 'C:\Program Files\dotnet\sdk\6.0.402\Extensions\Microsoft.TestPlatform.TestHostRuntimeProvider.dll'
TpTrace Information: 0 : 17100, 1, 2022/11/22, 07:26:28.307, 5575438798160, vstest.console.dll, GetTestExtensionFromType: Register extension with identifier data 'HostProvider://DotnetTestHost' and type 'Microsoft.VisualStudio.TestPlatform.CrossPlatEngine.Hosting.DotnetTestHostManager, Microsoft.TestPlatform.TestHostRuntimeProvider, Version=15.0.0.0, Culture=neutral, PublicKeyToken=b03f5f7f11d50a3a' inside file 'C:\Program Files\dotnet\sdk\6.0.402\Extensions\Microsoft.TestPlatform.TestHostRuntimeProvider.dll'
TpTrace Information: 0 : 17100, 1, 2022/11/22, 07:26:28.308, 5575438799826, vstest.console.dll, AssemblyResolver.OnResolve: Microsoft.VisualStudio.TestPlatform.Extensions.Html.TestLogger: Resolving assembly.
TpTrace Information: 0 : 17100, 1, 2022/11/22, 07:26:28.308, 5575438800579, vstest.console.dll, AssemblyResolver.OnResolve: Microsoft.VisualStudio.TestPlatform.Extensions.Html.TestLogger: Searching in: 'C:\Program Files\dotnet\sdk\6.0.402\Extensions'.
TpTrace Information: 0 : 17100, 1, 2022/11/22, 07:26:28.309, 5575438810248, vstest.console.dll, AssemblyResolver.OnResolve: Microsoft.VisualStudio.TestPlatform.Extensions.Html.TestLogger: Loading assembly 'C:\Program Files\dotnet\sdk\6.0.402\Extensions\Microsoft.VisualStudio.TestPlatform.Extensions.Html.TestLogger.dll'.
TpTrace Information: 0 : 17100, 1, 2022/11/22, 07:26:28.309, 5575438819115, vstest.console.dll, AssemblyResolver.OnResolve: Resolved assembly: Microsoft.VisualStudio.TestPlatform.Extensions.Html.TestLogger, from path: C:\Program Files\dotnet\sdk\6.0.402\Extensions\Microsoft.VisualStudio.TestPlatform.Extensions.Html.TestLogger.dll
TpTrace Verbose: 0 : 17100, 1, 2022/11/22, 07:26:28.310, 5575438820557, vstest.console.dll, MetadataReaderExtensionsHelper: Discovering extensions inside assembly 'Microsoft.VisualStudio.TestPlatform.Extensions.Html.TestLogger, Version=15.0.0.0, Culture=neutral, PublicKeyToken=b03f5f7f11d50a3a' file path 'C:\Program Files\dotnet\sdk\6.0.402\Extensions\Microsoft.VisualStudio.TestPlatform.Extensions.Html.TestLogger.dll'
TpTrace Information: 0 : 17100, 1, 2022/11/22, 07:26:28.311, 5575438831690, vstest.console.dll, AssemblyResolver.OnResolve: Microsoft.VisualStudio.TestPlatform.Extensions.Trx.TestLogger: Resolving assembly.
TpTrace Information: 0 : 17100, 1, 2022/11/22, 07:26:28.311, 5575438832751, vstest.console.dll, AssemblyResolver.OnResolve: Microsoft.VisualStudio.TestPlatform.Extensions.Trx.TestLogger: Searching in: 'C:\Program Files\dotnet\sdk\6.0.402\Extensions'.
TpTrace Information: 0 : 17100, 1, 2022/11/22, 07:26:28.312, 5575438844913, vstest.console.dll, AssemblyResolver.OnResolve: Microsoft.VisualStudio.TestPlatform.Extensions.Trx.TestLogger: Loading assembly 'C:\Program Files\dotnet\sdk\6.0.402\Extensions\Microsoft.VisualStudio.TestPlatform.Extensions.Trx.TestLogger.dll'.
TpTrace Information: 0 : 17100, 1, 2022/11/22, 07:26:28.314, 5575438859973, vstest.console.dll, AssemblyResolver.OnResolve: Resolved assembly: Microsoft.VisualStudio.TestPlatform.Extensions.Trx.TestLogger, from path: C:\Program Files\dotnet\sdk\6.0.402\Extensions\Microsoft.VisualStudio.TestPlatform.Extensions.Trx.TestLogger.dll
TpTrace Verbose: 0 : 17100, 1, 2022/11/22, 07:26:28.314, 5575438861423, vstest.console.dll, MetadataReaderExtensionsHelper: Discovering extensions inside assembly 'Microsoft.VisualStudio.TestPlatform.Extensions.Trx.TestLogger, Version=15.0.0.0, Culture=neutral, PublicKeyToken=b03f5f7f11d50a3a' file path 'C:\Program Files\dotnet\sdk\6.0.402\Extensions\Microsoft.VisualStudio.TestPlatform.Extensions.Trx.TestLogger.dll'
TpTrace Verbose: 0 : 17100, 1, 2022/11/22, 07:26:28.316, 5575438880638, vstest.console.dll, TestPluginCache: Discovered the extensions using extension path ''.
TpTrace Verbose: 0 : 17100, 1, 2022/11/22, 07:26:28.316, 5575438882038, vstest.console.dll, TestPluginCache: Discoverers are ''.
TpTrace Verbose: 0 : 17100, 1, 2022/11/22, 07:26:28.316, 5575438882553, vstest.console.dll, TestPluginCache: Executors are ''.
TpTrace Verbose: 0 : 17100, 1, 2022/11/22, 07:26:28.316, 5575438882993, vstest.console.dll, TestPluginCache: Executors2 are ''.
TpTrace Verbose: 0 : 17100, 1, 2022/11/22, 07:26:28.316, 5575438883417, vstest.console.dll, TestPluginCache: Setting providers are ''.
TpTrace Verbose: 0 : 17100, 1, 2022/11/22, 07:26:28.316, 5575438884161, vstest.console.dll, TestPluginCache: Loggers are ''.
TpTrace Verbose: 0 : 17100, 1, 2022/11/22, 07:26:28.316, 5575438887849, vstest.console.dll, TestPluginCache: TestHosts are 'HostProvider://DefaultTestHost,HostProvider://DotnetTestHost'.
TpTrace Verbose: 0 : 17100, 1, 2022/11/22, 07:26:28.316, 5575438888628, vstest.console.dll, TestPluginCache: DataCollectors are ''.
TpTrace Information: 0 : 17100, 1, 2022/11/22, 07:26:28.341, 5575439131488, vstest.console.dll, RunTestsArgumentProcessor:Execute: Test run is starting.
TpTrace Verbose: 0 : 17100, 1, 2022/11/22, 07:26:28.341, 5575439133206, vstest.console.dll, RunTestsArgumentProcessor:Execute: Queuing Test run.
TpTrace Information: 0 : 17100, 1, 2022/11/22, 07:26:28.342, 5575439143401, vstest.console.dll, TestRequestManager.RunTests: run tests started.
TpTrace Information: 0 : 17100, 1, 2022/11/22, 07:26:28.345, 5575439175413, vstest.console.dll, AssemblyMetadataProvider.GetFrameworkName: Determined framework:'.NETCoreApp,Version=v6.0' for source: 'C:\Users\user\source\repos\WebDotnetLab1-2\LinkedList.Tests\bin\Release\net6.0\fine-code-coverage\build-output\LinkedList.Tests.dll'
TpTrace Information: 0 : 17100, 1, 2022/11/22, 07:26:28.346, 5575439179929, vstest.console.dll, Determined framework for all sources: .NETCoreApp,Version=v6.0
TpTrace Verbose: 0 : 17100, 1, 2022/11/22, 07:26:28.347, 5575439194823, vstest.console.dll, TestRequestManager.UpdateRunSettingsIfRequired: Default architecture: X64 IsDefaultTargetArchitecture: True, Current process architecture: X64 OperatingSystem: Windows.
TpTrace Information: 0 : 17100, 1, 2022/11/22, 07:26:28.354, 5575439268763, vstest.console.dll, AssemblyMetadataProvider.GetArchitecture: Determined architecture:AnyCPU info for assembly: C:\Users\user\source\repos\WebDotnetLab1-2\LinkedList.Tests\bin\Release\net6.0\fine-code-coverage\build-output\LinkedList.Tests.dll
TpTrace Information: 0 : 17100, 1, 2022/11/22, 07:26:28.355, 5575439270818, vstest.console.dll, Determined platform for source 'C:\Users\user\source\repos\WebDotnetLab1-2\LinkedList.Tests\bin\Release\net6.0\fine-code-coverage\build-output\LinkedList.Tests.dll' was AnyCPU and it will use the default plaform X64.
TpTrace Information: 0 : 17100, 1, 2022/11/22, 07:26:28.355, 5575439271803, vstest.console.dll, None of the sources provided any runnable platform, using the default platform: X64
TpTrace Information: 0 : 17100, 1, 2022/11/22, 07:26:28.355, 5575439274343, vstest.console.dll, Platform was updated to 'X64'.
TpTrace Information: 0 : 17100, 1, 2022/11/22, 07:26:28.371, 5575439434425, vstest.console.dll, InferRunSettingsHelper.IsTestSettingsEnabled: Unable to navigate to RunSettings/MSTest. Current node: RunSettings
TpTrace Information: 0 : 17100, 1, 2022/11/22, 07:26:28.374, 5575439463461, vstest.console.dll, AssemblyResolver.OnResolve: Microsoft.VisualStudio.TestPlatform.Fakes: Resolving assembly.
TpTrace Information: 0 : 17100, 1, 2022/11/22, 07:26:28.374, 5575439465792, vstest.console.dll, AssemblyResolver.OnResolve: Microsoft.VisualStudio.TestPlatform.Fakes: Searching in: 'C:\Program Files\dotnet\sdk\6.0.402\Extensions'.
TpTrace Information: 0 : 17100, 1, 2022/11/22, 07:26:28.374, 5575439468781, vstest.console.dll, AssemblyResolver.OnResolve: Microsoft.VisualStudio.TestPlatform.Fakes: Assembly path does not exist: 'C:\Program Files\dotnet\sdk\6.0.402\Extensions\Microsoft.VisualStudio.TestPlatform.Fakes.dll', returning.
TpTrace Information: 0 : 17100, 1, 2022/11/22, 07:26:28.375, 5575439471130, vstest.console.dll, AssemblyResolver.OnResolve: Microsoft.VisualStudio.TestPlatform.Fakes: Assembly path does not exist: 'C:\Program Files\dotnet\sdk\6.0.402\Extensions\Microsoft.VisualStudio.TestPlatform.Fakes.exe', returning.
TpTrace Information: 0 : 17100, 1, 2022/11/22, 07:26:28.375, 5575439472249, vstest.console.dll, AssemblyResolver.OnResolve: Microsoft.VisualStudio.TestPlatform.Fakes: Searching in: 'C:\Program Files\dotnet\sdk\6.0.402'.
TpTrace Information: 0 : 17100, 1, 2022/11/22, 07:26:28.375, 5575439474512, vstest.console.dll, AssemblyResolver.OnResolve: Microsoft.VisualStudio.TestPlatform.Fakes: Assembly path does not exist: 'C:\Program Files\dotnet\sdk\6.0.402\Microsoft.VisualStudio.TestPlatform.Fakes.dll', returning.
TpTrace Information: 0 : 17100, 1, 2022/11/22, 07:26:28.375, 5575439477520, vstest.console.dll, AssemblyResolver.OnResolve: Microsoft.VisualStudio.TestPlatform.Fakes: Assembly path does not exist: 'C:\Program Files\dotnet\sdk\6.0.402\Microsoft.VisualStudio.TestPlatform.Fakes.exe', returning.
TpTrace Information: 0 : 17100, 1, 2022/11/22, 07:26:28.375, 5575439478827, vstest.console.dll, AssemblyResolver.OnResolve: Microsoft.VisualStudio.TestPlatform.Fakes: Failed to load assembly.
TpTrace Information: 0 : 17100, 1, 2022/11/22, 07:26:28.376, 5575439488366, vstest.console.dll, Failed to load assembly Microsoft.VisualStudio.TestPlatform.Fakes, Version=17.0.0.0, Culture=neutral. Reason:System.IO.FileNotFoundException: Could not load file or assembly 'Microsoft.VisualStudio.TestPlatform.Fakes, Version=17.0.0.0, Culture=neutral, PublicKeyToken=null'. Не удается найти указанный файл.
File name: 'Microsoft.VisualStudio.TestPlatform.Fakes, Version=17.0.0.0, Culture=neutral, PublicKeyToken=null'
   at System.Reflection.RuntimeAssembly.InternalLoad(ObjectHandleOnStack assemblyName, ObjectHandleOnStack requestingAssembly, StackCrawlMarkHandle stackMark, Boolean throwOnFileNotFound, ObjectHandleOnStack assemblyLoadContext, ObjectHandleOnStack retAssembly)
   at System.Reflection.RuntimeAssembly.InternalLoad(AssemblyName assemblyName, RuntimeAssembly requestingAssembly, StackCrawlMark& stackMark, Boolean throwOnFileNotFound, AssemblyLoadContext assemblyLoadContext)
   at System.Reflection.Assembly.Load(AssemblyName assemblyRef)
   at Microsoft.VisualStudio.TestPlatform.Common.Utilities.FakesUtilities.LoadTestPlatformAssembly()
TpTrace Verbose: 0 : 17100, 1, 2022/11/22, 07:26:28.388, 5575439602384, vstest.console.dll, TestPluginCache.DiscoverTestExtensions: finding test extensions in assemblies ends with: TestLogger.dll TPluginInfo: Microsoft.VisualStudio.TestPlatform.Common.ExtensionFramework.Utilities.TestLoggerPluginInformation TExtension: Microsoft.VisualStudio.TestPlatform.ObjectModel.Client.ITestLogger
TpTrace Verbose: 0 : 17100, 1, 2022/11/22, 07:26:28.388, 5575439604523, vstest.console.dll, TestPluginCache.GetExtensionPaths: Filtered extension paths: 
TpTrace Verbose: 0 : 17100, 1, 2022/11/22, 07:26:28.388, 5575439605212, vstest.console.dll, TestPluginCache.GetExtensionPaths: Added default extension paths: C:\Program Files\dotnet\sdk\6.0.402\Extensions\Microsoft.Diagnostics.NETCore.Client.dll
C:\Program Files\dotnet\sdk\6.0.402\Extensions\Microsoft.TestPlatform.Extensions.BlameDataCollector.dll
C:\Program Files\dotnet\sdk\6.0.402\Extensions\Microsoft.TestPlatform.Extensions.EventLogCollector.dll
C:\Program Files\dotnet\sdk\6.0.402\Extensions\Microsoft.TestPlatform.TestHostRuntimeProvider.dll
C:\Program Files\dotnet\sdk\6.0.402\Extensions\Microsoft.VisualStudio.TestPlatform.Extensions.Html.TestLogger.dll
C:\Program Files\dotnet\sdk\6.0.402\Extensions\Microsoft.VisualStudio.TestPlatform.Extensions.Trx.TestLogger.dll
TpTrace Verbose: 0 : 17100, 1, 2022/11/22, 07:26:28.388, 5575439606132, vstest.console.dll, TestPluginCache.GetExtensionPaths: Added unfilterableExtensionPaths: 
TpTrace Information: 0 : 17100, 1, 2022/11/22, 07:26:28.389, 5575439610213, vstest.console.dll, AssemblyResolver.AddSearchDirectories: Adding more searchDirectories C:\Program Files\dotnet\sdk\6.0.402\Extensions,C:\Program Files\dotnet\sdk\6.0.402
TpTrace Verbose: 0 : 17100, 1, 2022/11/22, 07:26:28.389, 5575439611957, vstest.console.dll, TestPluginCache.DiscoverTestExtensions: Discovering the extensions using extension path.
TpTrace Verbose: 0 : 17100, 1, 2022/11/22, 07:26:28.389, 5575439613226, vstest.console.dll, TestPluginCache.GetExtensionPaths: Filtered extension paths: 
TpTrace Verbose: 0 : 17100, 1, 2022/11/22, 07:26:28.389, 5575439614016, vstest.console.dll, TestPluginCache.GetExtensionPaths: Added default extension paths: C:\Program Files\dotnet\sdk\6.0.402\Extensions\Microsoft.Diagnostics.NETCore.Client.dll
C:\Program Files\dotnet\sdk\6.0.402\Extensions\Microsoft.TestPlatform.Extensions.BlameDataCollector.dll
C:\Program Files\dotnet\sdk\6.0.402\Extensions\Microsoft.TestPlatform.Extensions.EventLogCollector.dll
C:\Program Files\dotnet\sdk\6.0.402\Extensions\Microsoft.TestPlatform.TestHostRuntimeProvider.dll
C:\Program Files\dotnet\sdk\6.0.402\Extensions\Microsoft.VisualStudio.TestPlatform.Extensions.Html.TestLogger.dll
C:\Program Files\dotnet\sdk\6.0.402\Extensions\Microsoft.VisualStudio.TestPlatform.Extensions.Trx.TestLogger.dll
TpTrace Verbose: 0 : 17100, 1, 2022/11/22, 07:26:28.389, 5575439615105, vstest.console.dll, TestPluginCache.GetExtensionPaths: Added unfilterableExtensionPaths: 
TpTrace Verbose: 0 : 17100, 1, 2022/11/22, 07:26:28.389, 5575439616123, vstest.console.dll, TestPluginCache.DiscoverTestExtensions: Discovering the extensions using allExtensionPaths: C:\Program Files\dotnet\sdk\6.0.402\Extensions\Microsoft.Diagnostics.NETCore.Client.dll
C:\Program Files\dotnet\sdk\6.0.402\Extensions\Microsoft.TestPlatform.Extensions.BlameDataCollector.dll
C:\Program Files\dotnet\sdk\6.0.402\Extensions\Microsoft.TestPlatform.Extensions.EventLogCollector.dll
C:\Program Files\dotnet\sdk\6.0.402\Extensions\Microsoft.TestPlatform.TestHostRuntimeProvider.dll
C:\Program Files\dotnet\sdk\6.0.402\Extensions\Microsoft.VisualStudio.TestPlatform.Extensions.Html.TestLogger.dll
C:\Program Files\dotnet\sdk\6.0.402\Extensions\Microsoft.VisualStudio.TestPlatform.Extensions.Trx.TestLogger.dll
TpTrace Information: 0 : 17100, 1, 2022/11/22, 07:26:28.389, 5575439618386, vstest.console.dll, AssemblyResolver.AddSearchDirectories: Adding more searchDirectories C:\Program Files\dotnet\sdk\6.0.402\Extensions,C:\Program Files\dotnet\sdk\6.0.402
TpTrace Information: 0 : 17100, 1, 2022/11/22, 07:26:28.390, 5575439620420, vstest.console.dll, AssemblyResolver.AddSearchDirectories: Adding more searchDirectories C:\Program Files\dotnet\sdk\6.0.402\Extensions,C:\Program Files\dotnet\sdk\6.0.402
TpTrace Information: 0 : 17100, 1, 2022/11/22, 07:26:28.390, 5575439621455, vstest.console.dll, AssemblyResolver.AddSearchDirectories: Adding more searchDirectories C:\Program Files\dotnet\sdk\6.0.402\Extensions,C:\Program Files\dotnet\sdk\6.0.402
TpTrace Information: 0 : 17100, 1, 2022/11/22, 07:26:28.390, 5575439622436, vstest.console.dll, AssemblyResolver.AddSearchDirectories: Adding more searchDirectories C:\Program Files\dotnet\sdk\6.0.402\Extensions,C:\Program Files\dotnet\sdk\6.0.402
TpTrace Information: 0 : 17100, 1, 2022/11/22, 07:26:28.390, 5575439623433, vstest.console.dll, AssemblyResolver.AddSearchDirectories: Adding more searchDirectories C:\Program Files\dotnet\sdk\6.0.402\Extensions,C:\Program Files\dotnet\sdk\6.0.402
TpTrace Information: 0 : 17100, 1, 2022/11/22, 07:26:28.390, 5575439624230, vstest.console.dll, AssemblyResolver.AddSearchDirectories: Adding more searchDirectories C:\Program Files\dotnet\sdk\6.0.402\Extensions,C:\Program Files\dotnet\sdk\6.0.402
TpTrace Verbose: 0 : 17100, 1, 2022/11/22, 07:26:28.390, 5575439629108, vstest.console.dll, MetadataReaderExtensionsHelper: Discovering extensions inside assembly 'Microsoft.Diagnostics.NETCore.Client, Version=0.2.5.801, Culture=neutral, PublicKeyToken=31bf3856ad364e35' file path 'C:\Program Files\dotnet\sdk\6.0.402\Extensions\Microsoft.Diagnostics.NETCore.Client.dll'
TpTrace Information: 0 : 17100, 1, 2022/11/22, 07:26:28.392, 5575439642908, vstest.console.dll, AssemblyResolver.OnResolve: Microsoft.Bcl.AsyncInterfaces: Resolving assembly.
TpTrace Information: 0 : 17100, 1, 2022/11/22, 07:26:28.392, 5575439644898, vstest.console.dll, AssemblyResolver.OnResolve: Microsoft.Bcl.AsyncInterfaces: Resolved from cache.
TpTrace Verbose: 0 : 17100, 1, 2022/11/22, 07:26:28.392, 5575439645978, vstest.console.dll, CurrentDomainAssemblyResolve: Resolving assembly 'Microsoft.Bcl.AsyncInterfaces'.
TpTrace Information: 0 : 17100, 1, 2022/11/22, 07:26:28.392, 5575439647982, vstest.console.dll, AssemblyResolver.OnResolve: Microsoft.Bcl.AsyncInterfaces: Resolving assembly.
TpTrace Information: 0 : 17100, 1, 2022/11/22, 07:26:28.392, 5575439648906, vstest.console.dll, AssemblyResolver.OnResolve: Microsoft.Bcl.AsyncInterfaces: Resolved from cache.
TpTrace Verbose: 0 : 17100, 1, 2022/11/22, 07:26:28.393, 5575439649882, vstest.console.dll, CurrentDomainAssemblyResolve: Resolving assembly 'Microsoft.Bcl.AsyncInterfaces'.
TpTrace Verbose: 0 : 17100, 1, 2022/11/22, 07:26:28.393, 5575439650636, vstest.console.dll, CurrentDomainAssemblyResolve: Failed to resolve assembly 'Microsoft.Bcl.AsyncInterfaces'.
TpTrace Verbose: 0 : 17100, 1, 2022/11/22, 07:26:28.393, 5575439654743, vstest.console.dll, CurrentDomainAssemblyResolve: Failed to resolve assembly 'Microsoft.Bcl.AsyncInterfaces'.
TpTrace Warning: 0 : 17100, 1, 2022/11/22, 07:26:28.394, 5575439668896, vstest.console.dll, TestPluginDiscoverer: Failed to get types from assembly 'Microsoft.Diagnostics.NETCore.Client, Version=0.2.5.801, Culture=neutral, PublicKeyToken=31bf3856ad364e35'. Error: System.Reflection.ReflectionTypeLoadException: Unable to load one or more of the requested types.
Could not load file or assembly 'Microsoft.Bcl.AsyncInterfaces, Version=1.0.0.0, Culture=neutral, PublicKeyToken=cc7b13ffcd2ddd51'. Не удается найти указанный файл.
   at System.Reflection.RuntimeModule.GetTypes(RuntimeModule module)
   at System.Reflection.Assembly.GetTypes()
   at Microsoft.VisualStudio.TestPlatform.Common.ExtensionFramework.TestPluginDiscoverer.GetTestExtensionsFromAssembly[TPluginInfo,TExtension](Assembly assembly, Dictionary`2 pluginInfos, String filePath)
System.IO.FileNotFoundException: Could not load file or assembly 'Microsoft.Bcl.AsyncInterfaces, Version=1.0.0.0, Culture=neutral, PublicKeyToken=cc7b13ffcd2ddd51'. Не удается найти указанный файл.
File name: 'Microsoft.Bcl.AsyncInterfaces, Version=1.0.0.0, Culture=neutral, PublicKeyToken=cc7b13ffcd2ddd51'
 ---> System.IO.FileNotFoundException: Could not load file or assembly 'Microsoft.Bcl.AsyncInterfaces, Culture=neutral, PublicKeyToken=null'. Не удается найти указанный файл.
File name: 'Microsoft.Bcl.AsyncInterfaces, Culture=neutral, PublicKeyToken=null'
   at System.Reflection.RuntimeAssembly.InternalLoad(ObjectHandleOnStack assemblyName, ObjectHandleOnStack requestingAssembly, StackCrawlMarkHandle stackMark, Boolean throwOnFileNotFound, ObjectHandleOnStack assemblyLoadContext, ObjectHandleOnStack retAssembly)
   at System.Reflection.RuntimeAssembly.InternalLoad(AssemblyName assemblyName, RuntimeAssembly requestingAssembly, StackCrawlMark& stackMark, Boolean throwOnFileNotFound, AssemblyLoadContext assemblyLoadContext)
   at System.Reflection.Assembly.Load(AssemblyName assemblyRef)
   at Microsoft.VisualStudio.TestPlatform.Common.ExtensionFramework.TestPluginCache.CurrentDomainAssemblyResolve(Object sender, AssemblyResolveEventArgs args)
   at Microsoft.VisualStudio.TestPlatform.PlatformAbstractions.PlatformAssemblyResolver.AssemblyResolverEvent(Object sender, Object eventArgs)
   at System.Runtime.Loader.AssemblyLoadContext.GetFirstResolvedAssemblyFromResolvingEvent(AssemblyName assemblyName)
   at System.Runtime.Loader.AssemblyLoadContext.ResolveUsingEvent(AssemblyName assemblyName)
   at System.Runtime.Loader.AssemblyLoadContext.ResolveUsingResolvingEvent(IntPtr gchManagedAssemblyLoadContext, AssemblyName assemblyName)
TpTrace Warning: 0 : 17100, 1, 2022/11/22, 07:26:28.395, 5575439676906, vstest.console.dll, LoaderExceptions: System.IO.FileNotFoundException: Could not load file or assembly 'Microsoft.Bcl.AsyncInterfaces, Version=1.0.0.0, Culture=neutral, PublicKeyToken=cc7b13ffcd2ddd51'. Не удается найти указанный файл.
File name: 'Microsoft.Bcl.AsyncInterfaces, Version=1.0.0.0, Culture=neutral, PublicKeyToken=cc7b13ffcd2ddd51'
 ---> System.IO.FileNotFoundException: Could not load file or assembly 'Microsoft.Bcl.AsyncInterfaces, Culture=neutral, PublicKeyToken=null'. Не удается найти указанный файл.
File name: 'Microsoft.Bcl.AsyncInterfaces, Culture=neutral, PublicKeyToken=null'
   at System.Reflection.RuntimeAssembly.InternalLoad(ObjectHandleOnStack assemblyName, ObjectHandleOnStack requestingAssembly, StackCrawlMarkHandle stackMark, Boolean throwOnFileNotFound, ObjectHandleOnStack assemblyLoadContext, ObjectHandleOnStack retAssembly)
   at System.Reflection.RuntimeAssembly.InternalLoad(AssemblyName assemblyName, RuntimeAssembly requestingAssembly, StackCrawlMark& stackMark, Boolean throwOnFileNotFound, AssemblyLoadContext assemblyLoadContext)
   at System.Reflection.Assembly.Load(AssemblyName assemblyRef)
   at Microsoft.VisualStudio.TestPlatform.Common.ExtensionFramework.TestPluginCache.CurrentDomainAssemblyResolve(Object sender, AssemblyResolveEventArgs args)
   at Microsoft.VisualStudio.TestPlatform.PlatformAbstractions.PlatformAssemblyResolver.AssemblyResolverEvent(Object sender, Object eventArgs)
   at System.Runtime.Loader.AssemblyLoadContext.GetFirstResolvedAssemblyFromResolvingEvent(AssemblyName assemblyName)
   at System.Runtime.Loader.AssemblyLoadContext.ResolveUsingEvent(AssemblyName assemblyName)
   at System.Runtime.Loader.AssemblyLoadContext.ResolveUsingResolvingEvent(IntPtr gchManagedAssemblyLoadContext, AssemblyName assemblyName)
TpTrace Verbose: 0 : 17100, 1, 2022/11/22, 07:26:28.396, 5575439680610, vstest.console.dll, MetadataReaderExtensionsHelper: Discovering extensions inside assembly 'Microsoft.TestPlatform.Extensions.BlameDataCollector, Version=15.0.0.0, Culture=neutral, PublicKeyToken=b03f5f7f11d50a3a' file path 'C:\Program Files\dotnet\sdk\6.0.402\Extensions\Microsoft.TestPlatform.Extensions.BlameDataCollector.dll'
TpTrace Information: 0 : 17100, 1, 2022/11/22, 07:26:28.397, 5575439691952, vstest.console.dll, GetTestExtensionFromType: Register extension with identifier data 'logger://Microsoft/TestPlatform/Extensions/Blame/v1' and type 'Microsoft.TestPlatform.Extensions.BlameDataCollector.BlameLogger, Microsoft.TestPlatform.Extensions.BlameDataCollector, Version=15.0.0.0, Culture=neutral, PublicKeyToken=b03f5f7f11d50a3a' inside file 'C:\Program Files\dotnet\sdk\6.0.402\Extensions\Microsoft.TestPlatform.Extensions.BlameDataCollector.dll'
TpTrace Verbose: 0 : 17100, 1, 2022/11/22, 07:26:28.397, 5575439694310, vstest.console.dll, MetadataReaderExtensionsHelper: Discovering extensions inside assembly 'Microsoft.TestPlatform.Extensions.EventLogCollector, Version=15.0.0.0, Culture=neutral, PublicKeyToken=b03f5f7f11d50a3a' file path 'C:\Program Files\dotnet\sdk\6.0.402\Extensions\Microsoft.TestPlatform.Extensions.EventLogCollector.dll'
TpTrace Verbose: 0 : 17100, 1, 2022/11/22, 07:26:28.398, 5575439703168, vstest.console.dll, MetadataReaderExtensionsHelper: Discovering extensions inside assembly 'Microsoft.TestPlatform.TestHostRuntimeProvider, Version=15.0.0.0, Culture=neutral, PublicKeyToken=b03f5f7f11d50a3a' file path 'C:\Program Files\dotnet\sdk\6.0.402\Extensions\Microsoft.TestPlatform.TestHostRuntimeProvider.dll'
TpTrace Verbose: 0 : 17100, 1, 2022/11/22, 07:26:28.399, 5575439712298, vstest.console.dll, MetadataReaderExtensionsHelper: Discovering extensions inside assembly 'Microsoft.VisualStudio.TestPlatform.Extensions.Html.TestLogger, Version=15.0.0.0, Culture=neutral, PublicKeyToken=b03f5f7f11d50a3a' file path 'C:\Program Files\dotnet\sdk\6.0.402\Extensions\Microsoft.VisualStudio.TestPlatform.Extensions.Html.TestLogger.dll'
TpTrace Information: 0 : 17100, 1, 2022/11/22, 07:26:28.400, 5575439725048, vstest.console.dll, GetTestExtensionFromType: Register extension with identifier data 'logger://Microsoft/TestPlatform/HtmlLogger/v1' and type 'Microsoft.VisualStudio.TestPlatform.Extensions.HtmlLogger.HtmlLogger, Microsoft.VisualStudio.TestPlatform.Extensions.Html.TestLogger, Version=15.0.0.0, Culture=neutral, PublicKeyToken=b03f5f7f11d50a3a' inside file 'C:\Program Files\dotnet\sdk\6.0.402\Extensions\Microsoft.VisualStudio.TestPlatform.Extensions.Html.TestLogger.dll'
TpTrace Verbose: 0 : 17100, 1, 2022/11/22, 07:26:28.400, 5575439728486, vstest.console.dll, MetadataReaderExtensionsHelper: Discovering extensions inside assembly 'Microsoft.VisualStudio.TestPlatform.Extensions.Trx.TestLogger, Version=15.0.0.0, Culture=neutral, PublicKeyToken=b03f5f7f11d50a3a' file path 'C:\Program Files\dotnet\sdk\6.0.402\Extensions\Microsoft.VisualStudio.TestPlatform.Extensions.Trx.TestLogger.dll'
TpTrace Information: 0 : 17100, 1, 2022/11/22, 07:26:28.402, 5575439744256, vstest.console.dll, GetTestExtensionFromType: Register extension with identifier data 'logger://Microsoft/TestPlatform/TrxLogger/v1' and type 'Microsoft.VisualStudio.TestPlatform.Extensions.TrxLogger.TrxLogger, Microsoft.VisualStudio.TestPlatform.Extensions.Trx.TestLogger, Version=15.0.0.0, Culture=neutral, PublicKeyToken=b03f5f7f11d50a3a' inside file 'C:\Program Files\dotnet\sdk\6.0.402\Extensions\Microsoft.VisualStudio.TestPlatform.Extensions.Trx.TestLogger.dll'
TpTrace Verbose: 0 : 17100, 1, 2022/11/22, 07:26:28.403, 5575439750201, vstest.console.dll, TestPluginCache: Discovered the extensions using extension path ''.
TpTrace Verbose: 0 : 17100, 1, 2022/11/22, 07:26:28.403, 5575439751815, vstest.console.dll, TestPluginCache: Discoverers are ''.
TpTrace Verbose: 0 : 17100, 1, 2022/11/22, 07:26:28.403, 5575439752591, vstest.console.dll, TestPluginCache: Executors are ''.
TpTrace Verbose: 0 : 17100, 1, 2022/11/22, 07:26:28.403, 5575439753444, vstest.console.dll, TestPluginCache: Executors2 are ''.
TpTrace Verbose: 0 : 17100, 1, 2022/11/22, 07:26:28.403, 5575439754807, vstest.console.dll, TestPluginCache: Setting providers are ''.
TpTrace Verbose: 0 : 17100, 1, 2022/11/22, 07:26:28.403, 5575439758700, vstest.console.dll, TestPluginCache: Loggers are 'logger://Microsoft/TestPlatform/Extensions/Blame/v1,logger://Microsoft/TestPlatform/HtmlLogger/v1,logger://Microsoft/TestPlatform/TrxLogger/v1'.
TpTrace Verbose: 0 : 17100, 1, 2022/11/22, 07:26:28.404, 5575439761152, vstest.console.dll, TestPluginCache: TestHosts are 'HostProvider://DefaultTestHost,HostProvider://DotnetTestHost'.
TpTrace Verbose: 0 : 17100, 1, 2022/11/22, 07:26:28.404, 5575439762061, vstest.console.dll, TestPluginCache: DataCollectors are ''.
TpTrace Information: 0 : 17100, 1, 2022/11/22, 07:26:28.406, 5575439785443, vstest.console.dll, TestPluginManager.CreateTestExtension: Attempting to load test extension: Microsoft.TestPlatform.Extensions.BlameDataCollector.BlameLogger
TpTrace Verbose: 0 : 17100, 1, 2022/11/22, 07:26:28.425, 5575439976190, vstest.console.dll, TestEngine: Initializing Parallel Execution as MaxCpuCount is set to: 1
TpTrace Information: 0 : 17100, 1, 2022/11/22, 07:26:28.437, 5575440095653, vstest.console.dll, TestPluginManager.CreateTestExtension: Attempting to load test extension: Microsoft.VisualStudio.TestPlatform.CrossPlatEngine.Hosting.DefaultTestHostManager
TpTrace Information: 0 : 17100, 1, 2022/11/22, 07:26:28.439, 5575440114360, vstest.console.dll, TestPluginManager.CreateTestExtension: Attempting to load test extension: Microsoft.VisualStudio.TestPlatform.CrossPlatEngine.Hosting.DotnetTestHostManager
TpTrace Information: 0 : 17100, 1, 2022/11/22, 07:26:28.441, 5575440130545, vstest.console.dll, InferRunSettingsHelper.IsTestSettingsEnabled: Unable to navigate to RunSettings/MSTest. Current node: RunSettings
TpTrace Verbose: 0 : 17100, 1, 2022/11/22, 07:26:28.456, 5575440286886, vstest.console.dll, TestEngine.GetExecutionManager: Chosen execution manager 'Microsoft.VisualStudio.TestPlatform.CrossPlatEngine.Client.Parallel.ParallelProxyExecutionManager, Microsoft.TestPlatform.CrossPlatEngine, Version=15.0.0.0, Culture=neutral, PublicKeyToken=b03f5f7f11d50a3a' ParallelLevel '1'.
TpTrace Verbose: 0 : 17100, 1, 2022/11/22, 07:26:28.457, 5575440291081, vstest.console.dll, TestRunRequest.ExecuteAsync: Creating test run request.
TpTrace Verbose: 0 : 17100, 1, 2022/11/22, 07:26:28.457, 5575440297881, vstest.console.dll, TestRunRequest.ExecuteAsync: Starting.
TpTrace Information: 0 : 17100, 1, 2022/11/22, 07:26:28.458, 5575440306468, vstest.console.dll, TestRunRequest.ExecuteAsync: Starting run with settings:TestRunCriteria:
   KeepAlive=False,FrequencyOfRunStatsChangeEvent=10,RunStatsChangeEventTimeout=00:00:01.5000000,TestCaseFilter=,TestExecutorLauncher=
   Settingsxml=<RunSettings>
  <RunConfiguration>
    <ResultsDirectory>C:\Users\user\source\repos\WebDotnetLab1-2\LinkedList.Tests\bin\Release\net6.0\fine-code-coverage\coverage-tool-output</ResultsDirectory>
    <TargetPlatform>X64</TargetPlatform>
    <TargetFrameworkVersion>.NETCoreApp,Version=v6.0</TargetFrameworkVersion>
    <DesignMode>False</DesignMode>
    <CollectSourceInformation>False</CollectSourceInformation>
  </RunConfiguration>
  <LoggerRunSettings>
    <Loggers>
      <Logger friendlyName="blame" enabled="True" />
      <Logger friendlyName="Console" uri="logger://microsoft/TestPlatform/ConsoleLogger/v1" assemblyQualifiedName="Microsoft.VisualStudio.TestPlatform.CommandLine.Internal.ConsoleLogger, vstest.console, Version=15.0.0.0, Culture=neutral, PublicKeyToken=b03f5f7f11d50a3a" codeBase="C:\Program Files\dotnet\sdk\6.0.402\vstest.console.dll" enabled="True" />
    </Loggers>
  </LoggerRunSettings>
  <DataCollectionRunSettings>
    <DataCollectors>
      <DataCollector friendlyName="blame" enabled="True">
        <Configuration>
          <ResultsDirectory>C:\Users\user\source\repos\WebDotnetLab1-2\LinkedList.Tests\bin\Release\net6.0\fine-code-coverage\coverage-tool-output</ResultsDirectory>
        </Configuration>
      </DataCollector>
    </DataCollectors>
  </DataCollectionRunSettings>
</RunSettings>

TpTrace Verbose: 0 : 17100, 1, 2022/11/22, 07:26:28.458, 5575440308168, vstest.console.dll, TestRunRequest.ExecuteAsync: Wait for the first run request is over.
TpTrace Verbose: 0 : 17100, 1, 2022/11/22, 07:26:28.459, 5575440315215, vstest.console.dll, MulticastDelegateUtilities.SafeInvoke: TestRun.TestRunStart: Invoking callbacks was skipped because there are no subscribers.
TpTrace Verbose: 0 : 17100, 4, 2022/11/22, 07:26:28.460, 5575440326032, vstest.console.dll, MulticastDelegateUtilities.SafeInvoke: InternalTestLoggerEvents.SendTestRunStart: Invoking callback 1/1 for Microsoft.VisualStudio.TestPlatform.CommandLine.Internal.ConsoleLogger.TestRunStartHandler, took 1 ms.
TpTrace Verbose: 0 : 17100, 1, 2022/11/22, 07:26:28.462, 5575440341684, vstest.console.dll, ParallelProxyExecutionManager: Start execution. Total sources: 1
TpTrace Verbose: 0 : 17100, 1, 2022/11/22, 07:26:28.467, 5575440390665, vstest.console.dll, TestRequestSender is acting as server.
TpTrace Verbose: 0 : 17100, 1, 2022/11/22, 07:26:28.470, 5575440422159, vstest.console.dll, DataCollectionRequestSender.InitializeCommunication : Initialize communication. 
TpTrace Information: 0 : 17100, 1, 2022/11/22, 07:26:28.481, 5575440539405, vstest.console.dll, Listening on Endpoint : 127.0.0.1:51261
TpTrace Verbose: 0 : 17100, 1, 2022/11/22, 07:26:28.499, 5575440712217, vstest.console.dll, DotnetDataCollectionLauncher: Adding  --runtimeconfig "C:\Program Files\dotnet\sdk\6.0.402\datacollector.runtimeconfig.json" in args
TpTrace Verbose: 0 : 17100, 1, 2022/11/22, 07:26:28.499, 5575440717839, vstest.console.dll, DotnetDataCollectionLauncher: Adding  --depsfile "C:\Program Files\dotnet\sdk\6.0.402\datacollector.deps.json" in args
TpTrace Verbose: 0 : 17100, 1, 2022/11/22, 07:26:28.500, 5575440720973, vstest.console.dll, DotnetDataCollectionLauncher: Full path of dotnet.exe is C:\Program Files\dotnet\dotnet.exe
TpTrace Information: 0 : 17100, 1, 2022/11/22, 07:26:28.515, 5575440870380, vstest.console.dll, ProxyDataCollectionManager.Initialize: Launched datacollector processId: 11104 port: 51261
TpTrace Information: 0 : 17100, 1, 2022/11/22, 07:26:28.515, 5575440873402, vstest.console.dll, ProxyDataCollectionManager.Initialize: waiting for connection with timeout: 90 seconds
TpTrace Verbose: 0 : 17100, 1, 2022/11/22, 07:26:28.515, 5575440874749, vstest.console.dll, DataCollectionRequestSender.WaitForRequestHandlerConnection : Waiting for connection with timeout: 90000
TpTrace Verbose: 0 : 17100, 1, 2022/11/22, 07:26:28.803, 5575443753697, vstest.console.dll, SocketCommunicationManager.WaitForClientConnection took: 287 ms, with 90000 ms timeout, and finished with True.
TpTrace Information: 0 : 17100, 5, 2022/11/22, 07:26:28.803, 5575443753509, vstest.console.dll, Using the buffer size of 16384 bytes
TpTrace Information: 0 : 17100, 5, 2022/11/22, 07:26:28.803, 5575443756867, vstest.console.dll, Accepted Client request and set the flag
TpTrace Verbose: 0 : 17100, 1, 2022/11/22, 07:26:28.803, 5575443757177, vstest.console.dll, ProxyDataCollectionManager.InvokeDataCollectionServiceAction: Starting.
TpTrace Information: 0 : 17100, 1, 2022/11/22, 07:26:28.804, 5575443760507, vstest.console.dll, ProxyDataCollectionManager.BeforeTestRunStart: Get environment variable and port for datacollector processId: 11104 port: 51261
TpTrace Verbose: 0 : 17100, 1, 2022/11/22, 07:26:28.804, 5575443763403, vstest.console.dll, DataCollectionRequestSender.SendBeforeTestRunStartAndGetResult: Send BeforeTestRunStart message with settingsXml <RunSettings><RunConfiguration><ResultsDirectory>C:\Users\user\source\repos\WebDotnetLab1-2\LinkedList.Tests\bin\Release\net6.0\fine-code-coverage\coverage-tool-output</ResultsDirectory><TargetPlatform>X64</TargetPlatform><TargetFrameworkVersion>.NETCoreApp,Version=v6.0</TargetFrameworkVersion><DesignMode>False</DesignMode><CollectSourceInformation>False</CollectSourceInformation><TestAdaptersPaths>C:\Program Files\dotnet\sdk\6.0.402\Extensions</TestAdaptersPaths></RunConfiguration><LoggerRunSettings><Loggers><Logger friendlyName="blame" enabled="True" /><Logger friendlyName="Console" uri="logger://microsoft/TestPlatform/ConsoleLogger/v1" assemblyQualifiedName="Microsoft.VisualStudio.TestPlatform.CommandLine.Internal.ConsoleLogger, vstest.console, Version=15.0.0.0, Culture=neutral, PublicKeyToken=b03f5f7f11d50a3a" codeBase="C:\Program Files\dotnet\sdk\6.0.402\vstest.console.dll" enabled="True" /></Loggers></LoggerRunSettings><DataCollectionRunSettings><DataCollectors><DataCollector friendlyName="blame" enabled="True"><Configuration><ResultsDirectory>C:\Users\user\source\repos\WebDotnetLab1-2\LinkedList.Tests\bin\Release\net6.0\fine-code-coverage\coverage-tool-output</ResultsDirectory></Configuration></DataCollector></DataCollectors></DataCollectionRunSettings></RunSettings> and sources System.Collections.Generic.List`1[System.String]: 
TpTrace Verbose: 0 : 17100, 1, 2022/11/22, 07:26:28.932, 5575445040885, vstest.console.dll, DataCollectionRequestSender.SendBeforeTestRunStartAndGetResult: Received message: (DataCollection.SendMessage) -> {"MessageType":"DataCollection.SendMessage","Payload":{"FriendlyName":null,"Uri":null,"TestCaseId":"00000000-0000-0000-0000-000000000000","Message":"Logging DataCollector Diagnostics in file: C:\\Users\\user\\source\\repos\\WebDotnetLab1-2\\LinkedList.Tests\\bin\\Release\\net6.0\\fine-code-coverage\\coverage-tool-output\\diagnostics.datacollector.22-11-22_07-26-28_49843_1.log","Level":0}}
TpTrace Information: 0 : 17100, 1, 2022/11/22, 07:26:28.954, 5575445260940, vstest.console.dll, AssemblyResolver.OnResolve: Microsoft.VisualStudio.TestPlatform.Common.resources: Resolving assembly.
TpTrace Information: 0 : 17100, 1, 2022/11/22, 07:26:28.954, 5575445262752, vstest.console.dll, AssemblyResolver.OnResolve: Microsoft.VisualStudio.TestPlatform.Common.resources: Searching in: 'C:\Program Files\dotnet\sdk\6.0.402\Extensions'.
TpTrace Information: 0 : 17100, 1, 2022/11/22, 07:26:28.954, 5575445264262, vstest.console.dll, AssemblyResolver.OnResolve: Microsoft.VisualStudio.TestPlatform.Common.resources: Assembly path does not exist: 'C:\Program Files\dotnet\sdk\6.0.402\Extensions\Microsoft.VisualStudio.TestPlatform.Common.resources.dll', returning.
TpTrace Information: 0 : 17100, 1, 2022/11/22, 07:26:28.954, 5575445265681, vstest.console.dll, AssemblyResolver.OnResolve: Microsoft.VisualStudio.TestPlatform.Common.resources: Assembly path does not exist: 'C:\Program Files\dotnet\sdk\6.0.402\Extensions\Microsoft.VisualStudio.TestPlatform.Common.resources.exe', returning.
TpTrace Information: 0 : 17100, 1, 2022/11/22, 07:26:28.954, 5575445266470, vstest.console.dll, AssemblyResolver.OnResolve: Microsoft.VisualStudio.TestPlatform.Common.resources: Searching in: 'C:\Program Files\dotnet\sdk\6.0.402'.
TpTrace Information: 0 : 17100, 1, 2022/11/22, 07:26:28.954, 5575445267743, vstest.console.dll, AssemblyResolver.OnResolve: Microsoft.VisualStudio.TestPlatform.Common.resources: Assembly path does not exist: 'C:\Program Files\dotnet\sdk\6.0.402\Microsoft.VisualStudio.TestPlatform.Common.resources.dll', returning.
TpTrace Information: 0 : 17100, 1, 2022/11/22, 07:26:28.954, 5575445269102, vstest.console.dll, AssemblyResolver.OnResolve: Microsoft.VisualStudio.TestPlatform.Common.resources: Assembly path does not exist: 'C:\Program Files\dotnet\sdk\6.0.402\Microsoft.VisualStudio.TestPlatform.Common.resources.exe', returning.
TpTrace Information: 0 : 17100, 1, 2022/11/22, 07:26:28.955, 5575445270039, vstest.console.dll, AssemblyResolver.OnResolve: Microsoft.VisualStudio.TestPlatform.Common.resources: Failed to load assembly.
TpTrace Verbose: 0 : 17100, 1, 2022/11/22, 07:26:29.140, 5575447127284, vstest.console.dll, DataCollectionRequestSender.SendBeforeTestRunStartAndGetResult: Received message: (DataCollection.BeforeTestRunStartResult) -> {"MessageType":"DataCollection.BeforeTestRunStartResult","Payload":{"EnvironmentVariables":{},"DataCollectionEventsPort":51263}}
TpTrace Information: 0 : 17100, 1, 2022/11/22, 07:26:29.156, 5575447288477, vstest.console.dll, ProxyDataCollectionManager.BeforeTestRunStart: SendBeforeTestRunStartAndGetResult successful, env variable from datacollector:   and testhost port: 51263
TpTrace Information: 0 : 17100, 1, 2022/11/22, 07:26:29.157, 5575447292223, vstest.console.dll, ProxyDataCollectionManager.InvokeDataCollectionServiceAction: Completed.
TpTrace Verbose: 0 : 17100, 7, 2022/11/22, 07:26:29.157, 5575447296240, vstest.console.dll, ParallelProxyExecutionManager: Execution started. Started clients: 1
TpTrace Verbose: 0 : 17100, 1, 2022/11/22, 07:26:29.157, 5575447297398, vstest.console.dll, ProxyParallelExecutionManager: No sources available for execution.
TpTrace Information: 0 : 17100, 1, 2022/11/22, 07:26:29.158, 5575447300390, vstest.console.dll, TestRunRequest.ExecuteAsync: Started.
TpTrace Verbose: 0 : 17100, 1, 2022/11/22, 07:26:29.158, 5575447302602, vstest.console.dll, TestRunRequest.WaitForCompletion: Waiting with timeout -1.
TpTrace Verbose: 0 : 17100, 7, 2022/11/22, 07:26:29.158, 5575447305151, vstest.console.dll, TestRunRequest:SendTestRunMessage: Starting.
TpTrace Verbose: 0 : 17100, 4, 2022/11/22, 07:26:29.159, 5575447309917, vstest.console.dll, MulticastDelegateUtilities.SafeInvoke: InternalTestLoggerEvents.SendTestRunMessage: Invoking callback 1/1 for Microsoft.VisualStudio.TestPlatform.CommandLine.Internal.ConsoleLogger.TestMessageHandler, took 0 ms.
TpTrace Verbose: 0 : 17100, 7, 2022/11/22, 07:26:29.159, 5575447309915, vstest.console.dll, MulticastDelegateUtilities.SafeInvoke: TestRun.LogMessages: Invoking callback 1/1 for Microsoft.VisualStudio.TestPlatform.CommandLine.TestRunResultAggregator.TestRunMessageHandler, took 0 ms.
TpTrace Information: 0 : 17100, 7, 2022/11/22, 07:26:29.159, 5575447312860, vstest.console.dll, TestRunRequest:SendTestRunMessage: Completed.
TpTrace Verbose: 0 : 17100, 7, 2022/11/22, 07:26:29.159, 5575447318834, vstest.console.dll, ProxyExecutionManager: Test host is always Lazy initialize.
TpTrace Verbose: 0 : 17100, 7, 2022/11/22, 07:26:29.160, 5575447325931, vstest.console.dll, TestRequestSender.InitializeCommunication: initialize communication. 
TpTrace Information: 0 : 17100, 7, 2022/11/22, 07:26:29.162, 5575447339748, vstest.console.dll, SocketServer.Start: Listening on endpoint : 127.0.0.1:51264
TpTrace Verbose: 0 : 17100, 7, 2022/11/22, 07:26:29.163, 5575447359346, vstest.console.dll, DotnetTestHostmanager.GetTestHostProcessStartInfo: Platform environment 'X64' target architecture 'X64' framework '.NETCoreApp,Version=v6.0' OS 'Windows'
TpTrace Verbose: 0 : 17100, 7, 2022/11/22, 07:26:29.165, 5575447370504, vstest.console.dll, DotnetTestHostmanager: Adding  --runtimeconfig "C:\Users\user\source\repos\WebDotnetLab1-2\LinkedList.Tests\bin\Release\net6.0\fine-code-coverage\build-output\LinkedList.Tests.runtimeconfig.json" in args
TpTrace Verbose: 0 : 17100, 7, 2022/11/22, 07:26:29.165, 5575447374132, vstest.console.dll, DotnetTestHostmanager: Adding  --depsfile "C:\Users\user\source\repos\WebDotnetLab1-2\LinkedList.Tests\bin\Release\net6.0\fine-code-coverage\build-output\LinkedList.Tests.deps.json" in args
TpTrace Verbose: 0 : 17100, 7, 2022/11/22, 07:26:29.165, 5575447378046, vstest.console.dll, DotnetTestHostmanager.IsWinOnArm: Current PROCESSOR_ARCHITECTURE from environment variable 'AMD64'
TpTrace Verbose: 0 : 17100, 7, 2022/11/22, 07:26:29.166, 5575447379525, vstest.console.dll, DotnetTestHostmanager.IsWinOnArm: Is Windows on ARM 'False'
TpTrace Verbose: 0 : 17100, 7, 2022/11/22, 07:26:29.166, 5575447381631, vstest.console.dll, DotnetTestHostManager: testhost.exe found at path: C:\Users\user\source\repos\WebDotnetLab1-2\LinkedList.Tests\bin\Release\net6.0\fine-code-coverage\build-output\testhost.exe
TpTrace Verbose: 0 : 17100, 7, 2022/11/22, 07:26:29.166, 5575447382624, vstest.console.dll, DotnetTestHostmanager: Full path of host exe is C:\Users\user\source\repos\WebDotnetLab1-2\LinkedList.Tests\bin\Release\net6.0\fine-code-coverage\build-output\testhost.exe
TpTrace Verbose: 0 : 17100, 7, 2022/11/22, 07:26:29.166, 5575447385351, vstest.console.dll, DotnetTestHostmanager.LaunchTestHostAsync: Found 'VSTEST_WINAPPHOST_DOTNET_ROOT' in env variables, value 'C:\Program Files\dotnet', forwarding to 'DOTNET_ROOT'
TpTrace Verbose: 0 : 17100, 7, 2022/11/22, 07:26:29.166, 5575447389146, vstest.console.dll, DotnetTestHostManager: Starting process 'C:\Users\user\source\repos\WebDotnetLab1-2\LinkedList.Tests\bin\Release\net6.0\fine-code-coverage\build-output\testhost.exe' with command line ' --runtimeconfig "C:\Users\user\source\repos\WebDotnetLab1-2\LinkedList.Tests\bin\Release\net6.0\fine-code-coverage\build-output\LinkedList.Tests.runtimeconfig.json" --depsfile "C:\Users\user\source\repos\WebDotnetLab1-2\LinkedList.Tests\bin\Release\net6.0\fine-code-coverage\build-output\LinkedList.Tests.deps.json" --port 51264 --endpoint 127.0.0.1:051264 --role client --parentprocessid 17100 --diag "C:\Users\user\source\repos\WebDotnetLab1-2\LinkedList.Tests\bin\Release\net6.0\fine-code-coverage\coverage-tool-output\diagnostics.host.22-11-22_07-26-29_16306_7.log" --tracelevel 4 --datacollectionport 51263 --telemetryoptedin false'
TpTrace Verbose: 0 : 17100, 7, 2022/11/22, 07:26:29.177, 5575447490436, vstest.console.dll, MulticastDelegateUtilities.SafeInvoke: HostProviderEvents.OnHostLaunched: Invoking callback 1/2 for Microsoft.VisualStudio.TestPlatform.CrossPlatEngine.Client.ProxyExecutionManagerWithDataCollection.TestHostLaunchedHandler, took 2 ms.
TpTrace Verbose: 0 : 17100, 7, 2022/11/22, 07:26:29.177, 5575447492732, vstest.console.dll, Test Runtime launched
TpTrace Verbose: 0 : 17100, 7, 2022/11/22, 07:26:29.177, 5575447494198, vstest.console.dll, MulticastDelegateUtilities.SafeInvoke: HostProviderEvents.OnHostLaunched: Invoking callback 2/2 for Microsoft.VisualStudio.TestPlatform.CrossPlatEngine.Client.ProxyOperationManager.TestHostManagerHostLaunched, took 0 ms.
TpTrace Verbose: 0 : 17100, 7, 2022/11/22, 07:26:29.177, 5575447498217, vstest.console.dll, TestRequestSender.WaitForRequestHandlerConnection: waiting for connection with timeout: 90000.
TpTrace Verbose: 0 : 17100, 7, 2022/11/22, 07:26:29.475, 5575450477836, vstest.console.dll, TestRequestSender.WaitForRequestHandlerConnection: waiting took 297 ms, with timeout 90000 ms, and result 0, which is success.
TpTrace Verbose: 0 : 17100, 13, 2022/11/22, 07:26:29.475, 5575450477836, vstest.console.dll, MulticastDelegateUtilities.SafeInvoke: SocketServer: ClientConnected: Invoking callback 1/1 for Microsoft.VisualStudio.TestPlatform.CommunicationUtilities.TestRequestSender.<InitializeCommunication>b__24_0, took 0 ms.
TpTrace Verbose: 0 : 17100, 13, 2022/11/22, 07:26:29.476, 5575450480703, vstest.console.dll, SocketServer.OnClientConnected: Client connected for endPoint: 127.0.0.1:51264, starting MessageLoopAsync:
TpTrace Verbose: 0 : 17100, 10, 2022/11/22, 07:26:29.476, 5575450487453, vstest.console.dll, TcpClientExtensions.MessageLoopAsync: Polling on remoteEndPoint: 127.0.0.1:51265 localEndPoint: 127.0.0.1:51264
TpTrace Verbose: 0 : 17100, 7, 2022/11/22, 07:26:29.478, 5575450499811, vstest.console.dll, TestRequestSender.CheckVersionWithTestHost: Sending check version message: {"MessageType":"ProtocolVersion","Payload":7}
TpTrace Verbose: 0 : 17100, 10, 2022/11/22, 07:26:29.794, 5575453667376, vstest.console.dll, TcpClientExtensions.MessageLoopAsync: NotifyDataAvailable remoteEndPoint: 127.0.0.1:51265 localEndPoint: 127.0.0.1:51264
TpTrace Verbose: 0 : 17100, 10, 2022/11/22, 07:26:29.795, 5575453678576, vstest.console.dll, TestRequestSender.CheckVersionWithTestHost: onMessageReceived received message: (ProtocolVersion) -> {"MessageType":"ProtocolVersion","Payload":5}
TpTrace Verbose: 0 : 17100, 10, 2022/11/22, 07:26:29.797, 5575453696540, vstest.console.dll, MulticastDelegateUtilities.SafeInvoke: LengthPrefixCommunicationChannel: MessageReceived: Invoking callback 1/1 for Microsoft.VisualStudio.TestPlatform.CommunicationUtilities.TestRequestSender+<>c__DisplayClass26_0.<CheckVersionWithTestHost>b__0, took 2 ms.
TpTrace Verbose: 0 : 17100, 7, 2022/11/22, 07:26:29.797, 5575453697832, vstest.console.dll, TestPluginCache.GetExtensionPaths: Filtered extension paths: 
TpTrace Verbose: 0 : 17100, 10, 2022/11/22, 07:26:29.797, 5575453699055, vstest.console.dll, TcpClientExtensions.MessageLoopAsync: Polling on remoteEndPoint: 127.0.0.1:51265 localEndPoint: 127.0.0.1:51264
TpTrace Verbose: 0 : 17100, 7, 2022/11/22, 07:26:29.798, 5575453699982, vstest.console.dll, TestPluginCache.GetExtensionPaths: Added default extension paths: C:\Program Files\dotnet\sdk\6.0.402\Extensions\Microsoft.Diagnostics.NETCore.Client.dll
C:\Program Files\dotnet\sdk\6.0.402\Extensions\Microsoft.TestPlatform.Extensions.BlameDataCollector.dll
C:\Program Files\dotnet\sdk\6.0.402\Extensions\Microsoft.TestPlatform.Extensions.EventLogCollector.dll
C:\Program Files\dotnet\sdk\6.0.402\Extensions\Microsoft.TestPlatform.TestHostRuntimeProvider.dll
C:\Program Files\dotnet\sdk\6.0.402\Extensions\Microsoft.VisualStudio.TestPlatform.Extensions.Html.TestLogger.dll
C:\Program Files\dotnet\sdk\6.0.402\Extensions\Microsoft.VisualStudio.TestPlatform.Extensions.Trx.TestLogger.dll
TpTrace Verbose: 0 : 17100, 7, 2022/11/22, 07:26:29.798, 5575453701889, vstest.console.dll, TestPluginCache.GetExtensionPaths: Added unfilterableExtensionPaths: 
TpTrace Verbose: 0 : 17100, 7, 2022/11/22, 07:26:29.807, 5575453791799, vstest.console.dll, TestRequestSender.InitializeExecution: Sending initialize execution with message: {"Version":5,"MessageType":"TestExecution.Initialize","Payload":["C:\\Users\\user\\source\\repos\\WebDotnetLab1-2\\LinkedList.Tests\\bin\\Release\\net6.0\\fine-code-coverage\\build-output\\NUnit3.TestAdapter.dll"]}
TpTrace Warning: 0 : 17100, 7, 2022/11/22, 07:26:29.808, 5575453800426, vstest.console.dll, InferRunSettingsHelper.MakeRunsettingsCompatible: Removing the following settings: TargetPlatform from RunSettings file. To use those settings please move to latest version of Microsoft.NET.Test.Sdk
TpTrace Verbose: 0 : 17100, 10, 2022/11/22, 07:26:29.823, 5575453957114, vstest.console.dll, TcpClientExtensions.MessageLoopAsync: NotifyDataAvailable remoteEndPoint: 127.0.0.1:51265 localEndPoint: 127.0.0.1:51264
TpTrace Verbose: 0 : 17100, 10, 2022/11/22, 07:26:29.824, 5575453960589, vstest.console.dll, TestRequestSender.OnExecutionMessageReceived: Received message: {"Version":5,"MessageType":"TestSession.Message","Payload":{"MessageLevel":0,"Message":"Ведение журналов диагностики TestHost в файле: C:\\Users\\user\\source\\repos\\WebDotnetLab1-2\\LinkedList.Tests\\bin\\Release\\net6.0\\fine-code-coverage\\coverage-tool-output\\diagnostics.host.22-11-22_07-26-29_16306_7.log"}}
TpTrace Verbose: 0 : 17100, 10, 2022/11/22, 07:26:29.831, 5575454035098, vstest.console.dll, TestRunRequest:SendTestRunMessage: Starting.
TpTrace Verbose: 0 : 17100, 10, 2022/11/22, 07:26:29.831, 5575454038237, vstest.console.dll, MulticastDelegateUtilities.SafeInvoke: TestRun.LogMessages: Invoking callback 1/1 for Microsoft.VisualStudio.TestPlatform.CommandLine.TestRunResultAggregator.TestRunMessageHandler, took 0 ms.
TpTrace Verbose: 0 : 17100, 4, 2022/11/22, 07:26:29.831, 5575454038601, vstest.console.dll, MulticastDelegateUtilities.SafeInvoke: InternalTestLoggerEvents.SendTestRunMessage: Invoking callback 1/1 for Microsoft.VisualStudio.TestPlatform.CommandLine.Internal.ConsoleLogger.TestMessageHandler, took 0 ms.
TpTrace Information: 0 : 17100, 10, 2022/11/22, 07:26:29.832, 5575454039586, vstest.console.dll, TestRunRequest:SendTestRunMessage: Completed.
TpTrace Verbose: 0 : 17100, 10, 2022/11/22, 07:26:29.832, 5575454044096, vstest.console.dll, MulticastDelegateUtilities.SafeInvoke: LengthPrefixCommunicationChannel: MessageReceived: Invoking callback 1/1 for Microsoft.VisualStudio.TestPlatform.CommunicationUtilities.TestRequestSender+<>c__DisplayClass31_0.<StartTestRun>b__1, took 8 ms.
TpTrace Verbose: 0 : 17100, 10, 2022/11/22, 07:26:29.832, 5575454045130, vstest.console.dll, TcpClientExtensions.MessageLoopAsync: Polling on remoteEndPoint: 127.0.0.1:51265 localEndPoint: 127.0.0.1:51264
TpTrace Verbose: 0 : 17100, 7, 2022/11/22, 07:26:29.840, 5575454129078, vstest.console.dll, TestRequestSender.StartTestRun: Sending test run with message: {"Version":5,"MessageType":"TestExecution.StartWithSources","Payload":{"AdapterSourceMap":{"_none_":["C:\\Users\\user\\source\\repos\\WebDotnetLab1-2\\LinkedList.Tests\\bin\\Release\\net6.0\\fine-code-coverage\\build-output\\LinkedList.Tests.dll"]},"RunSettings":"<RunSettings>\r\n  <RunConfiguration>\r\n    <ResultsDirectory>C:\\Users\\user\\source\\repos\\WebDotnetLab1-2\\LinkedList.Tests\\bin\\Release\\net6.0\\fine-code-coverage\\coverage-tool-output</ResultsDirectory>\r\n    <TargetFrameworkVersion>.NETCoreApp,Version=v6.0</TargetFrameworkVersion>\r\n    <DesignMode>False</DesignMode>\r\n    <CollectSourceInformation>False</CollectSourceInformation>\r\n  </RunConfiguration>\r\n  <LoggerRunSettings>\r\n    <Loggers>\r\n      <Logger friendlyName=\"blame\" enabled=\"True\" />\r\n      <Logger friendlyName=\"Console\" uri=\"logger://microsoft/TestPlatform/ConsoleLogger/v1\" assemblyQualifiedName=\"Microsoft.VisualStudio.TestPlatform.CommandLine.Internal.ConsoleLogger, vstest.console, Version=15.0.0.0, Culture=neutral, PublicKeyToken=b03f5f7f11d50a3a\" codeBase=\"C:\\Program Files\\dotnet\\sdk\\6.0.402\\vstest.console.dll\" enabled=\"True\" />\r\n    </Loggers>\r\n  </LoggerRunSettings>\r\n  <DataCollectionRunSettings>\r\n    <DataCollectors>\r\n      <DataCollector friendlyName=\"blame\" enabled=\"True\">\r\n        <Configuration>\r\n          <ResultsDirectory>C:\\Users\\user\\source\\repos\\WebDotnetLab1-2\\LinkedList.Tests\\bin\\Release\\net6.0\\fine-code-coverage\\coverage-tool-output</ResultsDirectory>\r\n        </Configuration>\r\n      </DataCollector>\r\n    </DataCollectors>\r\n  </DataCollectionRunSettings>\r\n</RunSettings>","TestExecutionContext":{"FrequencyOfRunStatsChangeEvent":10,"RunStatsChangeEventTimeout":"00:00:01.5000000","InIsolation":false,"KeepAlive":false,"AreTestCaseLevelEventsRequired":false,"IsDebug":false,"TestCaseFilter":null,"FilterOptions":null},"Package":null}}
TpTrace Verbose: 0 : 17100, 10, 2022/11/22, 07:26:30.224, 5575457966680, vstest.console.dll, TcpClientExtensions.MessageLoopAsync: NotifyDataAvailable remoteEndPoint: 127.0.0.1:51265 localEndPoint: 127.0.0.1:51264
TpTrace Verbose: 0 : 17100, 10, 2022/11/22, 07:26:30.224, 5575457968724, vstest.console.dll, TestRequestSender.OnExecutionMessageReceived: Received message: {"Version":5,"MessageType":"TestSession.Message","Payload":{"MessageLevel":0,"Message":"NUnit Adapter 4.2.0.0: Test execution started"}}
TpTrace Verbose: 0 : 17100, 10, 2022/11/22, 07:26:30.225, 5575457971187, vstest.console.dll, TestRunRequest:SendTestRunMessage: Starting.
TpTrace Verbose: 0 : 17100, 10, 2022/11/22, 07:26:30.225, 5575457972261, vstest.console.dll, MulticastDelegateUtilities.SafeInvoke: TestRun.LogMessages: Invoking callback 1/1 for Microsoft.VisualStudio.TestPlatform.CommandLine.TestRunResultAggregator.TestRunMessageHandler, took 0 ms.
TpTrace Verbose: 0 : 17100, 4, 2022/11/22, 07:26:30.225, 5575457972648, vstest.console.dll, MulticastDelegateUtilities.SafeInvoke: InternalTestLoggerEvents.SendTestRunMessage: Invoking callback 1/1 for Microsoft.VisualStudio.TestPlatform.CommandLine.Internal.ConsoleLogger.TestMessageHandler, took 0 ms.
TpTrace Information: 0 : 17100, 10, 2022/11/22, 07:26:30.225, 5575457972827, vstest.console.dll, TestRunRequest:SendTestRunMessage: Completed.
TpTrace Verbose: 0 : 17100, 10, 2022/11/22, 07:26:30.225, 5575457975703, vstest.console.dll, MulticastDelegateUtilities.SafeInvoke: LengthPrefixCommunicationChannel: MessageReceived: Invoking callback 1/1 for Microsoft.VisualStudio.TestPlatform.CommunicationUtilities.TestRequestSender+<>c__DisplayClass31_0.<StartTestRun>b__1, took 0 ms.
TpTrace Verbose: 0 : 17100, 10, 2022/11/22, 07:26:30.225, 5575457976297, vstest.console.dll, TcpClientExtensions.MessageLoopAsync: Polling on remoteEndPoint: 127.0.0.1:51265 localEndPoint: 127.0.0.1:51264
TpTrace Verbose: 0 : 17100, 10, 2022/11/22, 07:26:30.289, 5575458610802, vstest.console.dll, TcpClientExtensions.MessageLoopAsync: NotifyDataAvailable remoteEndPoint: 127.0.0.1:51265 localEndPoint: 127.0.0.1:51264
TpTrace Verbose: 0 : 17100, 10, 2022/11/22, 07:26:30.289, 5575458612768, vstest.console.dll, TestRequestSender.OnExecutionMessageReceived: Received message: {"Version":5,"MessageType":"TestSession.Message","Payload":{"MessageLevel":0,"Message":"Running all tests in C:\\Users\\user\\source\\repos\\WebDotnetLab1-2\\LinkedList.Tests\\bin\\Release\\net6.0\\fine-code-coverage\\build-output\\LinkedList.Tests.dll"}}
TpTrace Verbose: 0 : 17100, 10, 2022/11/22, 07:26:30.289, 5575458614402, vstest.console.dll, TestRunRequest:SendTestRunMessage: Starting.
TpTrace Verbose: 0 : 17100, 10, 2022/11/22, 07:26:30.289, 5575458615407, vstest.console.dll, MulticastDelegateUtilities.SafeInvoke: TestRun.LogMessages: Invoking callback 1/1 for Microsoft.VisualStudio.TestPlatform.CommandLine.TestRunResultAggregator.TestRunMessageHandler, took 0 ms.
TpTrace Verbose: 0 : 17100, 4, 2022/11/22, 07:26:30.289, 5575458615872, vstest.console.dll, MulticastDelegateUtilities.SafeInvoke: InternalTestLoggerEvents.SendTestRunMessage: Invoking callback 1/1 for Microsoft.VisualStudio.TestPlatform.CommandLine.Internal.ConsoleLogger.TestMessageHandler, took 0 ms.
TpTrace Information: 0 : 17100, 10, 2022/11/22, 07:26:30.289, 5575458615965, vstest.console.dll, TestRunRequest:SendTestRunMessage: Completed.
TpTrace Verbose: 0 : 17100, 10, 2022/11/22, 07:26:30.289, 5575458617911, vstest.console.dll, MulticastDelegateUtilities.SafeInvoke: LengthPrefixCommunicationChannel: MessageReceived: Invoking callback 1/1 for Microsoft.VisualStudio.TestPlatform.CommunicationUtilities.TestRequestSender+<>c__DisplayClass31_0.<StartTestRun>b__1, took 0 ms.
TpTrace Verbose: 0 : 17100, 10, 2022/11/22, 07:26:30.289, 5575458618514, vstest.console.dll, TcpClientExtensions.MessageLoopAsync: Polling on remoteEndPoint: 127.0.0.1:51265 localEndPoint: 127.0.0.1:51264
TpTrace Verbose: 0 : 17100, 10, 2022/11/22, 07:26:30.628, 5575462006236, vstest.console.dll, TcpClientExtensions.MessageLoopAsync: NotifyDataAvailable remoteEndPoint: 127.0.0.1:51265 localEndPoint: 127.0.0.1:51264
TpTrace Verbose: 0 : 17100, 10, 2022/11/22, 07:26:30.628, 5575462008900, vstest.console.dll, TestRequestSender.OnExecutionMessageReceived: Received message: {"Version":5,"MessageType":"TestSession.Message","Payload":{"MessageLevel":0,"Message":"   NUnit3TestExecutor discovered 43 of 43 NUnit test cases using Current Discovery mode, Non-Explicit run"}}
TpTrace Verbose: 0 : 17100, 10, 2022/11/22, 07:26:30.629, 5575462011015, vstest.console.dll, TestRunRequest:SendTestRunMessage: Starting.
TpTrace Verbose: 0 : 17100, 10, 2022/11/22, 07:26:30.629, 5575462012422, vstest.console.dll, MulticastDelegateUtilities.SafeInvoke: TestRun.LogMessages: Invoking callback 1/1 for Microsoft.VisualStudio.TestPlatform.CommandLine.TestRunResultAggregator.TestRunMessageHandler, took 0 ms.
TpTrace Verbose: 0 : 17100, 4, 2022/11/22, 07:26:30.629, 5575462012842, vstest.console.dll, MulticastDelegateUtilities.SafeInvoke: InternalTestLoggerEvents.SendTestRunMessage: Invoking callback 1/1 for Microsoft.VisualStudio.TestPlatform.CommandLine.Internal.ConsoleLogger.TestMessageHandler, took 0 ms.
TpTrace Information: 0 : 17100, 10, 2022/11/22, 07:26:30.629, 5575462014208, vstest.console.dll, TestRunRequest:SendTestRunMessage: Completed.
TpTrace Verbose: 0 : 17100, 10, 2022/11/22, 07:26:30.629, 5575462016615, vstest.console.dll, MulticastDelegateUtilities.SafeInvoke: LengthPrefixCommunicationChannel: MessageReceived: Invoking callback 1/1 for Microsoft.VisualStudio.TestPlatform.CommunicationUtilities.TestRequestSender+<>c__DisplayClass31_0.<StartTestRun>b__1, took 0 ms.
TpTrace Verbose: 0 : 17100, 10, 2022/11/22, 07:26:30.629, 5575462017599, vstest.console.dll, TcpClientExtensions.MessageLoopAsync: Polling on remoteEndPoint: 127.0.0.1:51265 localEndPoint: 127.0.0.1:51264
TpTrace Verbose: 0 : 17100, 10, 2022/11/22, 07:26:31.017, 5575465894706, vstest.console.dll, TcpClientExtensions.MessageLoopAsync: NotifyDataAvailable remoteEndPoint: 127.0.0.1:51265 localEndPoint: 127.0.0.1:51264
TpTrace Verbose: 0 : 17100, 10, 2022/11/22, 07:26:31.018, 5575465900094, vstest.console.dll, TestRequestSender.OnExecutionMessageReceived: Received message: {"Version":5,"MessageType":"TestExecution.StatsChange","Payload":{"NewTestResults":[{"TestCase":{"Id":"e144f2c7-fe29-16cc-858c-f06b557743d3","FullyQualifiedName":"LinkedList.Tests.MyLinkedListTests.Add_after_clear","DisplayName":"Add_after_clear","ExecutorUri":"executor://NUnit3TestExecutor","Source":"C:\\Users\\user\\source\\repos\\WebDotnetLab1-2\\LinkedList.Tests\\bin\\Release\\net6.0\\fine-code-coverage\\build-output\\LinkedList.Tests.dll","CodeFilePath":null,"LineNumber":0,"Properties":[{"Key":{"Id":"NUnit.Seed","Label":"Seed","Category":"","Description":"","Attributes":0,"ValueType":"System.String"},"Value":"1504671296"}]},"Attachments":[],"Outcome":1,"ErrorMessage":null,"ErrorStackTrace":null,"DisplayName":"Add_after_clear","Messages":[],"ComputerName":"WIN-LN87GFJE5H1","Duration":"00:00:00.0427700","StartTime":"2022-11-22T05:26:30.7033088+00:00","EndTime":"2022-11-22T05:26:30.745839+00:00","Properties":[{"Key":{"Id":"NUnit.Seed","Label":"Seed","Category":"","Description":"","Attributes":0,"ValueType":"System.String"},"Value":"1504671296"}]},{"TestCase":{"Id":"01a1de12-76a0-e46d-f438-a80854acb7ad","FullyQualifiedName":"LinkedList.Tests.MyLinkedListTests.AddAfter_AddingForeignNode_Throws","DisplayName":"AddAfter_AddingForeignNode_Throws","ExecutorUri":"executor://NUnit3TestExecutor","Source":"C:\\Users\\user\\source\\repos\\WebDotnetLab1-2\\LinkedList.Tests\\bin\\Release\\net6.0\\fine-code-coverage\\build-output\\LinkedList.Tests.dll","CodeFilePath":null,"LineNumber":0,"Properties":[{"Key":{"Id":"NUnit.Seed","Label":"Seed","Category":"","Description":"","Attributes":0,"ValueType":"System.String"},"Value":"387663496"}]},"Attachments":[],"Outcome":1,"ErrorMessage":null,"ErrorStackTrace":null,"DisplayName":"AddAfter_AddingForeignNode_Throws","Messages":[],"ComputerName":"WIN-LN87GFJE5H1","Duration":"00:00:00.0113320","StartTime":"2022-11-22T05:26:30.7496481+00:00","EndTime":"2022-11-22T05:26:30.7609803+00:00","Properties":[{"Key":{"Id":"NUnit.Seed","Label":"Seed","Category":"","Description":"","Attributes":0,"ValueType":"System.String"},"Value":"387663496"}]},{"TestCase":{"Id":"e10c1073-aa51-397c-aa8e-09d35fe87c85","FullyQualifiedName":"LinkedList.Tests.MyLinkedListTests.AddAfter_AddingItemAfterAnUnattachedNode_Throws","DisplayName":"AddAfter_AddingItemAfterAnUnattachedNode_Throws","ExecutorUri":"executor://NUnit3TestExecutor","Source":"C:\\Users\\user\\source\\repos\\WebDotnetLab1-2\\LinkedList.Tests\\bin\\Release\\net6.0\\fine-code-coverage\\build-output\\LinkedList.Tests.dll","CodeFilePath":null,"LineNumber":0,"Properties":[{"Key":{"Id":"NUnit.Seed","Label":"Seed","Category":"","Description":"","Attributes":0,"ValueType":"System.String"},"Value":"1646760196"}]},"Attachments":[],"Outcome":1,"ErrorMessage":null,"ErrorStackTrace":null,"DisplayName":"AddAfter_AddingItemAfterAnUnattachedNode_Throws","Messages":[],"ComputerName":"WIN-LN87GFJE5H1","Duration":"00:00:00.0008170","StartTime":"2022-11-22T05:26:30.7610433+00:00","EndTime":"2022-11-22T05:26:30.7618591+00:00","Properties":[{"Key":{"Id":"NUnit.Seed","Label":"Seed","Category":"","Description":"","Attributes":0,"ValueType":"System.String"},"Value":"1646760196"}]},{"TestCase":{"Id":"d1cc2118-d4e0-5a62-a615-d4247fa02ecd","FullyQualifiedName":"LinkedList.Tests.MyLinkedListTests.AddAfter_AddingItemAfterLast_ItemBecomesLast","DisplayName":"AddAfter_AddingItemAfterLast_ItemBecomesLast","ExecutorUri":"executor://NUnit3TestExecutor","Source":"C:\\Users\\user\\source\\repos\\WebDotnetLab1-2\\LinkedList.Tests\\bin\\Release\\net6.0\\fine-code-coverage\\build-output\\LinkedList.Tests.dll","CodeFilePath":null,"LineNumber":0,"Properties":[{"Key":{"Id":"NUnit.Seed","Label":"Seed","Category":"","Description":"","Attributes":0,"ValueType":"System.String"},"Value":"95630867"}]},"Attachments":[],"Outcome":1,"ErrorMessage":null,"ErrorStackTrace":null,"DisplayName":"AddAfter_AddingItemAfterLast_ItemBecomesLast","Messages":[],"ComputerName":"WIN-LN87GFJE5H1","Duration":"00:00:00.0009820","StartTime":"2022-11-22T05:26:30.7618959+00:00","EndTime":"2022-11-22T05:26:30.762877+00:00","Properties":[{"Key":{"Id":"NUnit.Seed","Label":"Seed","Category":"","Description":"","Attributes":0,"ValueType":"System.String"},"Value":"95630867"}]},{"TestCase":{"Id":"d46a22a8-8121-b3d6-7bdf-94854816dc3f","FullyQualifiedName":"LinkedList.Tests.MyLinkedListTests.AddAfter_AddingItemAfterNode","DisplayName":"AddAfter_AddingItemAfterNode","ExecutorUri":"executor://NUnit3TestExecutor","Source":"C:\\Users\\user\\source\\repos\\WebDotnetLab1-2\\LinkedList.Tests\\bin\\Release\\net6.0\\fine-code-coverage\\build-output\\LinkedList.Tests.dll","CodeFilePath":null,"LineNumber":0,"Properties":[{"Key":{"Id":"NUnit.Seed","Label":"Seed","Category":"","Description":"","Attributes":0,"ValueType":"System.String"},"Value":"477977009"}]},"Attachments":[],"Outcome":1,"ErrorMessage":null,"ErrorStackTrace":null,"DisplayName":"AddAfter_AddingItemAfterNode","Messages":[],"ComputerName":"WIN-LN87GFJE5H1","Duration":"00:00:00.0009950","StartTime":"2022-11-22T05:26:30.7629267+00:00","EndTime":"2022-11-22T05:26:30.763921+00:00","Properties":[{"Key":{"Id":"NUnit.Seed","Label":"Seed","Category":"","Description":"","Attributes":0,"ValueType":"System.String"},"Value":"477977009"}]},{"TestCase":{"Id":"384154a1-d766-081b-824a-639ddc5c4825","FullyQualifiedName":"LinkedList.Tests.MyLinkedListTests.AddAfter_AddingNodeAfterAnUnattachedNode_Throws","DisplayName":"AddAfter_AddingNodeAfterAnUnattachedNode_Throws","ExecutorUri":"executor://NUnit3TestExecutor","Source":"C:\\Users\\user\\source\\repos\\WebDotnetLab1-2\\LinkedList.Tests\\bin\\Release\\net6.0\\fine-code-coverage\\build-output\\LinkedList.Tests.dll","CodeFilePath":null,"LineNumber":0,"Properties":[{"Key":{"Id":"NUnit.Seed","Label":"Seed","Category":"","Description":"","Attributes":0,"ValueType":"System.String"},"Value":"306754177"}]},"Attachments":[],"Outcome":1,"ErrorMessage":null,"ErrorStackTrace":null,"DisplayName":"AddAfter_AddingNodeAfterAnUnattachedNode_Throws","Messages":[],"ComputerName":"WIN-LN87GFJE5H1","Duration":"00:00:00.0008630","StartTime":"2022-11-22T05:26:30.7639791+00:00","EndTime":"2022-11-22T05:26:30.7648409+00:00","Properties":[{"Key":{"Id":"NUnit.Seed","Label":"Seed","Category":"","Description":"","Attributes":0,"ValueType":"System.String"},"Value":"306754177"}]},{"TestCase":{"Id":"29368a0d-1726-a7c4-536d-c0fac5afb207","FullyQualifiedName":"LinkedList.Tests.MyLinkedListTests.AddAfter_AddingNodeAfterLast_NewNodeBecomesLast","DisplayName":"AddAfter_AddingNodeAfterLast_NewNodeBecomesLast","ExecutorUri":"executor://NUnit3TestExecutor","Source":"C:\\Users\\user\\source\\repos\\WebDotnetLab1-2\\LinkedList.Tests\\bin\\Release\\net6.0\\fine-code-coverage\\build-output\\LinkedList.Tests.dll","CodeFilePath":null,"LineNumber":0,"Properties":[{"Key":{"Id":"NUnit.Seed","Label":"Seed","Category":"","Description":"","Attributes":0,"ValueType":"System.String"},"Value":"710048614"}]},"Attachments":[],"Outcome":1,"ErrorMessage":null,"ErrorStackTrace":null,"DisplayName":"AddAfter_AddingNodeAfterLast_NewNodeBecomesLast","Messages":[],"ComputerName":"WIN-LN87GFJE5H1","Duration":"00:00:00.0008960","StartTime":"2022-11-22T05:26:30.7648865+00:00","EndTime":"2022-11-22T05:26:30.7657826+00:00","Properties":[{"Key":{"Id":"NUnit.Seed","Label":"Seed","Category":"","Description":"","Attributes":0,"ValueType":"System.String"},"Value":"710048614"}]},{"TestCase":{"Id":"9bd80a39-8f6d-2388-ca7f-9c9f89da8a2d","FullyQualifiedName":"LinkedList.Tests.MyLinkedListTests.AddAfter_AddingNodeAfterNode","DisplayName":"AddAfter_AddingNodeAfterNode","ExecutorUri":"executor://NUnit3TestExecutor","Source":"C:\\Users\\user\\source\\repos\\WebDotnetLab1-2\\LinkedList.Tests\\bin\\Release\\net6.0\\fine-code-coverage\\build-output\\LinkedList.Tests.dll","CodeFilePath":null,"LineNumber":0,"Properties":[{"Key":{"Id":"NUnit.Seed","Label":"Seed","Category":"","Description":"","Attributes":0,"ValueType":"System.String"},"Value":"962475993"}]},"Attachments":[],"Outcome":1,"ErrorMessage":null,"ErrorStackTrace":null,"DisplayName":"AddAfter_AddingNodeAfterNode","Messages":[],"ComputerName":"WIN-LN87GFJE5H1","Duration":"00:00:00.0009950","StartTime":"2022-11-22T05:26:30.7658254+00:00","EndTime":"2022-11-22T05:26:30.7668191+00:00","Properties":[{"Key":{"Id":"NUnit.Seed","Label":"Seed","Category":"","Description":"","Attributes":0,"ValueType":"System.String"},"Value":"962475993"}]},{"TestCase":{"Id":"759e8d3d-c4bd-e9db-b51c-4e19a332d77b","FullyQualifiedName":"LinkedList.Tests.MyLinkedListTests.AddBefore_AddingForeignNode_Throws","DisplayName":"AddBefore_AddingForeignNode_Throws","ExecutorUri":"executor://NUnit3TestExecutor","Source":"C:\\Users\\user\\source\\repos\\WebDotnetLab1-2\\LinkedList.Tests\\bin\\Release\\net6.0\\fine-code-coverage\\build-output\\LinkedList.Tests.dll","CodeFilePath":null,"LineNumber":0,"Properties":[{"Key":{"Id":"NUnit.Seed","Label":"Seed","Category":"","Description":"","Attributes":0,"ValueType":"System.String"},"Value":"388433572"}]},"Attachments":[],"Outcome":1,"ErrorMessage":null,"ErrorStackTrace":null,"DisplayName":"AddBefore_AddingForeignNode_Throws","Messages":[],"ComputerName":"WIN-LN87GFJE5H1","Duration":"00:00:00.0026290","StartTime":"2022-11-22T05:26:30.7669755+00:00","EndTime":"2022-11-22T05:26:30.7696044+00:00","Properties":[{"Key":{"Id":"NUnit.Seed","Label":"Seed","Category":"","Description":"","Attributes":0,"ValueType":"System.String"},"Value":"388433572"}]}],"TestRunStatistics":{"ExecutedTests":9,"Stats":{"Passed":9}},"ActiveTests":[{"Id":"fe64548d-f66e-1e59-cb43-6a67335b0c3d","FullyQualifiedName":"LinkedList.Tests.MyLinkedListTests.AddBefore_AddingItemBeforeAnUnattachedNode_Throws","DisplayName":"AddBefore_AddingItemBeforeAnUnattachedNode_Throws","ExecutorUri":"executor://NUnit3TestExecutor","Source":"C:\\Users\\user\\source\\repos\\WebDotnetLab1-2\\LinkedList.Tests\\bin\\Release\\net6.0\\fine-code-coverage\\build-output\\LinkedList.Tests.dll","CodeFilePath":null,"LineNumber":0,"Properties":[{"Key":{"Id":"NUnit.Seed","Label":"Seed","Category":"","Description":"","Attributes":0,"ValueType":"System.String"},"Value":"1998387565"}]}]}}
TpTrace Verbose: 0 : 17100, 10, 2022/11/22, 07:26:31.087, 5575466599129, vstest.console.dll, TestRunRequest:SendTestRunStatsChange: Starting.
TpTrace Verbose: 0 : 17100, 10, 2022/11/22, 07:26:31.088, 5575466602127, vstest.console.dll, InProgress is AddBefore_AddingItemBeforeAnUnattachedNode_Throws
TpTrace Verbose: 0 : 17100, 10, 2022/11/22, 07:26:31.088, 5575466605823, vstest.console.dll, MulticastDelegateUtilities.SafeInvoke: TestRun.RunStatsChanged: Invoking callbacks was skipped because there are no subscribers.
TpTrace Information: 0 : 17100, 10, 2022/11/22, 07:26:31.088, 5575466606692, vstest.console.dll, TestRunRequest:SendTestRunStatsChange: Completed.
TpTrace Verbose: 0 : 17100, 10, 2022/11/22, 07:26:31.088, 5575466607241, vstest.console.dll, MulticastDelegateUtilities.SafeInvoke: LengthPrefixCommunicationChannel: MessageReceived: Invoking callback 1/1 for Microsoft.VisualStudio.TestPlatform.CommunicationUtilities.TestRequestSender+<>c__DisplayClass31_0.<StartTestRun>b__1, took 70 ms.
TpTrace Verbose: 0 : 17100, 10, 2022/11/22, 07:26:31.088, 5575466607776, vstest.console.dll, TcpClientExtensions.MessageLoopAsync: Polling on remoteEndPoint: 127.0.0.1:51265 localEndPoint: 127.0.0.1:51264
TpTrace Verbose: 0 : 17100, 10, 2022/11/22, 07:26:31.089, 5575466610124, vstest.console.dll, TcpClientExtensions.MessageLoopAsync: NotifyDataAvailable remoteEndPoint: 127.0.0.1:51265 localEndPoint: 127.0.0.1:51264
TpTrace Verbose: 0 : 17100, 10, 2022/11/22, 07:26:31.089, 5575466612896, vstest.console.dll, TestRequestSender.OnExecutionMessageReceived: Received message: {"Version":5,"MessageType":"TestExecution.StatsChange","Payload":{"NewTestResults":[{"TestCase":{"Id":"fe64548d-f66e-1e59-cb43-6a67335b0c3d","FullyQualifiedName":"LinkedList.Tests.MyLinkedListTests.AddBefore_AddingItemBeforeAnUnattachedNode_Throws","DisplayName":"AddBefore_AddingItemBeforeAnUnattachedNode_Throws","ExecutorUri":"executor://NUnit3TestExecutor","Source":"C:\\Users\\user\\source\\repos\\WebDotnetLab1-2\\LinkedList.Tests\\bin\\Release\\net6.0\\fine-code-coverage\\build-output\\LinkedList.Tests.dll","CodeFilePath":null,"LineNumber":0,"Properties":[{"Key":{"Id":"NUnit.Seed","Label":"Seed","Category":"","Description":"","Attributes":0,"ValueType":"System.String"},"Value":"1998387565"}]},"Attachments":[],"Outcome":1,"ErrorMessage":null,"ErrorStackTrace":null,"DisplayName":"AddBefore_AddingItemBeforeAnUnattachedNode_Throws","Messages":[],"ComputerName":"WIN-LN87GFJE5H1","Duration":"00:00:00.0007600","StartTime":"2022-11-22T05:26:30.7696702+00:00","EndTime":"2022-11-22T05:26:30.7704294+00:00","Properties":[{"Key":{"Id":"NUnit.Seed","Label":"Seed","Category":"","Description":"","Attributes":0,"ValueType":"System.String"},"Value":"1998387565"}]},{"TestCase":{"Id":"840ae086-e3a1-a172-ba99-2e03ed2ddff0","FullyQualifiedName":"LinkedList.Tests.MyLinkedListTests.AddBefore_AddingItemBeforeFirst_ItemBecomesFirst","DisplayName":"AddBefore_AddingItemBeforeFirst_ItemBecomesFirst","ExecutorUri":"executor://NUnit3TestExecutor","Source":"C:\\Users\\user\\source\\repos\\WebDotnetLab1-2\\LinkedList.Tests\\bin\\Release\\net6.0\\fine-code-coverage\\build-output\\LinkedList.Tests.dll","CodeFilePath":null,"LineNumber":0,"Properties":[{"Key":{"Id":"NUnit.Seed","Label":"Seed","Category":"","Description":"","Attributes":0,"ValueType":"System.String"},"Value":"1634037363"}]},"Attachments":[],"Outcome":1,"ErrorMessage":null,"ErrorStackTrace":null,"DisplayName":"AddBefore_AddingItemBeforeFirst_ItemBecomesFirst","Messages":[],"ComputerName":"WIN-LN87GFJE5H1","Duration":"00:00:00.0013870","StartTime":"2022-11-22T05:26:30.7704655+00:00","EndTime":"2022-11-22T05:26:30.7718515+00:00","Properties":[{"Key":{"Id":"NUnit.Seed","Label":"Seed","Category":"","Description":"","Attributes":0,"ValueType":"System.String"},"Value":"1634037363"}]},{"TestCase":{"Id":"aae89a48-5b38-c981-5603-fc5218cc742f","FullyQualifiedName":"LinkedList.Tests.MyLinkedListTests.AddBefore_AddingItemBeforeNode","DisplayName":"AddBefore_AddingItemBeforeNode","ExecutorUri":"executor://NUnit3TestExecutor","Source":"C:\\Users\\user\\source\\repos\\WebDotnetLab1-2\\LinkedList.Tests\\bin\\Release\\net6.0\\fine-code-coverage\\build-output\\LinkedList.Tests.dll","CodeFilePath":null,"LineNumber":0,"Properties":[{"Key":{"Id":"NUnit.Seed","Label":"Seed","Category":"","Description":"","Attributes":0,"ValueType":"System.String"},"Value":"35579315"}]},"Attachments":[],"Outcome":1,"ErrorMessage":null,"ErrorStackTrace":null,"DisplayName":"AddBefore_AddingItemBeforeNode","Messages":[],"ComputerName":"WIN-LN87GFJE5H1","Duration":"00:00:00.0006880","StartTime":"2022-11-22T05:26:30.771893+00:00","EndTime":"2022-11-22T05:26:30.7725802+00:00","Properties":[{"Key":{"Id":"NUnit.Seed","Label":"Seed","Category":"","Description":"","Attributes":0,"ValueType":"System.String"},"Value":"35579315"}]},{"TestCase":{"Id":"41078728-01c0-6cf8-94bb-92db7dc2fce8","FullyQualifiedName":"LinkedList.Tests.MyLinkedListTests.AddBefore_AddingNodeBeforeAnUnattachedNode_Throws","DisplayName":"AddBefore_AddingNodeBeforeAnUnattachedNode_Throws","ExecutorUri":"executor://NUnit3TestExecutor","Source":"C:\\Users\\user\\source\\repos\\WebDotnetLab1-2\\LinkedList.Tests\\bin\\Release\\net6.0\\fine-code-coverage\\build-output\\LinkedList.Tests.dll","CodeFilePath":null,"LineNumber":0,"Properties":[{"Key":{"Id":"NUnit.Seed","Label":"Seed","Category":"","Description":"","Attributes":0,"ValueType":"System.String"},"Value":"1185778579"}]},"Attachments":[],"Outcome":1,"ErrorMessage":null,"ErrorStackTrace":null,"DisplayName":"AddBefore_AddingNodeBeforeAnUnattachedNode_Throws","Messages":[],"ComputerName":"WIN-LN87GFJE5H1","Duration":"00:00:00.0005830","StartTime":"2022-11-22T05:26:30.7726134+00:00","EndTime":"2022-11-22T05:26:30.7731955+00:00","Properties":[{"Key":{"Id":"NUnit.Seed","Label":"Seed","Category":"","Description":"","Attributes":0,"ValueType":"System.String"},"Value":"1185778579"}]},{"TestCase":{"Id":"0a3f6ad2-6641-3495-91ca-df98d6af60fc","FullyQualifiedName":"LinkedList.Tests.MyLinkedListTests.AddBefore_AddingNodeBeforeFirst_NewNodeBecomesFirst","DisplayName":"AddBefore_AddingNodeBeforeFirst_NewNodeBecomesFirst","ExecutorUri":"executor://NUnit3TestExecutor","Source":"C:\\Users\\user\\source\\repos\\WebDotnetLab1-2\\LinkedList.Tests\\bin\\Release\\net6.0\\fine-code-coverage\\build-output\\LinkedList.Tests.dll","CodeFilePath":null,"LineNumber":0,"Properties":[{"Key":{"Id":"NUnit.Seed","Label":"Seed","Category":"","Description":"","Attributes":0,"ValueType":"System.String"},"Value":"1397553197"}]},"Attachments":[],"Outcome":1,"ErrorMessage":null,"ErrorStackTrace":null,"DisplayName":"AddBefore_AddingNodeBeforeFirst_NewNodeBecomesFirst","Messages":[],"ComputerName":"WIN-LN87GFJE5H1","Duration":"00:00:00.0006190","StartTime":"2022-11-22T05:26:30.7732252+00:00","EndTime":"2022-11-22T05:26:30.7738441+00:00","Properties":[{"Key":{"Id":"NUnit.Seed","Label":"Seed","Category":"","Description":"","Attributes":0,"ValueType":"System.String"},"Value":"1397553197"}]},{"TestCase":{"Id":"7d5367eb-5e1a-a396-c525-be03f7f3779e","FullyQualifiedName":"LinkedList.Tests.MyLinkedListTests.AddBefore_AddingNodeBeforeNode","DisplayName":"AddBefore_AddingNodeBeforeNode","ExecutorUri":"executor://NUnit3TestExecutor","Source":"C:\\Users\\user\\source\\repos\\WebDotnetLab1-2\\LinkedList.Tests\\bin\\Release\\net6.0\\fine-code-coverage\\build-output\\LinkedList.Tests.dll","CodeFilePath":null,"LineNumber":0,"Properties":[{"Key":{"Id":"NUnit.Seed","Label":"Seed","Category":"","Description":"","Attributes":0,"ValueType":"System.String"},"Value":"474316924"}]},"Attachments":[],"Outcome":1,"ErrorMessage":null,"ErrorStackTrace":null,"DisplayName":"AddBefore_AddingNodeBeforeNode","Messages":[],"ComputerName":"WIN-LN87GFJE5H1","Duration":"00:00:00.0007220","StartTime":"2022-11-22T05:26:30.7738691+00:00","EndTime":"2022-11-22T05:26:30.7745896+00:00","Properties":[{"Key":{"Id":"NUnit.Seed","Label":"Seed","Category":"","Description":"","Attributes":0,"ValueType":"System.String"},"Value":"474316924"}]},{"TestCase":{"Id":"025100d5-d35c-4e6d-636d-15f556d460b3","FullyQualifiedName":"LinkedList.Tests.MyLinkedListTests.AddFirst_AddingForeignNode_Throws","DisplayName":"AddFirst_AddingForeignNode_Throws","ExecutorUri":"executor://NUnit3TestExecutor","Source":"C:\\Users\\user\\source\\repos\\WebDotnetLab1-2\\LinkedList.Tests\\bin\\Release\\net6.0\\fine-code-coverage\\build-output\\LinkedList.Tests.dll","CodeFilePath":null,"LineNumber":0,"Properties":[{"Key":{"Id":"NUnit.Seed","Label":"Seed","Category":"","Description":"","Attributes":0,"ValueType":"System.String"},"Value":"1842806198"}]},"Attachments":[],"Outcome":1,"ErrorMessage":null,"ErrorStackTrace":null,"DisplayName":"AddFirst_AddingForeignNode_Throws","Messages":[],"ComputerName":"WIN-LN87GFJE5H1","Duration":"00:00:00.0007710","StartTime":"2022-11-22T05:26:30.7746277+00:00","EndTime":"2022-11-22T05:26:30.7753983+00:00","Properties":[{"Key":{"Id":"NUnit.Seed","Label":"Seed","Category":"","Description":"","Attributes":0,"ValueType":"System.String"},"Value":"1842806198"}]},{"TestCase":{"Id":"e0cbb8c0-d35e-6c89-2c7e-ad9bbfcc5dca","FullyQualifiedName":"LinkedList.Tests.MyLinkedListTests.AddFirst_AddingItem_ItemBecomesFirst","DisplayName":"AddFirst_AddingItem_ItemBecomesFirst","ExecutorUri":"executor://NUnit3TestExecutor","Source":"C:\\Users\\user\\source\\repos\\WebDotnetLab1-2\\LinkedList.Tests\\bin\\Release\\net6.0\\fine-code-coverage\\build-output\\LinkedList.Tests.dll","CodeFilePath":null,"LineNumber":0,"Properties":[{"Key":{"Id":"NUnit.Seed","Label":"Seed","Category":"","Description":"","Attributes":0,"ValueType":"System.String"},"Value":"303112563"}]},"Attachments":[],"Outcome":1,"ErrorMessage":null,"ErrorStackTrace":null,"DisplayName":"AddFirst_AddingItem_ItemBecomesFirst","Messages":[],"ComputerName":"WIN-LN87GFJE5H1","Duration":"00:00:00.0021100","StartTime":"2022-11-22T05:26:30.7754336+00:00","EndTime":"2022-11-22T05:26:30.7775428+00:00","Properties":[{"Key":{"Id":"NUnit.Seed","Label":"Seed","Category":"","Description":"","Attributes":0,"ValueType":"System.String"},"Value":"303112563"}]},{"TestCase":{"Id":"2ed78f78-9032-3089-c2f8-10e1411efcd5","FullyQualifiedName":"LinkedList.Tests.MyLinkedListTests.AddFirst_AddingNode_NodeBecomesFirst","DisplayName":"AddFirst_AddingNode_NodeBecomesFirst","ExecutorUri":"executor://NUnit3TestExecutor","Source":"C:\\Users\\user\\source\\repos\\WebDotnetLab1-2\\LinkedList.Tests\\bin\\Release\\net6.0\\fine-code-coverage\\build-output\\LinkedList.Tests.dll","CodeFilePath":null,"LineNumber":0,"Properties":[{"Key":{"Id":"NUnit.Seed","Label":"Seed","Category":"","Description":"","Attributes":0,"ValueType":"System.String"},"Value":"1892331891"}]},"Attachments":[],"Outcome":1,"ErrorMessage":null,"ErrorStackTrace":null,"DisplayName":"AddFirst_AddingNode_NodeBecomesFirst","Messages":[],"ComputerName":"WIN-LN87GFJE5H1","Duration":"00:00:00.0005740","StartTime":"2022-11-22T05:26:30.7776116+00:00","EndTime":"2022-11-22T05:26:30.7781848+00:00","Properties":[{"Key":{"Id":"NUnit.Seed","Label":"Seed","Category":"","Description":"","Attributes":0,"ValueType":"System.String"},"Value":"1892331891"}]}],"TestRunStatistics":{"ExecutedTests":18,"Stats":{"Passed":18}},"ActiveTests":[{"Id":"57fa7156-8b5c-868a-0248-72e4871cf031","FullyQualifiedName":"LinkedList.Tests.MyLinkedListTests.AddLast_AddingForeignNode_Throws","DisplayName":"AddLast_AddingForeignNode_Throws","ExecutorUri":"executor://NUnit3TestExecutor","Source":"C:\\Users\\user\\source\\repos\\WebDotnetLab1-2\\LinkedList.Tests\\bin\\Release\\net6.0\\fine-code-coverage\\build-output\\LinkedList.Tests.dll","CodeFilePath":null,"LineNumber":0,"Properties":[{"Key":{"Id":"NUnit.Seed","Label":"Seed","Category":"","Description":"","Attributes":0,"ValueType":"System.String"},"Value":"337608015"}]}]}}
TpTrace Verbose: 0 : 17100, 10, 2022/11/22, 07:26:31.093, 5575466654967, vstest.console.dll, TestRunRequest:SendTestRunStatsChange: Starting.
TpTrace Verbose: 0 : 17100, 10, 2022/11/22, 07:26:31.093, 5575466656076, vstest.console.dll, InProgress is AddLast_AddingForeignNode_Throws
TpTrace Verbose: 0 : 17100, 10, 2022/11/22, 07:26:31.093, 5575466656915, vstest.console.dll, MulticastDelegateUtilities.SafeInvoke: TestRun.RunStatsChanged: Invoking callbacks was skipped because there are no subscribers.
TpTrace Information: 0 : 17100, 10, 2022/11/22, 07:26:31.093, 5575466657412, vstest.console.dll, TestRunRequest:SendTestRunStatsChange: Completed.
TpTrace Verbose: 0 : 17100, 10, 2022/11/22, 07:26:31.093, 5575466657916, vstest.console.dll, MulticastDelegateUtilities.SafeInvoke: LengthPrefixCommunicationChannel: MessageReceived: Invoking callback 1/1 for Microsoft.VisualStudio.TestPlatform.CommunicationUtilities.TestRequestSender+<>c__DisplayClass31_0.<StartTestRun>b__1, took 4 ms.
TpTrace Verbose: 0 : 17100, 10, 2022/11/22, 07:26:31.093, 5575466658391, vstest.console.dll, TcpClientExtensions.MessageLoopAsync: Polling on remoteEndPoint: 127.0.0.1:51265 localEndPoint: 127.0.0.1:51264
TpTrace Verbose: 0 : 17100, 4, 2022/11/22, 07:26:31.095, 5575466678398, vstest.console.dll, MulticastDelegateUtilities.SafeInvoke: InternalTestLoggerEvents.SendTestResult: Invoking callback 1/1 for Microsoft.VisualStudio.TestPlatform.CommandLine.Internal.ConsoleLogger.TestResultHandler, took 7 ms.
TpTrace Verbose: 0 : 17100, 4, 2022/11/22, 07:26:31.096, 5575466681502, vstest.console.dll, MulticastDelegateUtilities.SafeInvoke: InternalTestLoggerEvents.SendTestResult: Invoking callback 1/1 for Microsoft.VisualStudio.TestPlatform.CommandLine.Internal.ConsoleLogger.TestResultHandler, took 0 ms.
TpTrace Verbose: 0 : 17100, 4, 2022/11/22, 07:26:31.096, 5575466683955, vstest.console.dll, MulticastDelegateUtilities.SafeInvoke: InternalTestLoggerEvents.SendTestResult: Invoking callback 1/1 for Microsoft.VisualStudio.TestPlatform.CommandLine.Internal.ConsoleLogger.TestResultHandler, took 0 ms.
TpTrace Verbose: 0 : 17100, 4, 2022/11/22, 07:26:31.096, 5575466684919, vstest.console.dll, MulticastDelegateUtilities.SafeInvoke: InternalTestLoggerEvents.SendTestResult: Invoking callback 1/1 for Microsoft.VisualStudio.TestPlatform.CommandLine.Internal.ConsoleLogger.TestResultHandler, took 0 ms.
TpTrace Verbose: 0 : 17100, 4, 2022/11/22, 07:26:31.096, 5575466685666, vstest.console.dll, MulticastDelegateUtilities.SafeInvoke: InternalTestLoggerEvents.SendTestResult: Invoking callback 1/1 for Microsoft.VisualStudio.TestPlatform.CommandLine.Internal.ConsoleLogger.TestResultHandler, took 0 ms.
TpTrace Verbose: 0 : 17100, 4, 2022/11/22, 07:26:31.096, 5575466686398, vstest.console.dll, MulticastDelegateUtilities.SafeInvoke: InternalTestLoggerEvents.SendTestResult: Invoking callback 1/1 for Microsoft.VisualStudio.TestPlatform.CommandLine.Internal.ConsoleLogger.TestResultHandler, took 0 ms.
TpTrace Verbose: 0 : 17100, 4, 2022/11/22, 07:26:31.096, 5575466687143, vstest.console.dll, MulticastDelegateUtilities.SafeInvoke: InternalTestLoggerEvents.SendTestResult: Invoking callback 1/1 for Microsoft.VisualStudio.TestPlatform.CommandLine.Internal.ConsoleLogger.TestResultHandler, took 0 ms.
TpTrace Verbose: 0 : 17100, 4, 2022/11/22, 07:26:31.096, 5575466687961, vstest.console.dll, MulticastDelegateUtilities.SafeInvoke: InternalTestLoggerEvents.SendTestResult: Invoking callback 1/1 for Microsoft.VisualStudio.TestPlatform.CommandLine.Internal.ConsoleLogger.TestResultHandler, took 0 ms.
TpTrace Verbose: 0 : 17100, 4, 2022/11/22, 07:26:31.096, 5575466688745, vstest.console.dll, MulticastDelegateUtilities.SafeInvoke: InternalTestLoggerEvents.SendTestResult: Invoking callback 1/1 for Microsoft.VisualStudio.TestPlatform.CommandLine.Internal.ConsoleLogger.TestResultHandler, took 0 ms.
TpTrace Verbose: 0 : 17100, 4, 2022/11/22, 07:26:31.101, 5575466729926, vstest.console.dll, MulticastDelegateUtilities.SafeInvoke: InternalTestLoggerEvents.SendTestResult: Invoking callback 1/1 for Microsoft.VisualStudio.TestPlatform.CommandLine.Internal.ConsoleLogger.TestResultHandler, took 4 ms.
TpTrace Verbose: 0 : 17100, 4, 2022/11/22, 07:26:31.101, 5575466731967, vstest.console.dll, MulticastDelegateUtilities.SafeInvoke: InternalTestLoggerEvents.SendTestResult: Invoking callback 1/1 for Microsoft.VisualStudio.TestPlatform.CommandLine.Internal.ConsoleLogger.TestResultHandler, took 0 ms.
TpTrace Verbose: 0 : 17100, 4, 2022/11/22, 07:26:31.101, 5575466734033, vstest.console.dll, MulticastDelegateUtilities.SafeInvoke: InternalTestLoggerEvents.SendTestResult: Invoking callback 1/1 for Microsoft.VisualStudio.TestPlatform.CommandLine.Internal.ConsoleLogger.TestResultHandler, took 0 ms.
TpTrace Verbose: 0 : 17100, 4, 2022/11/22, 07:26:31.101, 5575466734927, vstest.console.dll, MulticastDelegateUtilities.SafeInvoke: InternalTestLoggerEvents.SendTestResult: Invoking callback 1/1 for Microsoft.VisualStudio.TestPlatform.CommandLine.Internal.ConsoleLogger.TestResultHandler, took 0 ms.
TpTrace Verbose: 0 : 17100, 4, 2022/11/22, 07:26:31.101, 5575466735695, vstest.console.dll, MulticastDelegateUtilities.SafeInvoke: InternalTestLoggerEvents.SendTestResult: Invoking callback 1/1 for Microsoft.VisualStudio.TestPlatform.CommandLine.Internal.ConsoleLogger.TestResultHandler, took 0 ms.
TpTrace Verbose: 0 : 17100, 4, 2022/11/22, 07:26:31.101, 5575466736577, vstest.console.dll, MulticastDelegateUtilities.SafeInvoke: InternalTestLoggerEvents.SendTestResult: Invoking callback 1/1 for Microsoft.VisualStudio.TestPlatform.CommandLine.Internal.ConsoleLogger.TestResultHandler, took 0 ms.
TpTrace Verbose: 0 : 17100, 4, 2022/11/22, 07:26:31.101, 5575466738726, vstest.console.dll, MulticastDelegateUtilities.SafeInvoke: InternalTestLoggerEvents.SendTestResult: Invoking callback 1/1 for Microsoft.VisualStudio.TestPlatform.CommandLine.Internal.ConsoleLogger.TestResultHandler, took 0 ms.
TpTrace Verbose: 0 : 17100, 4, 2022/11/22, 07:26:31.102, 5575466739877, vstest.console.dll, MulticastDelegateUtilities.SafeInvoke: InternalTestLoggerEvents.SendTestResult: Invoking callback 1/1 for Microsoft.VisualStudio.TestPlatform.CommandLine.Internal.ConsoleLogger.TestResultHandler, took 0 ms.
TpTrace Verbose: 0 : 17100, 4, 2022/11/22, 07:26:31.102, 5575466740639, vstest.console.dll, MulticastDelegateUtilities.SafeInvoke: InternalTestLoggerEvents.SendTestResult: Invoking callback 1/1 for Microsoft.VisualStudio.TestPlatform.CommandLine.Internal.ConsoleLogger.TestResultHandler, took 0 ms.
TpTrace Verbose: 0 : 17100, 10, 2022/11/22, 07:26:31.119, 5575466916738, vstest.console.dll, TcpClientExtensions.MessageLoopAsync: NotifyDataAvailable remoteEndPoint: 127.0.0.1:51265 localEndPoint: 127.0.0.1:51264
TpTrace Verbose: 0 : 17100, 10, 2022/11/22, 07:26:31.120, 5575466920881, vstest.console.dll, TestRequestSender.OnExecutionMessageReceived: Received message: {"Version":5,"MessageType":"TestExecution.StatsChange","Payload":{"NewTestResults":[{"TestCase":{"Id":"57fa7156-8b5c-868a-0248-72e4871cf031","FullyQualifiedName":"LinkedList.Tests.MyLinkedListTests.AddLast_AddingForeignNode_Throws","DisplayName":"AddLast_AddingForeignNode_Throws","ExecutorUri":"executor://NUnit3TestExecutor","Source":"C:\\Users\\user\\source\\repos\\WebDotnetLab1-2\\LinkedList.Tests\\bin\\Release\\net6.0\\fine-code-coverage\\build-output\\LinkedList.Tests.dll","CodeFilePath":null,"LineNumber":0,"Properties":[{"Key":{"Id":"NUnit.Seed","Label":"Seed","Category":"","Description":"","Attributes":0,"ValueType":"System.String"},"Value":"337608015"}]},"Attachments":[],"Outcome":1,"ErrorMessage":null,"ErrorStackTrace":null,"DisplayName":"AddLast_AddingForeignNode_Throws","Messages":[],"ComputerName":"WIN-LN87GFJE5H1","Duration":"00:00:00.0005340","StartTime":"2022-11-22T05:26:30.7782146+00:00","EndTime":"2022-11-22T05:26:30.7787478+00:00","Properties":[{"Key":{"Id":"NUnit.Seed","Label":"Seed","Category":"","Description":"","Attributes":0,"ValueType":"System.String"},"Value":"337608015"}]},{"TestCase":{"Id":"40ae423e-c22c-d913-6184-1b6c58b64839","FullyQualifiedName":"LinkedList.Tests.MyLinkedListTests.AddLast_AddingItem_ItemBecomesLast","DisplayName":"AddLast_AddingItem_ItemBecomesLast","ExecutorUri":"executor://NUnit3TestExecutor","Source":"C:\\Users\\user\\source\\repos\\WebDotnetLab1-2\\LinkedList.Tests\\bin\\Release\\net6.0\\fine-code-coverage\\build-output\\LinkedList.Tests.dll","CodeFilePath":null,"LineNumber":0,"Properties":[{"Key":{"Id":"NUnit.Seed","Label":"Seed","Category":"","Description":"","Attributes":0,"ValueType":"System.String"},"Value":"1508407316"}]},"Attachments":[],"Outcome":1,"ErrorMessage":null,"ErrorStackTrace":null,"DisplayName":"AddLast_AddingItem_ItemBecomesLast","Messages":[],"ComputerName":"WIN-LN87GFJE5H1","Duration":"00:00:00.0008940","StartTime":"2022-11-22T05:26:30.7787782+00:00","EndTime":"2022-11-22T05:26:30.7796715+00:00","Properties":[{"Key":{"Id":"NUnit.Seed","Label":"Seed","Category":"","Description":"","Attributes":0,"ValueType":"System.String"},"Value":"1508407316"}]},{"TestCase":{"Id":"6e1f86f3-65dc-24ae-6c41-3d9f1d9013ce","FullyQualifiedName":"LinkedList.Tests.MyLinkedListTests.AddLast_AddingItemToAnEmptyList_ItemBecomesFirst","DisplayName":"AddLast_AddingItemToAnEmptyList_ItemBecomesFirst","ExecutorUri":"executor://NUnit3TestExecutor","Source":"C:\\Users\\user\\source\\repos\\WebDotnetLab1-2\\LinkedList.Tests\\bin\\Release\\net6.0\\fine-code-coverage\\build-output\\LinkedList.Tests.dll","CodeFilePath":null,"LineNumber":0,"Properties":[{"Key":{"Id":"NUnit.Seed","Label":"Seed","Category":"","Description":"","Attributes":0,"ValueType":"System.String"},"Value":"1591188278"}]},"Attachments":[],"Outcome":1,"ErrorMessage":null,"ErrorStackTrace":null,"DisplayName":"AddLast_AddingItemToAnEmptyList_ItemBecomesFirst","Messages":[],"ComputerName":"WIN-LN87GFJE5H1","Duration":"00:00:00.0007640","StartTime":"2022-11-22T05:26:30.7797155+00:00","EndTime":"2022-11-22T05:26:30.7804789+00:00","Properties":[{"Key":{"Id":"NUnit.Seed","Label":"Seed","Category":"","Description":"","Attributes":0,"ValueType":"System.String"},"Value":"1591188278"}]},{"TestCase":{"Id":"dde95948-bbae-ba6e-4589-da32a44a95ed","FullyQualifiedName":"LinkedList.Tests.MyLinkedListTests.AddLast_AddingNode_NodeBecomesLast","DisplayName":"AddLast_AddingNode_NodeBecomesLast","ExecutorUri":"executor://NUnit3TestExecutor","Source":"C:\\Users\\user\\source\\repos\\WebDotnetLab1-2\\LinkedList.Tests\\bin\\Release\\net6.0\\fine-code-coverage\\build-output\\LinkedList.Tests.dll","CodeFilePath":null,"LineNumber":0,"Properties":[{"Key":{"Id":"NUnit.Seed","Label":"Seed","Category":"","Description":"","Attributes":0,"ValueType":"System.String"},"Value":"716893347"}]},"Attachments":[],"Outcome":1,"ErrorMessage":null,"ErrorStackTrace":null,"DisplayName":"AddLast_AddingNode_NodeBecomesLast","Messages":[],"ComputerName":"WIN-LN87GFJE5H1","Duration":"00:00:00.0009240","StartTime":"2022-11-22T05:26:30.7805185+00:00","EndTime":"2022-11-22T05:26:30.7814417+00:00","Properties":[{"Key":{"Id":"NUnit.Seed","Label":"Seed","Category":"","Description":"","Attributes":0,"ValueType":"System.String"},"Value":"716893347"}]},{"TestCase":{"Id":"8f519f66-892a-1322-24a9-d86f7fe33eea","FullyQualifiedName":"LinkedList.Tests.MyLinkedListTests.AddLast_AddingNodeToAnEmptyList_NodeBecomesFirst","DisplayName":"AddLast_AddingNodeToAnEmptyList_NodeBecomesFirst","ExecutorUri":"executor://NUnit3TestExecutor","Source":"C:\\Users\\user\\source\\repos\\WebDotnetLab1-2\\LinkedList.Tests\\bin\\Release\\net6.0\\fine-code-coverage\\build-output\\LinkedList.Tests.dll","CodeFilePath":null,"LineNumber":0,"Properties":[{"Key":{"Id":"NUnit.Seed","Label":"Seed","Category":"","Description":"","Attributes":0,"ValueType":"System.String"},"Value":"673000326"}]},"Attachments":[],"Outcome":1,"ErrorMessage":null,"ErrorStackTrace":null,"DisplayName":"AddLast_AddingNodeToAnEmptyList_NodeBecomesFirst","Messages":[],"ComputerName":"WIN-LN87GFJE5H1","Duration":"00:00:00.0007730","StartTime":"2022-11-22T05:26:30.7814875+00:00","EndTime":"2022-11-22T05:26:30.7822595+00:00","Properties":[{"Key":{"Id":"NUnit.Seed","Label":"Seed","Category":"","Description":"","Attributes":0,"ValueType":"System.String"},"Value":"673000326"}]},{"TestCase":{"Id":"6eec09e9-81ab-18e8-d95b-76e0784b3ebf","FullyQualifiedName":"LinkedList.Tests.MyLinkedListTests.Clear_NoNodesZeroCount","DisplayName":"Clear_NoNodesZeroCount","ExecutorUri":"executor://NUnit3TestExecutor","Source":"C:\\Users\\user\\source\\repos\\WebDotnetLab1-2\\LinkedList.Tests\\bin\\Release\\net6.0\\fine-code-coverage\\build-output\\LinkedList.Tests.dll","CodeFilePath":null,"LineNumber":0,"Properties":[{"Key":{"Id":"NUnit.Seed","Label":"Seed","Category":"","Description":"","Attributes":0,"ValueType":"System.String"},"Value":"879921173"}]},"Attachments":[],"Outcome":1,"ErrorMessage":null,"ErrorStackTrace":null,"DisplayName":"Clear_NoNodesZeroCount","Messages":[],"ComputerName":"WIN-LN87GFJE5H1","Duration":"00:00:00.0014100","StartTime":"2022-11-22T05:26:30.7823015+00:00","EndTime":"2022-11-22T05:26:30.7837108+00:00","Properties":[{"Key":{"Id":"NUnit.Seed","Label":"Seed","Category":"","Description":"","Attributes":0,"ValueType":"System.String"},"Value":"879921173"}]},{"TestCase":{"Id":"7f2717a4-b0ff-91ec-6d1e-935e8c8a61d8","FullyQualifiedName":"LinkedList.Tests.MyLinkedListTests.Contains_ItemFound","DisplayName":"Contains_ItemFound","ExecutorUri":"executor://NUnit3TestExecutor","Source":"C:\\Users\\user\\source\\repos\\WebDotnetLab1-2\\LinkedList.Tests\\bin\\Release\\net6.0\\fine-code-coverage\\build-output\\LinkedList.Tests.dll","CodeFilePath":null,"LineNumber":0,"Properties":[{"Key":{"Id":"NUnit.Seed","Label":"Seed","Category":"","Description":"","Attributes":0,"ValueType":"System.String"},"Value":"1303457842"}]},"Attachments":[],"Outcome":1,"ErrorMessage":null,"ErrorStackTrace":null,"DisplayName":"Contains_ItemFound","Messages":[],"ComputerName":"WIN-LN87GFJE5H1","Duration":"00:00:00.0098700","StartTime":"2022-11-22T05:26:30.7837518+00:00","EndTime":"2022-11-22T05:26:30.7936216+00:00","Properties":[{"Key":{"Id":"NUnit.Seed","Label":"Seed","Category":"","Description":"","Attributes":0,"ValueType":"System.String"},"Value":"1303457842"}]},{"TestCase":{"Id":"c7c9fbfc-c5be-4b64-a43d-f1f288a491da","FullyQualifiedName":"LinkedList.Tests.MyLinkedListTests.Contains_ItemNotFound","DisplayName":"Contains_ItemNotFound","ExecutorUri":"executor://NUnit3TestExecutor","Source":"C:\\Users\\user\\source\\repos\\WebDotnetLab1-2\\LinkedList.Tests\\bin\\Release\\net6.0\\fine-code-coverage\\build-output\\LinkedList.Tests.dll","CodeFilePath":null,"LineNumber":0,"Properties":[{"Key":{"Id":"NUnit.Seed","Label":"Seed","Category":"","Description":"","Attributes":0,"ValueType":"System.String"},"Value":"878038721"}]},"Attachments":[],"Outcome":1,"ErrorMessage":null,"ErrorStackTrace":null,"DisplayName":"Contains_ItemNotFound","Messages":[],"ComputerName":"WIN-LN87GFJE5H1","Duration":"00:00:00.0005190","StartTime":"2022-11-22T05:26:30.7936743+00:00","EndTime":"2022-11-22T05:26:30.7941926+00:00","Properties":[{"Key":{"Id":"NUnit.Seed","Label":"Seed","Category":"","Description":"","Attributes":0,"ValueType":"System.String"},"Value":"878038721"}]},{"TestCase":{"Id":"b4d47c3f-ef3a-758a-ab1c-c08115d43936","FullyQualifiedName":"LinkedList.Tests.MyLinkedListTests.CopyTo_FillingArray","DisplayName":"CopyTo_FillingArray","ExecutorUri":"executor://NUnit3TestExecutor","Source":"C:\\Users\\user\\source\\repos\\WebDotnetLab1-2\\LinkedList.Tests\\bin\\Release\\net6.0\\fine-code-coverage\\build-output\\LinkedList.Tests.dll","CodeFilePath":null,"LineNumber":0,"Properties":[{"Key":{"Id":"NUnit.Seed","Label":"Seed","Category":"","Description":"","Attributes":0,"ValueType":"System.String"},"Value":"1922597802"}]},"Attachments":[],"Outcome":1,"ErrorMessage":null,"ErrorStackTrace":null,"DisplayName":"CopyTo_FillingArray","Messages":[],"ComputerName":"WIN-LN87GFJE5H1","Duration":"00:00:00.0073700","StartTime":"2022-11-22T05:26:30.7942256+00:00","EndTime":"2022-11-22T05:26:30.8015946+00:00","Properties":[{"Key":{"Id":"NUnit.Seed","Label":"Seed","Category":"","Description":"","Attributes":0,"ValueType":"System.String"},"Value":"1922597802"}]}],"TestRunStatistics":{"ExecutedTests":27,"Stats":{"Passed":27}},"ActiveTests":[{"Id":"d01903c9-085b-eadb-2904-1055f7051f58","FullyQualifiedName":"LinkedList.Tests.MyLinkedListTests.CopyTo_ItemsCannotFit_Throws","DisplayName":"CopyTo_ItemsCannotFit_Throws","ExecutorUri":"executor://NUnit3TestExecutor","Source":"C:\\Users\\user\\source\\repos\\WebDotnetLab1-2\\LinkedList.Tests\\bin\\Release\\net6.0\\fine-code-coverage\\build-output\\LinkedList.Tests.dll","CodeFilePath":null,"LineNumber":0,"Properties":[{"Key":{"Id":"NUnit.Seed","Label":"Seed","Category":"","Description":"","Attributes":0,"ValueType":"System.String"},"Value":"1299110551"}]}]}}
TpTrace Verbose: 0 : 17100, 10, 2022/11/22, 07:26:31.122, 5575466946015, vstest.console.dll, TestRunRequest:SendTestRunStatsChange: Starting.
TpTrace Verbose: 0 : 17100, 10, 2022/11/22, 07:26:31.122, 5575466947167, vstest.console.dll, InProgress is CopyTo_ItemsCannotFit_Throws
TpTrace Verbose: 0 : 17100, 10, 2022/11/22, 07:26:31.122, 5575466948045, vstest.console.dll, MulticastDelegateUtilities.SafeInvoke: TestRun.RunStatsChanged: Invoking callbacks was skipped because there are no subscribers.
TpTrace Information: 0 : 17100, 10, 2022/11/22, 07:26:31.122, 5575466948529, vstest.console.dll, TestRunRequest:SendTestRunStatsChange: Completed.
TpTrace Verbose: 0 : 17100, 10, 2022/11/22, 07:26:31.122, 5575466949145, vstest.console.dll, MulticastDelegateUtilities.SafeInvoke: LengthPrefixCommunicationChannel: MessageReceived: Invoking callback 1/1 for Microsoft.VisualStudio.TestPlatform.CommunicationUtilities.TestRequestSender+<>c__DisplayClass31_0.<StartTestRun>b__1, took 2 ms.
TpTrace Verbose: 0 : 17100, 4, 2022/11/22, 07:26:31.122, 5575466949223, vstest.console.dll, MulticastDelegateUtilities.SafeInvoke: InternalTestLoggerEvents.SendTestResult: Invoking callback 1/1 for Microsoft.VisualStudio.TestPlatform.CommandLine.Internal.ConsoleLogger.TestResultHandler, took 0 ms.
TpTrace Verbose: 0 : 17100, 10, 2022/11/22, 07:26:31.123, 5575466949842, vstest.console.dll, TcpClientExtensions.MessageLoopAsync: Polling on remoteEndPoint: 127.0.0.1:51265 localEndPoint: 127.0.0.1:51264
TpTrace Verbose: 0 : 17100, 4, 2022/11/22, 07:26:31.123, 5575466951071, vstest.console.dll, MulticastDelegateUtilities.SafeInvoke: InternalTestLoggerEvents.SendTestResult: Invoking callback 1/1 for Microsoft.VisualStudio.TestPlatform.CommandLine.Internal.ConsoleLogger.TestResultHandler, took 0 ms.
TpTrace Verbose: 0 : 17100, 4, 2022/11/22, 07:26:31.123, 5575466951989, vstest.console.dll, MulticastDelegateUtilities.SafeInvoke: InternalTestLoggerEvents.SendTestResult: Invoking callback 1/1 for Microsoft.VisualStudio.TestPlatform.CommandLine.Internal.ConsoleLogger.TestResultHandler, took 0 ms.
TpTrace Verbose: 0 : 17100, 4, 2022/11/22, 07:26:31.123, 5575466952708, vstest.console.dll, MulticastDelegateUtilities.SafeInvoke: InternalTestLoggerEvents.SendTestResult: Invoking callback 1/1 for Microsoft.VisualStudio.TestPlatform.CommandLine.Internal.ConsoleLogger.TestResultHandler, took 0 ms.
TpTrace Verbose: 0 : 17100, 4, 2022/11/22, 07:26:31.123, 5575466953418, vstest.console.dll, MulticastDelegateUtilities.SafeInvoke: InternalTestLoggerEvents.SendTestResult: Invoking callback 1/1 for Microsoft.VisualStudio.TestPlatform.CommandLine.Internal.ConsoleLogger.TestResultHandler, took 0 ms.
TpTrace Verbose: 0 : 17100, 4, 2022/11/22, 07:26:31.123, 5575466954146, vstest.console.dll, MulticastDelegateUtilities.SafeInvoke: InternalTestLoggerEvents.SendTestResult: Invoking callback 1/1 for Microsoft.VisualStudio.TestPlatform.CommandLine.Internal.ConsoleLogger.TestResultHandler, took 0 ms.
TpTrace Verbose: 0 : 17100, 4, 2022/11/22, 07:26:31.123, 5575466954895, vstest.console.dll, MulticastDelegateUtilities.SafeInvoke: InternalTestLoggerEvents.SendTestResult: Invoking callback 1/1 for Microsoft.VisualStudio.TestPlatform.CommandLine.Internal.ConsoleLogger.TestResultHandler, took 0 ms.
TpTrace Verbose: 0 : 17100, 4, 2022/11/22, 07:26:31.123, 5575466955626, vstest.console.dll, MulticastDelegateUtilities.SafeInvoke: InternalTestLoggerEvents.SendTestResult: Invoking callback 1/1 for Microsoft.VisualStudio.TestPlatform.CommandLine.Internal.ConsoleLogger.TestResultHandler, took 0 ms.
TpTrace Verbose: 0 : 17100, 4, 2022/11/22, 07:26:31.123, 5575466956316, vstest.console.dll, MulticastDelegateUtilities.SafeInvoke: InternalTestLoggerEvents.SendTestResult: Invoking callback 1/1 for Microsoft.VisualStudio.TestPlatform.CommandLine.Internal.ConsoleLogger.TestResultHandler, took 0 ms.
TpTrace Verbose: 0 : 17100, 10, 2022/11/22, 07:26:31.167, 5575467393864, vstest.console.dll, TcpClientExtensions.MessageLoopAsync: NotifyDataAvailable remoteEndPoint: 127.0.0.1:51265 localEndPoint: 127.0.0.1:51264
TpTrace Verbose: 0 : 17100, 10, 2022/11/22, 07:26:31.167, 5575467398371, vstest.console.dll, TestRequestSender.OnExecutionMessageReceived: Received message: {"Version":5,"MessageType":"TestExecution.StatsChange","Payload":{"NewTestResults":[{"TestCase":{"Id":"d01903c9-085b-eadb-2904-1055f7051f58","FullyQualifiedName":"LinkedList.Tests.MyLinkedListTests.CopyTo_ItemsCannotFit_Throws","DisplayName":"CopyTo_ItemsCannotFit_Throws","ExecutorUri":"executor://NUnit3TestExecutor","Source":"C:\\Users\\user\\source\\repos\\WebDotnetLab1-2\\LinkedList.Tests\\bin\\Release\\net6.0\\fine-code-coverage\\build-output\\LinkedList.Tests.dll","CodeFilePath":null,"LineNumber":0,"Properties":[{"Key":{"Id":"NUnit.Seed","Label":"Seed","Category":"","Description":"","Attributes":0,"ValueType":"System.String"},"Value":"1299110551"}]},"Attachments":[],"Outcome":1,"ErrorMessage":null,"ErrorStackTrace":null,"DisplayName":"CopyTo_ItemsCannotFit_Throws","Messages":[],"ComputerName":"WIN-LN87GFJE5H1","Duration":"00:00:00.0007640","StartTime":"2022-11-22T05:26:30.8016782+00:00","EndTime":"2022-11-22T05:26:30.8024419+00:00","Properties":[{"Key":{"Id":"NUnit.Seed","Label":"Seed","Category":"","Description":"","Attributes":0,"ValueType":"System.String"},"Value":"1299110551"}]},{"TestCase":{"Id":"8a81abfe-c9ac-f0ff-db45-04a11499fa83","FullyQualifiedName":"LinkedList.Tests.MyLinkedListTests.CopyTo_NonexistentIndex_Throws","DisplayName":"CopyTo_NonexistentIndex_Throws","ExecutorUri":"executor://NUnit3TestExecutor","Source":"C:\\Users\\user\\source\\repos\\WebDotnetLab1-2\\LinkedList.Tests\\bin\\Release\\net6.0\\fine-code-coverage\\build-output\\LinkedList.Tests.dll","CodeFilePath":null,"LineNumber":0,"Properties":[{"Key":{"Id":"NUnit.Seed","Label":"Seed","Category":"","Description":"","Attributes":0,"ValueType":"System.String"},"Value":"108786546"}]},"Attachments":[],"Outcome":1,"ErrorMessage":null,"ErrorStackTrace":null,"DisplayName":"CopyTo_NonexistentIndex_Throws","Messages":[],"ComputerName":"WIN-LN87GFJE5H1","Duration":"00:00:00.0006880","StartTime":"2022-11-22T05:26:30.8024761+00:00","EndTime":"2022-11-22T05:26:30.8031633+00:00","Properties":[{"Key":{"Id":"NUnit.Seed","Label":"Seed","Category":"","Description":"","Attributes":0,"ValueType":"System.String"},"Value":"108786546"}]},{"TestCase":{"Id":"8d6c15ff-5676-82e1-6776-93048f183e4b","FullyQualifiedName":"LinkedList.Tests.MyLinkedListTests.Enumerator_ModifyingCollection_Throws","DisplayName":"Enumerator_ModifyingCollection_Throws","ExecutorUri":"executor://NUnit3TestExecutor","Source":"C:\\Users\\user\\source\\repos\\WebDotnetLab1-2\\LinkedList.Tests\\bin\\Release\\net6.0\\fine-code-coverage\\build-output\\LinkedList.Tests.dll","CodeFilePath":null,"LineNumber":0,"Properties":[{"Key":{"Id":"NUnit.Seed","Label":"Seed","Category":"","Description":"","Attributes":0,"ValueType":"System.String"},"Value":"503948157"}]},"Attachments":[],"Outcome":1,"ErrorMessage":null,"ErrorStackTrace":null,"DisplayName":"Enumerator_ModifyingCollection_Throws","Messages":[],"ComputerName":"WIN-LN87GFJE5H1","Duration":"00:00:00.0016390","StartTime":"2022-11-22T05:26:30.8031963+00:00","EndTime":"2022-11-22T05:26:30.8048351+00:00","Properties":[{"Key":{"Id":"NUnit.Seed","Label":"Seed","Category":"","Description":"","Attributes":0,"ValueType":"System.String"},"Value":"503948157"}]},{"TestCase":{"Id":"dd7f494c-a332-db98-9168-63b9540a5ff8","FullyQualifiedName":"LinkedList.Tests.MyLinkedListTests.Events_Are_Raised","DisplayName":"Events_Are_Raised","ExecutorUri":"executor://NUnit3TestExecutor","Source":"C:\\Users\\user\\source\\repos\\WebDotnetLab1-2\\LinkedList.Tests\\bin\\Release\\net6.0\\fine-code-coverage\\build-output\\LinkedList.Tests.dll","CodeFilePath":null,"LineNumber":0,"Properties":[{"Key":{"Id":"NUnit.Seed","Label":"Seed","Category":"","Description":"","Attributes":0,"ValueType":"System.String"},"Value":"874048227"}]},"Attachments":[],"Outcome":1,"ErrorMessage":null,"ErrorStackTrace":null,"DisplayName":"Events_Are_Raised","Messages":[],"ComputerName":"WIN-LN87GFJE5H1","Duration":"00:00:00.0011540","StartTime":"2022-11-22T05:26:30.8048791+00:00","EndTime":"2022-11-22T05:26:30.8060318+00:00","Properties":[{"Key":{"Id":"NUnit.Seed","Label":"Seed","Category":"","Description":"","Attributes":0,"ValueType":"System.String"},"Value":"874048227"}]},{"TestCase":{"Id":"86dcd814-8ec3-1ebf-a590-8d21ae5c743c","FullyQualifiedName":"LinkedList.Tests.MyLinkedListTests.Find_FindingOrFailingToFind","DisplayName":"Find_FindingOrFailingToFind","ExecutorUri":"executor://NUnit3TestExecutor","Source":"C:\\Users\\user\\source\\repos\\WebDotnetLab1-2\\LinkedList.Tests\\bin\\Release\\net6.0\\fine-code-coverage\\build-output\\LinkedList.Tests.dll","CodeFilePath":null,"LineNumber":0,"Properties":[{"Key":{"Id":"NUnit.Seed","Label":"Seed","Category":"","Description":"","Attributes":0,"ValueType":"System.String"},"Value":"2111434812"}]},"Attachments":[],"Outcome":1,"ErrorMessage":null,"ErrorStackTrace":null,"DisplayName":"Find_FindingOrFailingToFind","Messages":[],"ComputerName":"WIN-LN87GFJE5H1","Duration":"00:00:00.0007660","StartTime":"2022-11-22T05:26:30.806078+00:00","EndTime":"2022-11-22T05:26:30.8068437+00:00","Properties":[{"Key":{"Id":"NUnit.Seed","Label":"Seed","Category":"","Description":"","Attributes":0,"ValueType":"System.String"},"Value":"2111434812"}]},{"TestCase":{"Id":"7476d9a4-40a5-2346-0861-7b6ae96e1b07","FullyQualifiedName":"LinkedList.Tests.MyLinkedListTests.FindLast_FindingOrFailingToFind","DisplayName":"FindLast_FindingOrFailingToFind","ExecutorUri":"executor://NUnit3TestExecutor","Source":"C:\\Users\\user\\source\\repos\\WebDotnetLab1-2\\LinkedList.Tests\\bin\\Release\\net6.0\\fine-code-coverage\\build-output\\LinkedList.Tests.dll","CodeFilePath":null,"LineNumber":0,"Properties":[{"Key":{"Id":"NUnit.Seed","Label":"Seed","Category":"","Description":"","Attributes":0,"ValueType":"System.String"},"Value":"2089302246"}]},"Attachments":[],"Outcome":1,"ErrorMessage":null,"ErrorStackTrace":null,"DisplayName":"FindLast_FindingOrFailingToFind","Messages":[],"ComputerName":"WIN-LN87GFJE5H1","Duration":"00:00:00.0024920","StartTime":"2022-11-22T05:26:30.8069076+00:00","EndTime":"2022-11-22T05:26:30.8093995+00:00","Properties":[{"Key":{"Id":"NUnit.Seed","Label":"Seed","Category":"","Description":"","Attributes":0,"ValueType":"System.String"},"Value":"2089302246"}]},{"TestCase":{"Id":"71c2a1cc-2149-bfe9-7228-eecc8312ad2b","FullyQualifiedName":"LinkedList.Tests.MyLinkedListTests.Remove_RemovingExistingItem_ReturnsTrue","DisplayName":"Remove_RemovingExistingItem_ReturnsTrue","ExecutorUri":"executor://NUnit3TestExecutor","Source":"C:\\Users\\user\\source\\repos\\WebDotnetLab1-2\\LinkedList.Tests\\bin\\Release\\net6.0\\fine-code-coverage\\build-output\\LinkedList.Tests.dll","CodeFilePath":null,"LineNumber":0,"Properties":[{"Key":{"Id":"NUnit.Seed","Label":"Seed","Category":"","Description":"","Attributes":0,"ValueType":"System.String"},"Value":"1069819006"}]},"Attachments":[],"Outcome":1,"ErrorMessage":null,"ErrorStackTrace":null,"DisplayName":"Remove_RemovingExistingItem_ReturnsTrue","Messages":[],"ComputerName":"WIN-LN87GFJE5H1","Duration":"00:00:00.0019520","StartTime":"2022-11-22T05:26:30.8094681+00:00","EndTime":"2022-11-22T05:26:30.8114194+00:00","Properties":[{"Key":{"Id":"NUnit.Seed","Label":"Seed","Category":"","Description":"","Attributes":0,"ValueType":"System.String"},"Value":"1069819006"}]},{"TestCase":{"Id":"e0c49886-1f06-13bc-97bd-f298fb098b77","FullyQualifiedName":"LinkedList.Tests.MyLinkedListTests.Remove_RemovingFirstNode_FirstNodeChanges","DisplayName":"Remove_RemovingFirstNode_FirstNodeChanges","ExecutorUri":"executor://NUnit3TestExecutor","Source":"C:\\Users\\user\\source\\repos\\WebDotnetLab1-2\\LinkedList.Tests\\bin\\Release\\net6.0\\fine-code-coverage\\build-output\\LinkedList.Tests.dll","CodeFilePath":null,"LineNumber":0,"Properties":[{"Key":{"Id":"NUnit.Seed","Label":"Seed","Category":"","Description":"","Attributes":0,"ValueType":"System.String"},"Value":"473825399"}]},"Attachments":[],"Outcome":1,"ErrorMessage":null,"ErrorStackTrace":null,"DisplayName":"Remove_RemovingFirstNode_FirstNodeChanges","Messages":[],"ComputerName":"WIN-LN87GFJE5H1","Duration":"00:00:00.0008940","StartTime":"2022-11-22T05:26:30.8114634+00:00","EndTime":"2022-11-22T05:26:30.8123571+00:00","Properties":[{"Key":{"Id":"NUnit.Seed","Label":"Seed","Category":"","Description":"","Attributes":0,"ValueType":"System.String"},"Value":"473825399"}]},{"TestCase":{"Id":"aea31afb-807a-a717-8e17-a9ecb7f52f61","FullyQualifiedName":"LinkedList.Tests.MyLinkedListTests.Remove_RemovingLastNode_LastNodeChanges","DisplayName":"Remove_RemovingLastNode_LastNodeChanges","ExecutorUri":"executor://NUnit3TestExecutor","Source":"C:\\Users\\user\\source\\repos\\WebDotnetLab1-2\\LinkedList.Tests\\bin\\Release\\net6.0\\fine-code-coverage\\build-output\\LinkedList.Tests.dll","CodeFilePath":null,"LineNumber":0,"Properties":[{"Key":{"Id":"NUnit.Seed","Label":"Seed","Category":"","Description":"","Attributes":0,"ValueType":"System.String"},"Value":"373465697"}]},"Attachments":[],"Outcome":1,"ErrorMessage":null,"ErrorStackTrace":null,"DisplayName":"Remove_RemovingLastNode_LastNodeChanges","Messages":[],"ComputerName":"WIN-LN87GFJE5H1","Duration":"00:00:00.0008009","StartTime":"2022-11-22T05:26:30.8124+00:00","EndTime":"2022-11-22T05:26:30.8132006+00:00","Properties":[{"Key":{"Id":"NUnit.Seed","Label":"Seed","Category":"","Description":"","Attributes":0,"ValueType":"System.String"},"Value":"373465697"}]}],"TestRunStatistics":{"ExecutedTests":36,"Stats":{"Passed":36}},"ActiveTests":[{"Id":"684db637-b9bc-6fbb-2be2-7bf87ffed412","FullyQualifiedName":"LinkedList.Tests.MyLinkedListTests.Remove_RemovingMiddleNode","DisplayName":"Remove_RemovingMiddleNode","ExecutorUri":"executor://NUnit3TestExecutor","Source":"C:\\Users\\user\\source\\repos\\WebDotnetLab1-2\\LinkedList.Tests\\bin\\Release\\net6.0\\fine-code-coverage\\build-output\\LinkedList.Tests.dll","CodeFilePath":null,"LineNumber":0,"Properties":[{"Key":{"Id":"NUnit.Seed","Label":"Seed","Category":"","Description":"","Attributes":0,"ValueType":"System.String"},"Value":"390489822"}]}]}}
TpTrace Verbose: 0 : 17100, 10, 2022/11/22, 07:26:31.171, 5575467433428, vstest.console.dll, TestRunRequest:SendTestRunStatsChange: Starting.
TpTrace Verbose: 0 : 17100, 10, 2022/11/22, 07:26:31.171, 5575467434959, vstest.console.dll, InProgress is Remove_RemovingMiddleNode
TpTrace Verbose: 0 : 17100, 10, 2022/11/22, 07:26:31.171, 5575467436126, vstest.console.dll, MulticastDelegateUtilities.SafeInvoke: TestRun.RunStatsChanged: Invoking callbacks was skipped because there are no subscribers.
TpTrace Information: 0 : 17100, 10, 2022/11/22, 07:26:31.171, 5575467436921, vstest.console.dll, TestRunRequest:SendTestRunStatsChange: Completed.
TpTrace Verbose: 0 : 17100, 4, 2022/11/22, 07:26:31.171, 5575467437069, vstest.console.dll, MulticastDelegateUtilities.SafeInvoke: InternalTestLoggerEvents.SendTestResult: Invoking callback 1/1 for Microsoft.VisualStudio.TestPlatform.CommandLine.Internal.ConsoleLogger.TestResultHandler, took 0 ms.
TpTrace Verbose: 0 : 17100, 10, 2022/11/22, 07:26:31.171, 5575467437754, vstest.console.dll, MulticastDelegateUtilities.SafeInvoke: LengthPrefixCommunicationChannel: MessageReceived: Invoking callback 1/1 for Microsoft.VisualStudio.TestPlatform.CommunicationUtilities.TestRequestSender+<>c__DisplayClass31_0.<StartTestRun>b__1, took 3 ms.
TpTrace Verbose: 0 : 17100, 10, 2022/11/22, 07:26:31.171, 5575467439333, vstest.console.dll, TcpClientExtensions.MessageLoopAsync: Polling on remoteEndPoint: 127.0.0.1:51265 localEndPoint: 127.0.0.1:51264
TpTrace Verbose: 0 : 17100, 4, 2022/11/22, 07:26:31.171, 5575467439344, vstest.console.dll, MulticastDelegateUtilities.SafeInvoke: InternalTestLoggerEvents.SendTestResult: Invoking callback 1/1 for Microsoft.VisualStudio.TestPlatform.CommandLine.Internal.ConsoleLogger.TestResultHandler, took 0 ms.
TpTrace Verbose: 0 : 17100, 4, 2022/11/22, 07:26:31.172, 5575467441343, vstest.console.dll, MulticastDelegateUtilities.SafeInvoke: InternalTestLoggerEvents.SendTestResult: Invoking callback 1/1 for Microsoft.VisualStudio.TestPlatform.CommandLine.Internal.ConsoleLogger.TestResultHandler, took 0 ms.
TpTrace Verbose: 0 : 17100, 4, 2022/11/22, 07:26:31.172, 5575467442169, vstest.console.dll, MulticastDelegateUtilities.SafeInvoke: InternalTestLoggerEvents.SendTestResult: Invoking callback 1/1 for Microsoft.VisualStudio.TestPlatform.CommandLine.Internal.ConsoleLogger.TestResultHandler, took 0 ms.
TpTrace Verbose: 0 : 17100, 4, 2022/11/22, 07:26:31.172, 5575467442885, vstest.console.dll, MulticastDelegateUtilities.SafeInvoke: InternalTestLoggerEvents.SendTestResult: Invoking callback 1/1 for Microsoft.VisualStudio.TestPlatform.CommandLine.Internal.ConsoleLogger.TestResultHandler, took 0 ms.
TpTrace Verbose: 0 : 17100, 4, 2022/11/22, 07:26:31.172, 5575467443660, vstest.console.dll, MulticastDelegateUtilities.SafeInvoke: InternalTestLoggerEvents.SendTestResult: Invoking callback 1/1 for Microsoft.VisualStudio.TestPlatform.CommandLine.Internal.ConsoleLogger.TestResultHandler, took 0 ms.
TpTrace Verbose: 0 : 17100, 4, 2022/11/22, 07:26:31.172, 5575467444367, vstest.console.dll, MulticastDelegateUtilities.SafeInvoke: InternalTestLoggerEvents.SendTestResult: Invoking callback 1/1 for Microsoft.VisualStudio.TestPlatform.CommandLine.Internal.ConsoleLogger.TestResultHandler, took 0 ms.
TpTrace Verbose: 0 : 17100, 4, 2022/11/22, 07:26:31.172, 5575467445427, vstest.console.dll, MulticastDelegateUtilities.SafeInvoke: InternalTestLoggerEvents.SendTestResult: Invoking callback 1/1 for Microsoft.VisualStudio.TestPlatform.CommandLine.Internal.ConsoleLogger.TestResultHandler, took 0 ms.
TpTrace Verbose: 0 : 17100, 4, 2022/11/22, 07:26:31.172, 5575467446495, vstest.console.dll, MulticastDelegateUtilities.SafeInvoke: InternalTestLoggerEvents.SendTestResult: Invoking callback 1/1 for Microsoft.VisualStudio.TestPlatform.CommandLine.Internal.ConsoleLogger.TestResultHandler, took 0 ms.
TpTrace Verbose: 0 : 17100, 10, 2022/11/22, 07:26:31.240, 5575468125660, vstest.console.dll, TcpClientExtensions.MessageLoopAsync: NotifyDataAvailable remoteEndPoint: 127.0.0.1:51265 localEndPoint: 127.0.0.1:51264
TpTrace Verbose: 0 : 17100, 10, 2022/11/22, 07:26:31.240, 5575468127934, vstest.console.dll, TestRequestSender.OnExecutionMessageReceived: Received message: {"Version":5,"MessageType":"TestSession.Message","Payload":{"MessageLevel":0,"Message":"NUnit Adapter 4.2.0.0: Test execution complete"}}
TpTrace Verbose: 0 : 17100, 10, 2022/11/22, 07:26:31.241, 5575468130591, vstest.console.dll, TestRunRequest:SendTestRunMessage: Starting.
TpTrace Verbose: 0 : 17100, 10, 2022/11/22, 07:26:31.241, 5575468132220, vstest.console.dll, MulticastDelegateUtilities.SafeInvoke: TestRun.LogMessages: Invoking callback 1/1 for Microsoft.VisualStudio.TestPlatform.CommandLine.TestRunResultAggregator.TestRunMessageHandler, took 0 ms.
TpTrace Verbose: 0 : 17100, 4, 2022/11/22, 07:26:31.241, 5575468132439, vstest.console.dll, MulticastDelegateUtilities.SafeInvoke: InternalTestLoggerEvents.SendTestRunMessage: Invoking callback 1/1 for Microsoft.VisualStudio.TestPlatform.CommandLine.Internal.ConsoleLogger.TestMessageHandler, took 0 ms.
TpTrace Information: 0 : 17100, 10, 2022/11/22, 07:26:31.241, 5575468133246, vstest.console.dll, TestRunRequest:SendTestRunMessage: Completed.
TpTrace Verbose: 0 : 17100, 10, 2022/11/22, 07:26:31.241, 5575468135406, vstest.console.dll, MulticastDelegateUtilities.SafeInvoke: LengthPrefixCommunicationChannel: MessageReceived: Invoking callback 1/1 for Microsoft.VisualStudio.TestPlatform.CommunicationUtilities.TestRequestSender+<>c__DisplayClass31_0.<StartTestRun>b__1, took 0 ms.
TpTrace Verbose: 0 : 17100, 10, 2022/11/22, 07:26:31.241, 5575468136315, vstest.console.dll, TcpClientExtensions.MessageLoopAsync: Polling on remoteEndPoint: 127.0.0.1:51265 localEndPoint: 127.0.0.1:51264
TpTrace Verbose: 0 : 17100, 10, 2022/11/22, 07:26:31.295, 5575468671190, vstest.console.dll, TcpClientExtensions.MessageLoopAsync: NotifyDataAvailable remoteEndPoint: 127.0.0.1:51265 localEndPoint: 127.0.0.1:51264
TpTrace Verbose: 0 : 17100, 10, 2022/11/22, 07:26:31.295, 5575468674240, vstest.console.dll, TestRequestSender.OnExecutionMessageReceived: Received message: {"Version":5,"MessageType":"TestExecution.Completed","Payload":{"TestRunCompleteArgs":{"TestRunStatistics":{"ExecutedTests":43,"Stats":{"Passed":43}},"IsCanceled":false,"IsAborted":false,"Error":null,"AttachmentSets":[],"ElapsedTimeInRunningTests":"00:00:01.0699857","Metrics":{}},"LastRunTests":{"NewTestResults":[{"TestCase":{"Id":"684db637-b9bc-6fbb-2be2-7bf87ffed412","FullyQualifiedName":"LinkedList.Tests.MyLinkedListTests.Remove_RemovingMiddleNode","DisplayName":"Remove_RemovingMiddleNode","ExecutorUri":"executor://NUnit3TestExecutor","Source":"C:\\Users\\user\\source\\repos\\WebDotnetLab1-2\\LinkedList.Tests\\bin\\Release\\net6.0\\fine-code-coverage\\build-output\\LinkedList.Tests.dll","CodeFilePath":null,"LineNumber":0,"Properties":[{"Key":{"Id":"NUnit.Seed","Label":"Seed","Category":"","Description":"","Attributes":0,"ValueType":"System.String"},"Value":"390489822"}]},"Attachments":[],"Outcome":1,"ErrorMessage":null,"ErrorStackTrace":null,"DisplayName":"Remove_RemovingMiddleNode","Messages":[],"ComputerName":"WIN-LN87GFJE5H1","Duration":"00:00:00.0009130","StartTime":"2022-11-22T05:26:30.8132427+00:00","EndTime":"2022-11-22T05:26:30.8141555+00:00","Properties":[{"Key":{"Id":"NUnit.Seed","Label":"Seed","Category":"","Description":"","Attributes":0,"ValueType":"System.String"},"Value":"390489822"}]},{"TestCase":{"Id":"eb9caab2-2fb7-053f-550e-5258f79ae37e","FullyQualifiedName":"LinkedList.Tests.MyLinkedListTests.Remove_RemovingNonexistentItem_ReturnsFalse","DisplayName":"Remove_RemovingNonexistentItem_ReturnsFalse","ExecutorUri":"executor://NUnit3TestExecutor","Source":"C:\\Users\\user\\source\\repos\\WebDotnetLab1-2\\LinkedList.Tests\\bin\\Release\\net6.0\\fine-code-coverage\\build-output\\LinkedList.Tests.dll","CodeFilePath":null,"LineNumber":0,"Properties":[{"Key":{"Id":"NUnit.Seed","Label":"Seed","Category":"","Description":"","Attributes":0,"ValueType":"System.String"},"Value":"2076320438"}]},"Attachments":[],"Outcome":1,"ErrorMessage":null,"ErrorStackTrace":null,"DisplayName":"Remove_RemovingNonexistentItem_ReturnsFalse","Messages":[],"ComputerName":"WIN-LN87GFJE5H1","Duration":"00:00:00.0011030","StartTime":"2022-11-22T05:26:30.8142003+00:00","EndTime":"2022-11-22T05:26:30.8153021+00:00","Properties":[{"Key":{"Id":"NUnit.Seed","Label":"Seed","Category":"","Description":"","Attributes":0,"ValueType":"System.String"},"Value":"2076320438"}]},{"TestCase":{"Id":"f3c0306b-4f5f-287b-08f8-f25f77c6711e","FullyQualifiedName":"LinkedList.Tests.MyLinkedListTests.Remove_RemovingUnattachedNode_Throws","DisplayName":"Remove_RemovingUnattachedNode_Throws","ExecutorUri":"executor://NUnit3TestExecutor","Source":"C:\\Users\\user\\source\\repos\\WebDotnetLab1-2\\LinkedList.Tests\\bin\\Release\\net6.0\\fine-code-coverage\\build-output\\LinkedList.Tests.dll","CodeFilePath":null,"LineNumber":0,"Properties":[{"Key":{"Id":"NUnit.Seed","Label":"Seed","Category":"","Description":"","Attributes":0,"ValueType":"System.String"},"Value":"834563817"}]},"Attachments":[],"Outcome":1,"ErrorMessage":null,"ErrorStackTrace":null,"DisplayName":"Remove_RemovingUnattachedNode_Throws","Messages":[],"ComputerName":"WIN-LN87GFJE5H1","Duration":"00:00:00.0005100","StartTime":"2022-11-22T05:26:30.8153388+00:00","EndTime":"2022-11-22T05:26:30.8158483+00:00","Properties":[{"Key":{"Id":"NUnit.Seed","Label":"Seed","Category":"","Description":"","Attributes":0,"ValueType":"System.String"},"Value":"834563817"}]},{"TestCase":{"Id":"fe8f2056-f3f2-ce4c-85a9-9acc29a63ffa","FullyQualifiedName":"LinkedList.Tests.MyLinkedListTests.RemoveFirst_FirstNodeChanges","DisplayName":"RemoveFirst_FirstNodeChanges","ExecutorUri":"executor://NUnit3TestExecutor","Source":"C:\\Users\\user\\source\\repos\\WebDotnetLab1-2\\LinkedList.Tests\\bin\\Release\\net6.0\\fine-code-coverage\\build-output\\LinkedList.Tests.dll","CodeFilePath":null,"LineNumber":0,"Properties":[{"Key":{"Id":"NUnit.Seed","Label":"Seed","Category":"","Description":"","Attributes":0,"ValueType":"System.String"},"Value":"1427819131"}]},"Attachments":[],"Outcome":1,"ErrorMessage":null,"ErrorStackTrace":null,"DisplayName":"RemoveFirst_FirstNodeChanges","Messages":[],"ComputerName":"WIN-LN87GFJE5H1","Duration":"00:00:00.0004940","StartTime":"2022-11-22T05:26:30.815878+00:00","EndTime":"2022-11-22T05:26:30.8163718+00:00","Properties":[{"Key":{"Id":"NUnit.Seed","Label":"Seed","Category":"","Description":"","Attributes":0,"ValueType":"System.String"},"Value":"1427819131"}]},{"TestCase":{"Id":"de4777c2-218b-5d08-bca3-8905742d3a18","FullyQualifiedName":"LinkedList.Tests.MyLinkedListTests.RemoveFirst_FromEmptyList_Throws","DisplayName":"RemoveFirst_FromEmptyList_Throws","ExecutorUri":"executor://NUnit3TestExecutor","Source":"C:\\Users\\user\\source\\repos\\WebDotnetLab1-2\\LinkedList.Tests\\bin\\Release\\net6.0\\fine-code-coverage\\build-output\\LinkedList.Tests.dll","CodeFilePath":null,"LineNumber":0,"Properties":[{"Key":{"Id":"NUnit.Seed","Label":"Seed","Category":"","Description":"","Attributes":0,"ValueType":"System.String"},"Value":"1039835164"}]},"Attachments":[],"Outcome":1,"ErrorMessage":null,"ErrorStackTrace":null,"DisplayName":"RemoveFirst_FromEmptyList_Throws","Messages":[],"ComputerName":"WIN-LN87GFJE5H1","Duration":"00:00:00.0004500","StartTime":"2022-11-22T05:26:30.816402+00:00","EndTime":"2022-11-22T05:26:30.8168516+00:00","Properties":[{"Key":{"Id":"NUnit.Seed","Label":"Seed","Category":"","Description":"","Attributes":0,"ValueType":"System.String"},"Value":"1039835164"}]},{"TestCase":{"Id":"154f8305-6852-2f44-74e5-e8f981db8b21","FullyQualifiedName":"LinkedList.Tests.MyLinkedListTests.RemoveLast_FromEmptyList_Throws","DisplayName":"RemoveLast_FromEmptyList_Throws","ExecutorUri":"executor://NUnit3TestExecutor","Source":"C:\\Users\\user\\source\\repos\\WebDotnetLab1-2\\LinkedList.Tests\\bin\\Release\\net6.0\\fine-code-coverage\\build-output\\LinkedList.Tests.dll","CodeFilePath":null,"LineNumber":0,"Properties":[{"Key":{"Id":"NUnit.Seed","Label":"Seed","Category":"","Description":"","Attributes":0,"ValueType":"System.String"},"Value":"1160575603"}]},"Attachments":[],"Outcome":1,"ErrorMessage":null,"ErrorStackTrace":null,"DisplayName":"RemoveLast_FromEmptyList_Throws","Messages":[],"ComputerName":"WIN-LN87GFJE5H1","Duration":"00:00:00.0005260","StartTime":"2022-11-22T05:26:30.8168779+00:00","EndTime":"2022-11-22T05:26:30.8174032+00:00","Properties":[{"Key":{"Id":"NUnit.Seed","Label":"Seed","Category":"","Description":"","Attributes":0,"ValueType":"System.String"},"Value":"1160575603"}]},{"TestCase":{"Id":"fa6cabff-87c9-7c46-3db8-776ae3e4c8ae","FullyQualifiedName":"LinkedList.Tests.MyLinkedListTests.RemoveLast_LastNodeChanges","DisplayName":"RemoveLast_LastNodeChanges","ExecutorUri":"executor://NUnit3TestExecutor","Source":"C:\\Users\\user\\source\\repos\\WebDotnetLab1-2\\LinkedList.Tests\\bin\\Release\\net6.0\\fine-code-coverage\\build-output\\LinkedList.Tests.dll","CodeFilePath":null,"LineNumber":0,"Properties":[{"Key":{"Id":"NUnit.Seed","Label":"Seed","Category":"","Description":"","Attributes":0,"ValueType":"System.String"},"Value":"1912651567"}]},"Attachments":[],"Outcome":1,"ErrorMessage":null,"ErrorStackTrace":null,"DisplayName":"RemoveLast_LastNodeChanges","Messages":[],"ComputerName":"WIN-LN87GFJE5H1","Duration":"00:00:00.0003650","StartTime":"2022-11-22T05:26:30.8174413+00:00","EndTime":"2022-11-22T05:26:30.8178059+00:00","Properties":[{"Key":{"Id":"NUnit.Seed","Label":"Seed","Category":"","Description":"","Attributes":0,"ValueType":"System.String"},"Value":"1912651567"}]}],"TestRunStatistics":{"ExecutedTests":43,"Stats":{"Passed":43}},"ActiveTests":[]},"RunAttachments":[],"ExecutorUris":["executor://nunit3testexecutor/"]}}
TpTrace Verbose: 0 : 17100, 10, 2022/11/22, 07:26:31.295, 5575468676904, vstest.console.dll, TestRequestSender.EndSession: Sending end session.
TpTrace Verbose: 0 : 17100, 10, 2022/11/22, 07:26:31.296, 5575468680914, vstest.console.dll, ProxyOperationManager.Close: waiting for test host to exit for 100 ms
TpTrace Warning: 0 : 17100, 12, 2022/11/22, 07:26:31.328, 5575469008974, vstest.console.dll, TestHostManagerCallbacks.ErrorReceivedCallback Test host standard error line: 
TpTrace Verbose: 0 : 17100, 12, 2022/11/22, 07:26:31.343, 5575469153027, vstest.console.dll, TestHostProvider.ExitCallBack: Host exited starting callback.
TpTrace Information: 0 : 17100, 12, 2022/11/22, 07:26:31.344, 5575469163783, vstest.console.dll, TestHostManagerCallbacks.ExitCallBack: Testhost processId: 18748 exited with exitcode: 0 error: ''
TpTrace Verbose: 0 : 17100, 12, 2022/11/22, 07:26:31.344, 5575469164937, vstest.console.dll, DotnetTestHostManager.OnHostExited: invoking OnHostExited callback
TpTrace Verbose: 0 : 17100, 12, 2022/11/22, 07:26:31.344, 5575469165874, vstest.console.dll, CrossPlatEngine.TestHostManagerHostExited: calling on client process exit callback.
TpTrace Information: 0 : 17100, 12, 2022/11/22, 07:26:31.344, 5575469166974, vstest.console.dll, TestRequestSender.OnClientProcessExit: Test host process exited. Standard error: 
TpTrace Information: 0 : 17100, 10, 2022/11/22, 07:26:31.344, 5575469167497, vstest.console.dll, SocketServer.Stop: Stop server endPoint: 127.0.0.1:51264
TpTrace Information: 0 : 17100, 10, 2022/11/22, 07:26:31.344, 5575469168779, vstest.console.dll, SocketServer.Stop: Cancellation requested. Stopping message loop.
TpTrace Information: 0 : 17100, 12, 2022/11/22, 07:26:31.344, 5575469167668, vstest.console.dll, SocketServer.Stop: Stop server endPoint: 127.0.0.1:51264
TpTrace Information: 0 : 17100, 12, 2022/11/22, 07:26:31.345, 5575469170422, vstest.console.dll, SocketServer.Stop: Cancellation requested. Stopping message loop.
TpTrace Verbose: 0 : 17100, 12, 2022/11/22, 07:26:31.345, 5575469171409, vstest.console.dll, MulticastDelegateUtilities.SafeInvoke: HostProviderEvents.OnHostExited: Invoking callback 1/1 for Microsoft.VisualStudio.TestPlatform.CrossPlatEngine.Client.ProxyOperationManager.TestHostManagerHostExited, took 0 ms.
TpTrace Information: 0 : 17100, 10, 2022/11/22, 07:26:31.345, 5575469171713, vstest.console.dll, Closing the connection
TpTrace Verbose: 0 : 17100, 10, 2022/11/22, 07:26:31.345, 5575469177024, vstest.console.dll, ProxyDataCollectionManager.InvokeDataCollectionServiceAction: Starting.
TpTrace Information: 0 : 17100, 10, 2022/11/22, 07:26:31.345, 5575469177904, vstest.console.dll, ProxyDataCollectionManager.AfterTestRunEnd: Get attachment set and invoked data collectors processId: 11104 port: 51261
TpTrace Verbose: 0 : 17100, 10, 2022/11/22, 07:26:31.345, 5575469178888, vstest.console.dll, DataCollectionRequestSender.SendAfterTestRunStartAndGetResult: Send AfterTestRunEnd message with isCancelled: False
TpTrace Verbose: 0 : 17100, 10, 2022/11/22, 07:26:31.362, 5575469349180, vstest.console.dll, DataCollectionRequestSender.SendAfterTestRunStartAndGetResult: Received message: (DataCollection.AfterTestRunEndResult) -> {"MessageType":"DataCollection.AfterTestRunEndResult","Payload":{"AttachmentSets":[],"InvokedDataCollectors":[{"Uri":"datacollector://Microsoft/TestPlatform/Extensions/Blame/v1","FriendlyName":"Blame","AssemblyQualifiedName":"Microsoft.TestPlatform.Extensions.BlameDataCollector.BlameCollector, Microsoft.TestPlatform.Extensions.BlameDataCollector, Version=15.0.0.0, Culture=neutral, PublicKeyToken=b03f5f7f11d50a3a","FilePath":"C:\\Program Files\\dotnet\\sdk\\6.0.402\\Extensions\\Microsoft.TestPlatform.Extensions.BlameDataCollector.dll","HasAttachmentProcessor":false}],"Metrics":{}}}
TpTrace Warning: 0 : 17100, 9, 2022/11/22, 07:26:31.370, 5575469427427, vstest.console.dll, DataCollectionLauncher.ErrorReceivedCallback datacollector standard error line: 
TpTrace Information: 0 : 17100, 10, 2022/11/22, 07:26:31.376, 5575469486690, vstest.console.dll, ProxyDataCollectionManager.InvokeDataCollectionServiceAction: Completed.
TpTrace Information: 0 : 17100, 9, 2022/11/22, 07:26:31.378, 5575469508697, vstest.console.dll, DataCollectionLauncher.ExitCallBack: Data collector exited with exitcode: 0 error: ''
TpTrace Verbose: 0 : 17100, 10, 2022/11/22, 07:26:31.467, 5575470390634, vstest.console.dll, TestRunRequest:SendTestRunStatsChange: Starting.
TpTrace Verbose: 0 : 17100, 10, 2022/11/22, 07:26:31.467, 5575470392377, vstest.console.dll, MulticastDelegateUtilities.SafeInvoke: TestRun.RunStatsChanged: Invoking callbacks was skipped because there are no subscribers.
TpTrace Information: 0 : 17100, 10, 2022/11/22, 07:26:31.467, 5575470393000, vstest.console.dll, TestRunRequest:SendTestRunStatsChange: Completed.
TpTrace Verbose: 0 : 17100, 4, 2022/11/22, 07:26:31.467, 5575470393407, vstest.console.dll, MulticastDelegateUtilities.SafeInvoke: InternalTestLoggerEvents.SendTestResult: Invoking callback 1/1 for Microsoft.VisualStudio.TestPlatform.CommandLine.Internal.ConsoleLogger.TestResultHandler, took 0 ms.
TpTrace Verbose: 0 : 17100, 4, 2022/11/22, 07:26:31.467, 5575470394880, vstest.console.dll, MulticastDelegateUtilities.SafeInvoke: InternalTestLoggerEvents.SendTestResult: Invoking callback 1/1 for Microsoft.VisualStudio.TestPlatform.CommandLine.Internal.ConsoleLogger.TestResultHandler, took 0 ms.
TpTrace Verbose: 0 : 17100, 4, 2022/11/22, 07:26:31.467, 5575470395956, vstest.console.dll, MulticastDelegateUtilities.SafeInvoke: InternalTestLoggerEvents.SendTestResult: Invoking callback 1/1 for Microsoft.VisualStudio.TestPlatform.CommandLine.Internal.ConsoleLogger.TestResultHandler, took 0 ms.
TpTrace Verbose: 0 : 17100, 4, 2022/11/22, 07:26:31.467, 5575470397435, vstest.console.dll, MulticastDelegateUtilities.SafeInvoke: InternalTestLoggerEvents.SendTestResult: Invoking callback 1/1 for Microsoft.VisualStudio.TestPlatform.CommandLine.Internal.ConsoleLogger.TestResultHandler, took 0 ms.
TpTrace Verbose: 0 : 17100, 4, 2022/11/22, 07:26:31.467, 5575470398904, vstest.console.dll, MulticastDelegateUtilities.SafeInvoke: InternalTestLoggerEvents.SendTestResult: Invoking callback 1/1 for Microsoft.VisualStudio.TestPlatform.CommandLine.Internal.ConsoleLogger.TestResultHandler, took 0 ms.
TpTrace Verbose: 0 : 17100, 4, 2022/11/22, 07:26:31.468, 5575470400298, vstest.console.dll, MulticastDelegateUtilities.SafeInvoke: InternalTestLoggerEvents.SendTestResult: Invoking callback 1/1 for Microsoft.VisualStudio.TestPlatform.CommandLine.Internal.ConsoleLogger.TestResultHandler, took 0 ms.
TpTrace Verbose: 0 : 17100, 4, 2022/11/22, 07:26:31.468, 5575470401533, vstest.console.dll, MulticastDelegateUtilities.SafeInvoke: InternalTestLoggerEvents.SendTestResult: Invoking callback 1/1 for Microsoft.VisualStudio.TestPlatform.CommandLine.Internal.ConsoleLogger.TestResultHandler, took 0 ms.
TpTrace Verbose: 0 : 17100, 10, 2022/11/22, 07:26:31.468, 5575470401969, vstest.console.dll, ParallelProxyExecutionManager: HandlePartialRunComplete: Total completed clients = 1, Run complete = True, Run canceled: False.
TpTrace Verbose: 0 : 17100, 4, 2022/11/22, 07:26:31.494, 5575470666847, vstest.console.dll, MulticastDelegateUtilities.SafeInvoke: InternalTestLoggerEvents.SendTestRunComplete: Invoking callback 1/2 for Microsoft.TestPlatform.Extensions.BlameDataCollector.BlameLogger.TestRunCompleteHandler, took 0 ms.
TpTrace Verbose: 0 : 17100, 4, 2022/11/22, 07:26:31.509, 5575470818031, vstest.console.dll, MulticastDelegateUtilities.SafeInvoke: InternalTestLoggerEvents.SendTestRunComplete: Invoking callback 2/2 for Microsoft.VisualStudio.TestPlatform.CommandLine.Internal.ConsoleLogger.TestRunCompleteHandler, took 14 ms.
TpTrace Verbose: 0 : 17100, 10, 2022/11/22, 07:26:31.510, 5575470824331, vstest.console.dll, TestRunRequest:TestRunComplete: Starting. IsAborted:False IsCanceled:False.
TpTrace Verbose: 0 : 17100, 10, 2022/11/22, 07:26:31.513, 5575470852742, vstest.console.dll, TestLoggerManager.HandleTestRunComplete: Ignoring as the object is disposed.
TpTrace Verbose: 0 : 17100, 10, 2022/11/22, 07:26:31.513, 5575470857833, vstest.console.dll, MulticastDelegateUtilities.SafeInvoke: TestRun.TestRunComplete: Invoking callback 1/2 for Microsoft.VisualStudio.TestPlatform.CommandLine.TestRunResultAggregator.TestRunCompletionHandler, took 0 ms.
TpTrace Verbose: 0 : 17100, 10, 2022/11/22, 07:26:31.514, 5575470859911, vstest.console.dll, MulticastDelegateUtilities.SafeInvoke: TestRun.TestRunComplete: Invoking callback 2/2 for Microsoft.VisualStudio.TestPlatform.CommandLine.Processors.RunTestsArgumentExecutor+TestRunRequestEventsRegistrar.TestRunRequest_OnRunCompletion, took 0 ms.
TpTrace Information: 0 : 17100, 10, 2022/11/22, 07:26:31.514, 5575470862291, vstest.console.dll, TestRunRequest:TestRunComplete: Completed.
TpTrace Verbose: 0 : 17100, 1, 2022/11/22, 07:26:31.514, 5575470862630, vstest.console.dll, TestRunRequest.Dispose: Starting.
TpTrace Verbose: 0 : 17100, 10, 2022/11/22, 07:26:31.514, 5575470863519, vstest.console.dll, TestRequestSender.SetOperationComplete: Setting operation complete.
TpTrace Information: 0 : 17100, 1, 2022/11/22, 07:26:31.514, 5575470864988, vstest.console.dll, TestRunRequest.Dispose: Completed.
TpTrace Information: 0 : 17100, 10, 2022/11/22, 07:26:31.514, 5575470866057, vstest.console.dll, SocketServer.Stop: Stop server endPoint: 127.0.0.1:51264
TpTrace Information: 0 : 17100, 1, 2022/11/22, 07:26:31.514, 5575470866334, vstest.console.dll, TestRequestManager.RunTests: run tests completed.
TpTrace Information: 0 : 17100, 10, 2022/11/22, 07:26:31.514, 5575470867387, vstest.console.dll, SocketServer.Stop: Cancellation requested. Stopping message loop.
TpTrace Verbose: 0 : 17100, 10, 2022/11/22, 07:26:31.515, 5575470869804, vstest.console.dll, MulticastDelegateUtilities.SafeInvoke: LengthPrefixCommunicationChannel: MessageReceived: Invoking callback 1/1 for Microsoft.VisualStudio.TestPlatform.CommunicationUtilities.TestRequestSender+<>c__DisplayClass31_0.<StartTestRun>b__1, took 219 ms.
TpTrace Information: 0 : 17100, 1, 2022/11/22, 07:26:31.515, 5575470870155, vstest.console.dll, RunTestsArgumentProcessor:Execute: Test run is completed.
TpTrace Information: 0 : 17100, 10, 2022/11/22, 07:26:31.515, 5575470870890, vstest.console.dll, SocketServer.PrivateStop: Stopping server endPoint: 127.0.0.1:51264 error: 
TpTrace Verbose: 0 : 17100, 1, 2022/11/22, 07:26:31.515, 5575470875074, vstest.console.dll, Executor.Execute: Exiting with exit code of 0
TpTrace Verbose: 0 : 17100, 10, 2022/11/22, 07:26:31.516, 5575470880674, vstest.console.dll, LengthPrefixCommunicationChannel.Dispose: Dispose reader and writer.
TpTrace Information: 0 : 17100, 10, 2022/11/22, 07:26:31.516, 5575470882870, vstest.console.dll, SocketServer.Stop: Raise disconnected event endPoint: 127.0.0.1:51264 error: 
TpTrace Verbose: 0 : 17100, 10, 2022/11/22, 07:26:31.516, 5575470884542, vstest.console.dll, TestRequestSender: OnTestRunAbort: Operation is already complete. Skip error message.
