<?xml version="1.0" encoding="utf-8"?>
<coverage line-rate="0.9727" branch-rate="0.8332999999999999" version="1.9" timestamp="1669094791" lines-covered="500" lines-valid="514" branches-covered="60" branches-valid="72">
  <sources>
    <source>C:\Users\user\</source>
  </sources>
  <packages>
    <package name="LinkedList" line-rate="0.9269" branch-rate="0.8382" complexity="90">
      <classes>
        <class name="LinkedList.MyLinkedList`1" filename="source\repos\WebDotnetLab1-2\LinkedList\LinkedList.cs" line-rate="0.9235" branch-rate="0.8833" complexity="76">
          <methods>
            <method name="get_First" signature="()" line-rate="1" branch-rate="1" complexity="1">
              <lines>
                <line number="7" hits="89" branch="False" />
              </lines>
            </method>
            <method name="get_Last" signature="()" line-rate="1" branch-rate="1" complexity="1">
              <lines>
                <line number="8" hits="217" branch="False" />
              </lines>
            </method>
            <method name="get_Count" signature="()" line-rate="1" branch-rate="1" complexity="1">
              <lines>
                <line number="9" hits="332" branch="False" />
              </lines>
            </method>
            <method name="get_State" signature="()" line-rate="1" branch-rate="1" complexity="1">
              <lines>
                <line number="10" hits="220" branch="False" />
              </lines>
            </method>
            <method name="System.Collections.Generic.ICollection&lt;T&gt;.get_IsReadOnly" signature="()" line-rate="0" branch-rate="1" complexity="1">
              <lines>
                <line number="11" hits="0" branch="False" />
              </lines>
            </method>
            <method name="AddLast" signature="(T)" line-rate="1" branch-rate="1" complexity="2">
              <lines>
                <line number="28" hits="80" branch="False" />
                <line number="29" hits="80" branch="True" condition-coverage="100% (2/2)">
                  <conditions>
                    <condition number="14" type="jump" coverage="100%" />
                  </conditions>
                </line>
                <line number="31" hits="31" branch="False" />
                <line number="35" hits="49" branch="False" />
                <line number="37" hits="80" branch="False" />
              </lines>
            </method>
            <method name="AddLast" signature="(LinkedList.MyLinkedListNode`1&lt;T&gt;)" line-rate="1" branch-rate="1" complexity="2">
              <lines>
                <line number="42" hits="8" branch="False" />
                <line number="43" hits="7" branch="True" condition-coverage="100% (2/2)">
                  <conditions>
                    <condition number="12" type="jump" coverage="100%" />
                  </conditions>
                </line>
                <line number="45" hits="6" branch="False" />
                <line number="49" hits="1" branch="False" />
                <line number="51" hits="7" branch="False" />
                <line number="52" hits="7" branch="False" />
              </lines>
            </method>
            <method name="AddFirst" signature="(T)" line-rate="1" branch-rate="1" complexity="2">
              <lines>
                <line number="56" hits="2" branch="False" />
                <line number="57" hits="2" branch="True" condition-coverage="100% (2/2)">
                  <conditions>
                    <condition number="14" type="jump" coverage="100%" />
                  </conditions>
                </line>
                <line number="59" hits="1" branch="False" />
                <line number="63" hits="1" branch="False" />
                <line number="65" hits="2" branch="False" />
              </lines>
            </method>
            <method name="AddFirst" signature="(LinkedList.MyLinkedListNode`1&lt;T&gt;)" line-rate="0.8332999999999999" branch-rate="0.5" complexity="2">
              <lines>
                <line number="70" hits="2" branch="False" />
                <line number="71" hits="1" branch="True" condition-coverage="50% (1/2)">
                  <conditions>
                    <condition number="12" type="jump" coverage="50%" />
                  </conditions>
                </line>
                <line number="73" hits="1" branch="False" />
                <line number="77" hits="0" branch="False" />
                <line number="79" hits="1" branch="False" />
                <line number="80" hits="1" branch="False" />
              </lines>
            </method>
            <method name="AddAfter" signature="(LinkedList.MyLinkedListNode`1&lt;T&gt;,T)" line-rate="1" branch-rate="1" complexity="1">
              <lines>
                <line number="84" hits="3" branch="False" />
                <line number="85" hits="2" branch="False" />
                <line number="86" hits="2" branch="False" />
                <line number="87" hits="2" branch="False" />
              </lines>
            </method>
            <method name="AddAfter" signature="(LinkedList.MyLinkedListNode`1&lt;T&gt;,LinkedList.MyLinkedListNode`1&lt;T&gt;)" line-rate="1" branch-rate="1" complexity="1">
              <lines>
                <line number="92" hits="4" branch="False" />
                <line number="93" hits="3" branch="False" />
                <line number="94" hits="2" branch="False" />
                <line number="95" hits="2" branch="False" />
                <line number="96" hits="2" branch="False" />
              </lines>
            </method>
            <method name="AddBefore" signature="(LinkedList.MyLinkedListNode`1&lt;T&gt;,T)" line-rate="1" branch-rate="1" complexity="1">
              <lines>
                <line number="100" hits="3" branch="False" />
                <line number="101" hits="2" branch="False" />
                <line number="102" hits="2" branch="False" />
                <line number="103" hits="2" branch="False" />
              </lines>
            </method>
            <method name="AddBefore" signature="(LinkedList.MyLinkedListNode`1&lt;T&gt;,LinkedList.MyLinkedListNode`1&lt;T&gt;)" line-rate="1" branch-rate="1" complexity="1">
              <lines>
                <line number="108" hits="4" branch="False" />
                <line number="109" hits="3" branch="False" />
                <line number="110" hits="2" branch="False" />
                <line number="111" hits="2" branch="False" />
                <line number="112" hits="2" branch="False" />
              </lines>
            </method>
            <method name="System.Collections.Generic.ICollection&lt;T&gt;.Add" signature="(T)" line-rate="0" branch-rate="1" complexity="1">
              <lines>
                <line number="116" hits="0" branch="False" />
                <line number="117" hits="0" branch="False" />
              </lines>
            </method>
            <method name="Find" signature="(T)" line-rate="1" branch-rate="1" complexity="4">
              <lines>
                <line number="121" hits="7" branch="False" />
                <line number="122" hits="25" branch="True" condition-coverage="100% (4/4)">
                  <conditions>
                    <condition number="45" type="jump" coverage="100%" />
                    <condition number="17" type="jump" coverage="100%" />
                  </conditions>
                </line>
                <line number="124" hits="18" branch="False" />
                <line number="126" hits="7" branch="False" />
              </lines>
            </method>
            <method name="Remove" signature="(T)" line-rate="1" branch-rate="1" complexity="2">
              <lines>
                <line number="131" hits="2" branch="False" />
                <line number="132" hits="2" branch="True" condition-coverage="100% (2/2)">
                  <conditions>
                    <condition number="9" type="jump" coverage="100%" />
                  </conditions>
                </line>
                <line number="134" hits="1" branch="False" />
                <line number="135" hits="1" branch="False" />
                <line number="137" hits="1" branch="False" />
              </lines>
            </method>
            <method name="Remove" signature="(LinkedList.MyLinkedListNode`1&lt;T&gt;)" line-rate="1" branch-rate="1" complexity="1">
              <lines>
                <line number="142" hits="4" branch="False" />
                <line number="143" hits="3" branch="False" />
                <line number="144" hits="3" branch="False" />
              </lines>
            </method>
            <method name="RemoveFirst" signature="()" line-rate="1" branch-rate="1" complexity="1">
              <lines>
                <line number="148" hits="2" branch="False" />
                <line number="149" hits="1" branch="False" />
                <line number="150" hits="1" branch="False" />
              </lines>
            </method>
            <method name="RemoveLast" signature="()" line-rate="1" branch-rate="1" complexity="1">
              <lines>
                <line number="154" hits="2" branch="False" />
                <line number="155" hits="1" branch="False" />
                <line number="156" hits="1" branch="False" />
              </lines>
            </method>
            <method name="FindLast" signature="(T)" line-rate="1" branch-rate="1" complexity="4">
              <lines>
                <line number="160" hits="1" branch="False" />
                <line number="161" hits="2" branch="True" condition-coverage="100% (4/4)">
                  <conditions>
                    <condition number="45" type="jump" coverage="100%" />
                    <condition number="17" type="jump" coverage="100%" />
                  </conditions>
                </line>
                <line number="163" hits="1" branch="False" />
                <line number="165" hits="1" branch="False" />
              </lines>
            </method>
            <method name="Contains" signature="(T)" line-rate="1" branch-rate="1" complexity="1">
              <lines>
                <line number="170" hits="2" branch="False" />
              </lines>
            </method>
            <method name="Clear" signature="()" line-rate="1" branch-rate="1" complexity="4">
              <lines>
                <line number="175" hits="3" branch="False" />
                <line number="176" hits="12" branch="True" condition-coverage="100% (2/2)">
                  <conditions>
                    <condition number="40" type="jump" coverage="100%" />
                  </conditions>
                </line>
                <line number="178" hits="9" branch="False" />
                <line number="179" hits="9" branch="False" />
                <line number="180" hits="9" branch="False" />
                <line number="181" hits="9" branch="False" />
                <line number="182" hits="9" branch="False" />
                <line number="184" hits="3" branch="False" />
                <line number="185" hits="3" branch="False" />
                <line number="186" hits="3" branch="False" />
                <line number="187" hits="3" branch="False" />
                <line number="188" hits="3" branch="True" condition-coverage="100% (2/2)">
                  <conditions>
                    <condition number="86" type="jump" coverage="100%" />
                  </conditions>
                </line>
                <line number="189" hits="1" branch="False" />
              </lines>
            </method>
            <method name="CopyTo" signature="(T[],System.Int32)" line-rate="1" branch-rate="1" complexity="8">
              <lines>
                <line number="193" hits="3" branch="True" condition-coverage="100% (4/4)">
                  <conditions>
                    <condition number="2" type="jump" coverage="100%" />
                    <condition number="8" type="jump" coverage="100%" />
                  </conditions>
                </line>
                <line number="195" hits="1" branch="False" />
                <line number="198" hits="2" branch="True" condition-coverage="100% (2/2)">
                  <conditions>
                    <condition number="32" type="jump" coverage="100%" />
                  </conditions>
                </line>
                <line number="200" hits="1" branch="False" />
                <line number="203" hits="1" branch="False" />
                <line number="204" hits="4" branch="True" condition-coverage="100% (2/2)">
                  <conditions>
                    <condition number="85" type="jump" coverage="100%" />
                  </conditions>
                </line>
                <line number="206" hits="3" branch="False" />
                <line number="207" hits="3" branch="False" />
                <line number="209" hits="1" branch="False" />
              </lines>
            </method>
            <method name="InsertNodeToEmptyList" signature="(LinkedList.MyLinkedListNode`1&lt;T&gt;)" line-rate="0.8332999999999999" branch-rate="0.5" complexity="2">
              <lines>
                <line number="213" hits="39" branch="False" />
                <line number="214" hits="39" branch="False" />
                <line number="215" hits="39" branch="False" />
                <line number="216" hits="39" branch="False" />
                <line number="217" hits="39" branch="True" condition-coverage="50% (1/2)">
                  <conditions>
                    <condition number="53" type="jump" coverage="50%" />
                  </conditions>
                </line>
                <line number="218" hits="0" branch="False" />
              </lines>
            </method>
            <method name="InsertNodeBefore" signature="(LinkedList.MyLinkedListNode`1&lt;T&gt;,LinkedList.MyLinkedListNode`1&lt;T&gt;)" line-rate="0.909" branch-rate="0.75" complexity="4">
              <lines>
                <line number="222" hits="5" branch="True" condition-coverage="100% (2/2)">
                  <conditions>
                    <condition number="7" type="jump" coverage="100%" />
                  </conditions>
                </line>
                <line number="224" hits="2" branch="False" />
                <line number="225" hits="2" branch="False" />
                <line number="229" hits="3" branch="False" />
                <line number="232" hits="5" branch="False" />
                <line number="233" hits="5" branch="False" />
                <line number="234" hits="5" branch="False" />
                <line number="235" hits="5" branch="False" />
                <line number="236" hits="5" branch="True" condition-coverage="50% (1/2)">
                  <conditions>
                    <condition number="95" type="jump" coverage="50%" />
                  </conditions>
                </line>
                <line number="237" hits="5" branch="False" />
                <line number="238" hits="0" branch="False" />
              </lines>
            </method>
            <method name="InsertNodeAfter" signature="(LinkedList.MyLinkedListNode`1&lt;T&gt;,LinkedList.MyLinkedListNode`1&lt;T&gt;)" line-rate="0.909" branch-rate="0.75" complexity="4">
              <lines>
                <line number="242" hits="54" branch="True" condition-coverage="100% (2/2)">
                  <conditions>
                    <condition number="7" type="jump" coverage="100%" />
                  </conditions>
                </line>
                <line number="244" hits="2" branch="False" />
                <line number="245" hits="2" branch="False" />
                <line number="249" hits="52" branch="False" />
                <line number="252" hits="54" branch="False" />
                <line number="253" hits="54" branch="False" />
                <line number="254" hits="54" branch="False" />
                <line number="255" hits="54" branch="False" />
                <line number="256" hits="54" branch="True" condition-coverage="50% (1/2)">
                  <conditions>
                    <condition number="95" type="jump" coverage="50%" />
                  </conditions>
                </line>
                <line number="257" hits="54" branch="False" />
                <line number="258" hits="0" branch="False" />
              </lines>
            </method>
            <method name="RemoveNode" signature="(LinkedList.MyLinkedListNode`1&lt;T&gt;)" line-rate="0.8" branch-rate="0.7" complexity="10">
              <lines>
                <line number="262" hits="6" branch="True" condition-coverage="100% (2/2)">
                  <conditions>
                    <condition number="7" type="jump" coverage="100%" />
                  </conditions>
                </line>
                <line number="264" hits="2" branch="False" />
                <line number="266" hits="2" branch="True" condition-coverage="50% (1/2)">
                  <conditions>
                    <condition number="34" type="jump" coverage="50%" />
                  </conditions>
                </line>
                <line number="268" hits="0" branch="False" />
                <line number="272" hits="2" branch="False" />
                <line number="275" hits="4" branch="True" condition-coverage="100% (2/2)">
                  <conditions>
                    <condition number="66" type="jump" coverage="100%" />
                  </conditions>
                </line>
                <line number="277" hits="2" branch="True" condition-coverage="50% (1/2)">
                  <conditions>
                    <condition number="75" type="jump" coverage="50%" />
                  </conditions>
                </line>
                <line number="279" hits="0" branch="False" />
                <line number="280" hits="0" branch="False" />
                <line number="284" hits="2" branch="False" />
                <line number="285" hits="2" branch="False" />
                <line number="290" hits="2" branch="False" />
                <line number="291" hits="2" branch="False" />
                <line number="294" hits="6" branch="False" />
                <line number="295" hits="6" branch="False" />
                <line number="296" hits="6" branch="False" />
                <line number="297" hits="6" branch="False" />
                <line number="298" hits="6" branch="False" />
                <line number="299" hits="6" branch="True" condition-coverage="50% (1/2)">
                  <conditions>
                    <condition number="223" type="jump" coverage="50%" />
                  </conditions>
                </line>
                <line number="300" hits="0" branch="False" />
              </lines>
            </method>
            <method name="VerifyIsTheNodeUnowned" signature="(LinkedList.MyLinkedListNode`1&lt;T&gt;)" line-rate="1" branch-rate="1" complexity="2">
              <lines>
                <line number="304" hits="16" branch="True" condition-coverage="100% (2/2)">
                  <conditions>
                    <condition number="6" type="jump" coverage="100%" />
                  </conditions>
                </line>
                <line number="306" hits="4" branch="False" />
                <line number="307" hits="4" branch="False" />
                <line number="309" hits="12" branch="False" />
              </lines>
            </method>
            <method name="VerifyIsTheNodeAttached" signature="(LinkedList.MyLinkedListNode`1&lt;T&gt;)" line-rate="1" branch-rate="1" complexity="2">
              <lines>
                <line number="313" hits="18" branch="True" condition-coverage="100% (2/2)">
                  <conditions>
                    <condition number="7" type="jump" coverage="100%" />
                  </conditions>
                </line>
                <line number="315" hits="5" branch="False" />
                <line number="316" hits="5" branch="False" />
                <line number="318" hits="13" branch="False" />
              </lines>
            </method>
            <method name="VerifyIsTheListEmpty" signature="()" line-rate="1" branch-rate="1" complexity="4">
              <lines>
                <line number="322" hits="4" branch="True" condition-coverage="100% (4/4)">
                  <conditions>
                    <condition number="6" type="jump" coverage="100%" />
                    <condition number="14" type="jump" coverage="100%" />
                  </conditions>
                </line>
                <line number="323" hits="2" branch="False" />
                <line number="324" hits="2" branch="False" />
              </lines>
            </method>
            <method name="System.Collections.IEnumerable.GetEnumerator" signature="()" line-rate="0" branch-rate="1" complexity="1">
              <lines>
                <line number="347" hits="0" branch="False" />
              </lines>
            </method>
            <method name=".ctor" signature="()" line-rate="1" branch-rate="1" complexity="1">
              <lines>
                <line number="16" hits="62" branch="False" />
              </lines>
            </method>
            <method name=".ctor" signature="(System.Collections.Generic.IEnumerable`1&lt;T&gt;)" line-rate="1" branch-rate="1" complexity="2">
              <lines>
                <line number="18" hits="16" branch="False" />
                <line number="20" hits="134" branch="True" condition-coverage="100% (2/2)">
                  <conditions>
                    <condition number="36" type="jump" coverage="100%" />
                  </conditions>
                </line>
                <line number="22" hits="51" branch="False" />
                <line number="24" hits="16" branch="False" />
              </lines>
            </method>
          </methods>
          <lines>
            <line number="7" hits="89" branch="False" />
            <line number="8" hits="217" branch="False" />
            <line number="9" hits="332" branch="False" />
            <line number="10" hits="220" branch="False" />
            <line number="11" hits="0" branch="False" />
            <line number="28" hits="80" branch="False" />
            <line number="29" hits="80" branch="True" condition-coverage="100% (2/2)">
              <conditions>
                <condition number="14" type="jump" coverage="100%" />
              </conditions>
            </line>
            <line number="31" hits="31" branch="False" />
            <line number="35" hits="49" branch="False" />
            <line number="37" hits="80" branch="False" />
            <line number="42" hits="8" branch="False" />
            <line number="43" hits="7" branch="True" condition-coverage="100% (2/2)">
              <conditions>
                <condition number="12" type="jump" coverage="100%" />
              </conditions>
            </line>
            <line number="45" hits="6" branch="False" />
            <line number="49" hits="1" branch="False" />
            <line number="51" hits="7" branch="False" />
            <line number="52" hits="7" branch="False" />
            <line number="56" hits="2" branch="False" />
            <line number="57" hits="2" branch="True" condition-coverage="100% (2/2)">
              <conditions>
                <condition number="14" type="jump" coverage="100%" />
              </conditions>
            </line>
            <line number="59" hits="1" branch="False" />
            <line number="63" hits="1" branch="False" />
            <line number="65" hits="2" branch="False" />
            <line number="70" hits="2" branch="False" />
            <line number="71" hits="1" branch="True" condition-coverage="50% (1/2)">
              <conditions>
                <condition number="12" type="jump" coverage="50%" />
              </conditions>
            </line>
            <line number="73" hits="1" branch="False" />
            <line number="77" hits="0" branch="False" />
            <line number="79" hits="1" branch="False" />
            <line number="80" hits="1" branch="False" />
            <line number="84" hits="3" branch="False" />
            <line number="85" hits="2" branch="False" />
            <line number="86" hits="2" branch="False" />
            <line number="87" hits="2" branch="False" />
            <line number="92" hits="4" branch="False" />
            <line number="93" hits="3" branch="False" />
            <line number="94" hits="2" branch="False" />
            <line number="95" hits="2" branch="False" />
            <line number="96" hits="2" branch="False" />
            <line number="100" hits="3" branch="False" />
            <line number="101" hits="2" branch="False" />
            <line number="102" hits="2" branch="False" />
            <line number="103" hits="2" branch="False" />
            <line number="108" hits="4" branch="False" />
            <line number="109" hits="3" branch="False" />
            <line number="110" hits="2" branch="False" />
            <line number="111" hits="2" branch="False" />
            <line number="112" hits="2" branch="False" />
            <line number="116" hits="0" branch="False" />
            <line number="117" hits="0" branch="False" />
            <line number="121" hits="7" branch="False" />
            <line number="122" hits="25" branch="True" condition-coverage="100% (4/4)">
              <conditions>
                <condition number="45" type="jump" coverage="100%" />
                <condition number="17" type="jump" coverage="100%" />
              </conditions>
            </line>
            <line number="124" hits="18" branch="False" />
            <line number="126" hits="7" branch="False" />
            <line number="131" hits="2" branch="False" />
            <line number="132" hits="2" branch="True" condition-coverage="100% (2/2)">
              <conditions>
                <condition number="9" type="jump" coverage="100%" />
              </conditions>
            </line>
            <line number="134" hits="1" branch="False" />
            <line number="135" hits="1" branch="False" />
            <line number="137" hits="1" branch="False" />
            <line number="142" hits="4" branch="False" />
            <line number="143" hits="3" branch="False" />
            <line number="144" hits="3" branch="False" />
            <line number="148" hits="2" branch="False" />
            <line number="149" hits="1" branch="False" />
            <line number="150" hits="1" branch="False" />
            <line number="154" hits="2" branch="False" />
            <line number="155" hits="1" branch="False" />
            <line number="156" hits="1" branch="False" />
            <line number="160" hits="1" branch="False" />
            <line number="161" hits="2" branch="True" condition-coverage="100% (4/4)">
              <conditions>
                <condition number="45" type="jump" coverage="100%" />
                <condition number="17" type="jump" coverage="100%" />
              </conditions>
            </line>
            <line number="163" hits="1" branch="False" />
            <line number="165" hits="1" branch="False" />
            <line number="170" hits="2" branch="False" />
            <line number="175" hits="3" branch="False" />
            <line number="176" hits="12" branch="True" condition-coverage="100% (2/2)">
              <conditions>
                <condition number="40" type="jump" coverage="100%" />
              </conditions>
            </line>
            <line number="178" hits="9" branch="False" />
            <line number="179" hits="9" branch="False" />
            <line number="180" hits="9" branch="False" />
            <line number="181" hits="9" branch="False" />
            <line number="182" hits="9" branch="False" />
            <line number="184" hits="3" branch="False" />
            <line number="185" hits="3" branch="False" />
            <line number="186" hits="3" branch="False" />
            <line number="187" hits="3" branch="False" />
            <line number="188" hits="3" branch="True" condition-coverage="100% (2/2)">
              <conditions>
                <condition number="86" type="jump" coverage="100%" />
              </conditions>
            </line>
            <line number="189" hits="1" branch="False" />
            <line number="193" hits="3" branch="True" condition-coverage="100% (4/4)">
              <conditions>
                <condition number="2" type="jump" coverage="100%" />
                <condition number="8" type="jump" coverage="100%" />
              </conditions>
            </line>
            <line number="195" hits="1" branch="False" />
            <line number="198" hits="2" branch="True" condition-coverage="100% (2/2)">
              <conditions>
                <condition number="32" type="jump" coverage="100%" />
              </conditions>
            </line>
            <line number="200" hits="1" branch="False" />
            <line number="203" hits="1" branch="False" />
            <line number="204" hits="4" branch="True" condition-coverage="100% (2/2)">
              <conditions>
                <condition number="85" type="jump" coverage="100%" />
              </conditions>
            </line>
            <line number="206" hits="3" branch="False" />
            <line number="207" hits="3" branch="False" />
            <line number="209" hits="1" branch="False" />
            <line number="213" hits="39" branch="False" />
            <line number="214" hits="39" branch="False" />
            <line number="215" hits="39" branch="False" />
            <line number="216" hits="39" branch="False" />
            <line number="217" hits="39" branch="True" condition-coverage="50% (1/2)">
              <conditions>
                <condition number="53" type="jump" coverage="50%" />
              </conditions>
            </line>
            <line number="218" hits="0" branch="False" />
            <line number="222" hits="5" branch="True" condition-coverage="100% (2/2)">
              <conditions>
                <condition number="7" type="jump" coverage="100%" />
              </conditions>
            </line>
            <line number="224" hits="2" branch="False" />
            <line number="225" hits="2" branch="False" />
            <line number="229" hits="3" branch="False" />
            <line number="232" hits="5" branch="False" />
            <line number="233" hits="5" branch="False" />
            <line number="234" hits="5" branch="False" />
            <line number="235" hits="5" branch="False" />
            <line number="236" hits="5" branch="True" condition-coverage="50% (1/2)">
              <conditions>
                <condition number="95" type="jump" coverage="50%" />
              </conditions>
            </line>
            <line number="237" hits="5" branch="False" />
            <line number="238" hits="0" branch="False" />
            <line number="242" hits="54" branch="True" condition-coverage="100% (2/2)">
              <conditions>
                <condition number="7" type="jump" coverage="100%" />
              </conditions>
            </line>
            <line number="244" hits="2" branch="False" />
            <line number="245" hits="2" branch="False" />
            <line number="249" hits="52" branch="False" />
            <line number="252" hits="54" branch="False" />
            <line number="253" hits="54" branch="False" />
            <line number="254" hits="54" branch="False" />
            <line number="255" hits="54" branch="False" />
            <line number="256" hits="54" branch="True" condition-coverage="50% (1/2)">
              <conditions>
                <condition number="95" type="jump" coverage="50%" />
              </conditions>
            </line>
            <line number="257" hits="54" branch="False" />
            <line number="258" hits="0" branch="False" />
            <line number="262" hits="6" branch="True" condition-coverage="100% (2/2)">
              <conditions>
                <condition number="7" type="jump" coverage="100%" />
              </conditions>
            </line>
            <line number="264" hits="2" branch="False" />
            <line number="266" hits="2" branch="True" condition-coverage="50% (1/2)">
              <conditions>
                <condition number="34" type="jump" coverage="50%" />
              </conditions>
            </line>
            <line number="268" hits="0" branch="False" />
            <line number="272" hits="2" branch="False" />
            <line number="275" hits="4" branch="True" condition-coverage="100% (2/2)">
              <conditions>
                <condition number="66" type="jump" coverage="100%" />
              </conditions>
            </line>
            <line number="277" hits="2" branch="True" condition-coverage="50% (1/2)">
              <conditions>
                <condition number="75" type="jump" coverage="50%" />
              </conditions>
            </line>
            <line number="279" hits="0" branch="False" />
            <line number="280" hits="0" branch="False" />
            <line number="284" hits="2" branch="False" />
            <line number="285" hits="2" branch="False" />
            <line number="290" hits="2" branch="False" />
            <line number="291" hits="2" branch="False" />
            <line number="294" hits="6" branch="False" />
            <line number="295" hits="6" branch="False" />
            <line number="296" hits="6" branch="False" />
            <line number="297" hits="6" branch="False" />
            <line number="298" hits="6" branch="False" />
            <line number="299" hits="6" branch="True" condition-coverage="50% (1/2)">
              <conditions>
                <condition number="223" type="jump" coverage="50%" />
              </conditions>
            </line>
            <line number="300" hits="0" branch="False" />
            <line number="304" hits="16" branch="True" condition-coverage="100% (2/2)">
              <conditions>
                <condition number="6" type="jump" coverage="100%" />
              </conditions>
            </line>
            <line number="306" hits="4" branch="False" />
            <line number="307" hits="4" branch="False" />
            <line number="309" hits="12" branch="False" />
            <line number="313" hits="18" branch="True" condition-coverage="100% (2/2)">
              <conditions>
                <condition number="7" type="jump" coverage="100%" />
              </conditions>
            </line>
            <line number="315" hits="5" branch="False" />
            <line number="316" hits="5" branch="False" />
            <line number="318" hits="13" branch="False" />
            <line number="322" hits="4" branch="True" condition-coverage="100% (4/4)">
              <conditions>
                <condition number="6" type="jump" coverage="100%" />
                <condition number="14" type="jump" coverage="100%" />
              </conditions>
            </line>
            <line number="323" hits="2" branch="False" />
            <line number="324" hits="2" branch="False" />
            <line number="347" hits="0" branch="False" />
            <line number="16" hits="62" branch="False" />
            <line number="18" hits="16" branch="False" />
            <line number="20" hits="134" branch="True" condition-coverage="100% (2/2)">
              <conditions>
                <condition number="36" type="jump" coverage="100%" />
              </conditions>
            </line>
            <line number="22" hits="51" branch="False" />
            <line number="24" hits="16" branch="False" />
          </lines>
        </class>
        <class name="LinkedList.MyLinkedList`1/&lt;GetEnumerator&gt;d__49" filename="source\repos\WebDotnetLab1-2\LinkedList\LinkedList.cs" line-rate="1" branch-rate="1" complexity="4">
          <methods>
            <method name="MoveNext" signature="()" line-rate="1" branch-rate="1" complexity="4">
              <lines>
                <line number="328" hits="2" branch="False" />
                <line number="329" hits="2" branch="False" />
                <line number="331" hits="5" branch="True" condition-coverage="100% (2/2)">
                  <conditions>
                    <condition number="137" type="jump" coverage="100%" />
                  </conditions>
                </line>
                <line number="333" hits="4" branch="False" />
                <line number="335" hits="4" branch="True" condition-coverage="100% (2/2)">
                  <conditions>
                    <condition number="101" type="jump" coverage="100%" />
                  </conditions>
                </line>
                <line number="337" hits="1" branch="False" />
                <line number="338" hits="1" branch="False" />
                <line number="341" hits="3" branch="False" />
                <line number="343" hits="1" branch="False" />
              </lines>
            </method>
          </methods>
          <lines>
            <line number="328" hits="2" branch="False" />
            <line number="329" hits="2" branch="False" />
            <line number="331" hits="5" branch="True" condition-coverage="100% (2/2)">
              <conditions>
                <condition number="137" type="jump" coverage="100%" />
              </conditions>
            </line>
            <line number="333" hits="4" branch="False" />
            <line number="335" hits="4" branch="True" condition-coverage="100% (2/2)">
              <conditions>
                <condition number="101" type="jump" coverage="100%" />
              </conditions>
            </line>
            <line number="337" hits="1" branch="False" />
            <line number="338" hits="1" branch="False" />
            <line number="341" hits="3" branch="False" />
            <line number="343" hits="1" branch="False" />
          </lines>
        </class>
        <class name="LinkedList.MyLinkedListNode`1" filename="source\repos\WebDotnetLab1-2\LinkedList\LinkedListNode.cs" line-rate="0.9166" branch-rate="0" complexity="10">
          <methods>
            <method name="get_Value" signature="()" line-rate="1" branch-rate="1" complexity="1">
              <lines>
                <line number="5" hits="140" branch="False" />
              </lines>
            </method>
            <method name="get_Next" signature="()" line-rate="1" branch-rate="1" complexity="1">
              <lines>
                <line number="6" hits="132" branch="False" />
              </lines>
            </method>
            <method name="get_Previous" signature="()" line-rate="1" branch-rate="1" complexity="1">
              <lines>
                <line number="7" hits="102" branch="False" />
              </lines>
            </method>
            <method name="get_List" signature="()" line-rate="1" branch-rate="1" complexity="1">
              <lines>
                <line number="8" hits="147" branch="False" />
              </lines>
            </method>
            <method name="ToString" signature="()" line-rate="0" branch-rate="0" complexity="4">
              <lines>
                <line number="23" hits="0" branch="True" condition-coverage="0% (0/4)">
                  <conditions>
                    <condition number="20" type="jump" coverage="0%" />
                    <condition number="38" type="jump" coverage="0%" />
                  </conditions>
                </line>
              </lines>
            </method>
            <method name=".ctor" signature="(T)" line-rate="1" branch-rate="1" complexity="1">
              <lines>
                <line number="10" hits="19" branch="False" />
                <line number="12" hits="19" branch="False" />
                <line number="13" hits="19" branch="False" />
              </lines>
            </method>
            <method name=".ctor" signature="(LinkedList.MyLinkedList`1&lt;T&gt;,T)" line-rate="1" branch-rate="1" complexity="1">
              <lines>
                <line number="15" hits="86" branch="False" />
                <line number="17" hits="86" branch="False" />
                <line number="18" hits="86" branch="False" />
                <line number="19" hits="86" branch="False" />
              </lines>
            </method>
          </methods>
          <lines>
            <line number="5" hits="140" branch="False" />
            <line number="6" hits="132" branch="False" />
            <line number="7" hits="102" branch="False" />
            <line number="8" hits="147" branch="False" />
            <line number="23" hits="0" branch="True" condition-coverage="0% (0/4)">
              <conditions>
                <condition number="20" type="jump" coverage="0%" />
                <condition number="38" type="jump" coverage="0%" />
              </conditions>
            </line>
            <line number="10" hits="19" branch="False" />
            <line number="12" hits="19" branch="False" />
            <line number="13" hits="19" branch="False" />
            <line number="15" hits="86" branch="False" />
            <line number="17" hits="86" branch="False" />
            <line number="18" hits="86" branch="False" />
            <line number="19" hits="86" branch="False" />
          </lines>
        </class>
      </classes>
    </package>
    <package name="LinkedList.Tests" line-rate="0.997" branch-rate="0.75" complexity="46">
      <classes>
        <class name="AutoGeneratedProgram" filename=".nuget\packages\microsoft.net.test.sdk\17.1.0\build\netcoreapp2.1\Microsoft.NET.Test.Sdk.Program.cs" line-rate="0" branch-rate="1" complexity="1">
          <methods>
            <method name="Main" signature="(System.String[])" line-rate="0" branch-rate="1" complexity="1">
              <lines>
                <line number="4" hits="0" branch="False" />
              </lines>
            </method>
          </methods>
          <lines>
            <line number="4" hits="0" branch="False" />
          </lines>
        </class>
        <class name="LinkedList.Tests.MyLinkedListTests" filename="source\repos\WebDotnetLab1-2\LinkedList.Tests\MyLinkedListTests.cs" line-rate="1" branch-rate="0.75" complexity="45">
          <methods>
            <method name="AddLast_AddingItemToAnEmptyList_ItemBecomesFirst" signature="()" line-rate="1" branch-rate="1" complexity="1">
              <lines>
                <line number="15" hits="1" branch="False" />
                <line number="16" hits="1" branch="False" />
                <line number="18" hits="1" branch="False" />
                <line number="20" hits="1" branch="False" />
                <line number="21" hits="1" branch="False" />
                <line number="22" hits="1" branch="False" />
                <line number="23" hits="1" branch="False" />
                <line number="24" hits="2" branch="False" />
                <line number="25" hits="1" branch="False" />
              </lines>
            </method>
            <method name="AddLast_AddingItem_ItemBecomesLast" signature="()" line-rate="1" branch-rate="1" complexity="1">
              <lines>
                <line number="30" hits="1" branch="False" />
                <line number="31" hits="1" branch="False" />
                <line number="33" hits="1" branch="False" />
                <line number="35" hits="1" branch="False" />
                <line number="36" hits="1" branch="False" />
                <line number="37" hits="1" branch="False" />
                <line number="38" hits="1" branch="False" />
                <line number="39" hits="2" branch="False" />
                <line number="40" hits="1" branch="False" />
              </lines>
            </method>
            <method name="AddLast_AddingNodeToAnEmptyList_NodeBecomesFirst" signature="()" line-rate="1" branch-rate="1" complexity="1">
              <lines>
                <line number="45" hits="1" branch="False" />
                <line number="46" hits="1" branch="False" />
                <line number="48" hits="1" branch="False" />
                <line number="50" hits="1" branch="False" />
                <line number="51" hits="1" branch="False" />
                <line number="52" hits="1" branch="False" />
                <line number="53" hits="1" branch="False" />
                <line number="54" hits="2" branch="False" />
                <line number="55" hits="1" branch="False" />
              </lines>
            </method>
            <method name="AddLast_AddingNode_NodeBecomesLast" signature="()" line-rate="1" branch-rate="1" complexity="1">
              <lines>
                <line number="60" hits="1" branch="False" />
                <line number="61" hits="1" branch="False" />
                <line number="63" hits="1" branch="False" />
                <line number="65" hits="1" branch="False" />
                <line number="66" hits="1" branch="False" />
                <line number="67" hits="1" branch="False" />
                <line number="68" hits="1" branch="False" />
                <line number="69" hits="2" branch="False" />
                <line number="70" hits="1" branch="False" />
              </lines>
            </method>
            <method name="AddLast_AddingForeignNode_Throws" signature="()" line-rate="1" branch-rate="1" complexity="1">
              <lines>
                <line number="75" hits="1" branch="False" />
                <line number="76" hits="1" branch="False" />
                <line number="77" hits="1" branch="False" />
                <line number="78" hits="1" branch="False" />
                <line number="80" hits="2" branch="False" />
                <line number="81" hits="1" branch="False" />
              </lines>
            </method>
            <method name="AddFirst_AddingItem_ItemBecomesFirst" signature="()" line-rate="1" branch-rate="1" complexity="1">
              <lines>
                <line number="86" hits="1" branch="False" />
                <line number="87" hits="1" branch="False" />
                <line number="89" hits="1" branch="False" />
                <line number="91" hits="1" branch="False" />
                <line number="92" hits="1" branch="False" />
                <line number="93" hits="1" branch="False" />
                <line number="94" hits="1" branch="False" />
                <line number="95" hits="2" branch="False" />
                <line number="96" hits="1" branch="False" />
              </lines>
            </method>
            <method name="AddFirst_AddingNode_NodeBecomesFirst" signature="()" line-rate="1" branch-rate="1" complexity="1">
              <lines>
                <line number="101" hits="1" branch="False" />
                <line number="102" hits="1" branch="False" />
                <line number="104" hits="1" branch="False" />
                <line number="106" hits="1" branch="False" />
                <line number="107" hits="1" branch="False" />
                <line number="108" hits="1" branch="False" />
                <line number="109" hits="1" branch="False" />
                <line number="110" hits="2" branch="False" />
                <line number="111" hits="1" branch="False" />
              </lines>
            </method>
            <method name="AddFirst_AddingForeignNode_Throws" signature="()" line-rate="1" branch-rate="1" complexity="1">
              <lines>
                <line number="116" hits="1" branch="False" />
                <line number="118" hits="1" branch="False" />
                <line number="119" hits="1" branch="False" />
                <line number="120" hits="1" branch="False" />
                <line number="122" hits="2" branch="False" />
                <line number="123" hits="1" branch="False" />
              </lines>
            </method>
            <method name="AddAfter_AddingItemAfterNode" signature="()" line-rate="1" branch-rate="1" complexity="1">
              <lines>
                <line number="128" hits="1" branch="False" />
                <line number="129" hits="1" branch="False" />
                <line number="130" hits="1" branch="False" />
                <line number="132" hits="1" branch="False" />
                <line number="134" hits="1" branch="False" />
                <line number="135" hits="1" branch="False" />
                <line number="136" hits="1" branch="False" />
                <line number="137" hits="1" branch="False" />
                <line number="138" hits="1" branch="False" />
                <line number="139" hits="2" branch="False" />
                <line number="140" hits="1" branch="False" />
              </lines>
            </method>
            <method name="AddAfter_AddingItemAfterLast_ItemBecomesLast" signature="()" line-rate="1" branch-rate="1" complexity="1">
              <lines>
                <line number="145" hits="1" branch="False" />
                <line number="146" hits="1" branch="False" />
                <line number="148" hits="1" branch="False" />
                <line number="150" hits="1" branch="False" />
                <line number="151" hits="1" branch="False" />
                <line number="152" hits="1" branch="False" />
                <line number="153" hits="1" branch="False" />
                <line number="154" hits="1" branch="False" />
                <line number="155" hits="2" branch="False" />
                <line number="156" hits="1" branch="False" />
              </lines>
            </method>
            <method name="AddAfter_AddingItemAfterAnUnattachedNode_Throws" signature="()" line-rate="1" branch-rate="1" complexity="1">
              <lines>
                <line number="161" hits="1" branch="False" />
                <line number="162" hits="1" branch="False" />
                <line number="164" hits="2" branch="False" />
                <line number="165" hits="1" branch="False" />
              </lines>
            </method>
            <method name="AddAfter_AddingNodeAfterNode" signature="()" line-rate="1" branch-rate="1" complexity="1">
              <lines>
                <line number="170" hits="1" branch="False" />
                <line number="171" hits="1" branch="False" />
                <line number="172" hits="1" branch="False" />
                <line number="173" hits="1" branch="False" />
                <line number="175" hits="1" branch="False" />
                <line number="177" hits="1" branch="False" />
                <line number="178" hits="1" branch="False" />
                <line number="179" hits="1" branch="False" />
                <line number="180" hits="1" branch="False" />
                <line number="181" hits="1" branch="False" />
                <line number="182" hits="2" branch="False" />
                <line number="183" hits="1" branch="False" />
              </lines>
            </method>
            <method name="AddAfter_AddingNodeAfterLast_NewNodeBecomesLast" signature="()" line-rate="1" branch-rate="1" complexity="1">
              <lines>
                <line number="188" hits="1" branch="False" />
                <line number="189" hits="1" branch="False" />
                <line number="190" hits="1" branch="False" />
                <line number="192" hits="1" branch="False" />
                <line number="194" hits="1" branch="False" />
                <line number="195" hits="1" branch="False" />
                <line number="196" hits="1" branch="False" />
                <line number="197" hits="1" branch="False" />
                <line number="198" hits="1" branch="False" />
                <line number="199" hits="2" branch="False" />
                <line number="200" hits="1" branch="False" />
              </lines>
            </method>
            <method name="AddAfter_AddingForeignNode_Throws" signature="()" line-rate="1" branch-rate="1" complexity="1">
              <lines>
                <line number="205" hits="1" branch="False" />
                <line number="206" hits="1" branch="False" />
                <line number="207" hits="1" branch="False" />
                <line number="208" hits="1" branch="False" />
                <line number="209" hits="1" branch="False" />
                <line number="211" hits="2" branch="False" />
                <line number="212" hits="1" branch="False" />
              </lines>
            </method>
            <method name="AddAfter_AddingNodeAfterAnUnattachedNode_Throws" signature="()" line-rate="1" branch-rate="1" complexity="1">
              <lines>
                <line number="217" hits="1" branch="False" />
                <line number="218" hits="1" branch="False" />
                <line number="220" hits="2" branch="False" />
                <line number="221" hits="1" branch="False" />
              </lines>
            </method>
            <method name="AddBefore_AddingItemBeforeNode" signature="()" line-rate="1" branch-rate="1" complexity="1">
              <lines>
                <line number="226" hits="1" branch="False" />
                <line number="227" hits="1" branch="False" />
                <line number="228" hits="1" branch="False" />
                <line number="230" hits="1" branch="False" />
                <line number="232" hits="1" branch="False" />
                <line number="233" hits="1" branch="False" />
                <line number="234" hits="1" branch="False" />
                <line number="235" hits="1" branch="False" />
                <line number="236" hits="1" branch="False" />
                <line number="237" hits="2" branch="False" />
                <line number="238" hits="1" branch="False" />
              </lines>
            </method>
            <method name="AddBefore_AddingItemBeforeFirst_ItemBecomesFirst" signature="()" line-rate="1" branch-rate="1" complexity="1">
              <lines>
                <line number="243" hits="1" branch="False" />
                <line number="244" hits="1" branch="False" />
                <line number="246" hits="1" branch="False" />
                <line number="248" hits="1" branch="False" />
                <line number="249" hits="1" branch="False" />
                <line number="250" hits="1" branch="False" />
                <line number="251" hits="1" branch="False" />
                <line number="252" hits="1" branch="False" />
                <line number="253" hits="2" branch="False" />
                <line number="254" hits="1" branch="False" />
              </lines>
            </method>
            <method name="AddBefore_AddingItemBeforeAnUnattachedNode_Throws" signature="()" line-rate="1" branch-rate="1" complexity="1">
              <lines>
                <line number="259" hits="1" branch="False" />
                <line number="260" hits="1" branch="False" />
                <line number="262" hits="2" branch="False" />
                <line number="263" hits="1" branch="False" />
              </lines>
            </method>
            <method name="AddBefore_AddingNodeBeforeNode" signature="()" line-rate="1" branch-rate="1" complexity="1">
              <lines>
                <line number="268" hits="1" branch="False" />
                <line number="269" hits="1" branch="False" />
                <line number="270" hits="1" branch="False" />
                <line number="271" hits="1" branch="False" />
                <line number="273" hits="1" branch="False" />
                <line number="275" hits="1" branch="False" />
                <line number="276" hits="1" branch="False" />
                <line number="277" hits="1" branch="False" />
                <line number="278" hits="1" branch="False" />
                <line number="279" hits="1" branch="False" />
                <line number="280" hits="2" branch="False" />
                <line number="281" hits="1" branch="False" />
              </lines>
            </method>
            <method name="AddBefore_AddingNodeBeforeFirst_NewNodeBecomesFirst" signature="()" line-rate="1" branch-rate="1" complexity="1">
              <lines>
                <line number="286" hits="1" branch="False" />
                <line number="287" hits="1" branch="False" />
                <line number="288" hits="1" branch="False" />
                <line number="290" hits="1" branch="False" />
                <line number="292" hits="1" branch="False" />
                <line number="293" hits="1" branch="False" />
                <line number="294" hits="1" branch="False" />
                <line number="295" hits="1" branch="False" />
                <line number="296" hits="1" branch="False" />
                <line number="297" hits="2" branch="False" />
                <line number="298" hits="1" branch="False" />
              </lines>
            </method>
            <method name="AddBefore_AddingForeignNode_Throws" signature="()" line-rate="1" branch-rate="1" complexity="1">
              <lines>
                <line number="303" hits="1" branch="False" />
                <line number="304" hits="1" branch="False" />
                <line number="306" hits="1" branch="False" />
                <line number="307" hits="1" branch="False" />
                <line number="308" hits="1" branch="False" />
                <line number="310" hits="2" branch="False" />
                <line number="311" hits="1" branch="False" />
              </lines>
            </method>
            <method name="AddBefore_AddingNodeBeforeAnUnattachedNode_Throws" signature="()" line-rate="1" branch-rate="1" complexity="1">
              <lines>
                <line number="316" hits="1" branch="False" />
                <line number="317" hits="1" branch="False" />
                <line number="319" hits="2" branch="False" />
                <line number="320" hits="1" branch="False" />
              </lines>
            </method>
            <method name="Find_FindingOrFailingToFind" signature="()" line-rate="1" branch-rate="1" complexity="1">
              <lines>
                <line number="325" hits="1" branch="False" />
                <line number="327" hits="1" branch="False" />
                <line number="328" hits="1" branch="False" />
                <line number="330" hits="1" branch="False" />
                <line number="331" hits="1" branch="False" />
                <line number="332" hits="1" branch="False" />
                <line number="333" hits="1" branch="False" />
                <line number="334" hits="2" branch="False" />
                <line number="335" hits="1" branch="False" />
              </lines>
            </method>
            <method name="Remove_RemovingExistingItem_ReturnsTrue" signature="()" line-rate="1" branch-rate="1" complexity="1">
              <lines>
                <line number="343" hits="1" branch="False" />
                <line number="345" hits="1" branch="False" />
                <line number="347" hits="1" branch="False" />
                <line number="348" hits="1" branch="False" />
                <line number="349" hits="1" branch="False" />
                <line number="350" hits="1" branch="False" />
                <line number="351" hits="2" branch="False" />
                <line number="352" hits="1" branch="False" />
              </lines>
            </method>
            <method name="Remove_RemovingNonexistentItem_ReturnsFalse" signature="()" line-rate="1" branch-rate="1" complexity="1">
              <lines>
                <line number="357" hits="1" branch="False" />
                <line number="359" hits="1" branch="False" />
                <line number="361" hits="1" branch="False" />
                <line number="362" hits="1" branch="False" />
                <line number="363" hits="1" branch="False" />
                <line number="364" hits="1" branch="False" />
                <line number="365" hits="2" branch="False" />
                <line number="366" hits="1" branch="False" />
              </lines>
            </method>
            <method name="Remove_RemovingMiddleNode" signature="()" line-rate="1" branch-rate="1" complexity="1">
              <lines>
                <line number="371" hits="1" branch="False" />
                <line number="372" hits="1" branch="False" />
                <line number="373" hits="1" branch="False" />
                <line number="374" hits="1" branch="False" />
                <line number="376" hits="1" branch="False" />
                <line number="378" hits="1" branch="False" />
                <line number="379" hits="1" branch="False" />
                <line number="380" hits="1" branch="False" />
                <line number="381" hits="1" branch="False" />
                <line number="382" hits="1" branch="False" />
                <line number="383" hits="2" branch="False" />
                <line number="384" hits="1" branch="False" />
              </lines>
            </method>
            <method name="Remove_RemovingFirstNode_FirstNodeChanges" signature="()" line-rate="1" branch-rate="1" complexity="1">
              <lines>
                <line number="389" hits="1" branch="False" />
                <line number="390" hits="1" branch="False" />
                <line number="391" hits="1" branch="False" />
                <line number="393" hits="1" branch="False" />
                <line number="395" hits="1" branch="False" />
                <line number="396" hits="1" branch="False" />
                <line number="397" hits="1" branch="False" />
                <line number="398" hits="1" branch="False" />
                <line number="399" hits="2" branch="False" />
                <line number="400" hits="1" branch="False" />
              </lines>
            </method>
            <method name="Remove_RemovingLastNode_LastNodeChanges" signature="()" line-rate="1" branch-rate="1" complexity="1">
              <lines>
                <line number="405" hits="1" branch="False" />
                <line number="406" hits="1" branch="False" />
                <line number="407" hits="1" branch="False" />
                <line number="408" hits="1" branch="False" />
                <line number="410" hits="1" branch="False" />
                <line number="412" hits="1" branch="False" />
                <line number="413" hits="1" branch="False" />
                <line number="414" hits="1" branch="False" />
                <line number="415" hits="1" branch="False" />
                <line number="416" hits="2" branch="False" />
                <line number="417" hits="1" branch="False" />
              </lines>
            </method>
            <method name="Remove_RemovingUnattachedNode_Throws" signature="()" line-rate="1" branch-rate="1" complexity="1">
              <lines>
                <line number="422" hits="1" branch="False" />
                <line number="423" hits="1" branch="False" />
                <line number="425" hits="2" branch="False" />
                <line number="426" hits="1" branch="False" />
              </lines>
            </method>
            <method name="RemoveFirst_FromEmptyList_Throws" signature="()" line-rate="1" branch-rate="1" complexity="1">
              <lines>
                <line number="431" hits="1" branch="False" />
                <line number="433" hits="2" branch="False" />
                <line number="434" hits="1" branch="False" />
              </lines>
            </method>
            <method name="RemoveLast_FromEmptyList_Throws" signature="()" line-rate="1" branch-rate="1" complexity="1">
              <lines>
                <line number="439" hits="1" branch="False" />
                <line number="441" hits="2" branch="False" />
                <line number="442" hits="1" branch="False" />
              </lines>
            </method>
            <method name="RemoveLast_LastNodeChanges" signature="()" line-rate="1" branch-rate="1" complexity="1">
              <lines>
                <line number="447" hits="1" branch="False" />
                <line number="448" hits="1" branch="False" />
                <line number="449" hits="1" branch="False" />
                <line number="450" hits="1" branch="False" />
                <line number="452" hits="1" branch="False" />
                <line number="454" hits="1" branch="False" />
                <line number="455" hits="1" branch="False" />
              </lines>
            </method>
            <method name="RemoveFirst_FirstNodeChanges" signature="()" line-rate="1" branch-rate="1" complexity="1">
              <lines>
                <line number="460" hits="1" branch="False" />
                <line number="461" hits="1" branch="False" />
                <line number="462" hits="1" branch="False" />
                <line number="464" hits="1" branch="False" />
                <line number="466" hits="1" branch="False" />
                <line number="467" hits="1" branch="False" />
              </lines>
            </method>
            <method name="FindLast_FindingOrFailingToFind" signature="()" line-rate="1" branch-rate="1" complexity="1">
              <lines>
                <line number="472" hits="1" branch="False" />
                <line number="474" hits="1" branch="False" />
                <line number="475" hits="1" branch="False" />
                <line number="477" hits="1" branch="False" />
                <line number="478" hits="1" branch="False" />
                <line number="479" hits="1" branch="False" />
                <line number="480" hits="1" branch="False" />
                <line number="481" hits="2" branch="False" />
                <line number="482" hits="1" branch="False" />
              </lines>
            </method>
            <method name="Contains_ItemFound" signature="()" line-rate="1" branch-rate="1" complexity="1">
              <lines>
                <line number="487" hits="1" branch="False" />
                <line number="489" hits="1" branch="False" />
                <line number="491" hits="1" branch="False" />
                <line number="492" hits="1" branch="False" />
              </lines>
            </method>
            <method name="Contains_ItemNotFound" signature="()" line-rate="1" branch-rate="1" complexity="1">
              <lines>
                <line number="497" hits="1" branch="False" />
                <line number="499" hits="1" branch="False" />
                <line number="501" hits="1" branch="False" />
                <line number="502" hits="1" branch="False" />
              </lines>
            </method>
            <method name="Clear_NoNodesZeroCount" signature="()" line-rate="1" branch-rate="1" complexity="1">
              <lines>
                <line number="507" hits="1" branch="False" />
                <line number="509" hits="1" branch="False" />
                <line number="511" hits="1" branch="False" />
                <line number="512" hits="1" branch="False" />
                <line number="513" hits="1" branch="False" />
                <line number="514" hits="1" branch="False" />
                <line number="515" hits="1" branch="False" />
                <line number="516" hits="2" branch="False" />
                <line number="517" hits="1" branch="False" />
              </lines>
            </method>
            <method name="Add_after_clear" signature="()" line-rate="1" branch-rate="1" complexity="1">
              <lines>
                <line number="522" hits="1" branch="False" />
                <line number="523" hits="1" branch="False" />
                <line number="525" hits="1" branch="False" />
                <line number="526" hits="1" branch="False" />
                <line number="528" hits="1" branch="False" />
                <line number="529" hits="1" branch="False" />
                <line number="530" hits="1" branch="False" />
                <line number="531" hits="1" branch="False" />
                <line number="532" hits="2" branch="False" />
                <line number="533" hits="1" branch="False" />
              </lines>
            </method>
            <method name="CopyTo_NonexistentIndex_Throws" signature="()" line-rate="1" branch-rate="1" complexity="1">
              <lines>
                <line number="538" hits="1" branch="False" />
                <line number="539" hits="1" branch="False" />
                <line number="541" hits="2" branch="False" />
                <line number="542" hits="1" branch="False" />
              </lines>
            </method>
            <method name="CopyTo_ItemsCannotFit_Throws" signature="()" line-rate="1" branch-rate="1" complexity="1">
              <lines>
                <line number="547" hits="1" branch="False" />
                <line number="548" hits="1" branch="False" />
                <line number="550" hits="2" branch="False" />
                <line number="551" hits="1" branch="False" />
              </lines>
            </method>
            <method name="CopyTo_FillingArray" signature="()" line-rate="1" branch-rate="1" complexity="2">
              <lines>
                <line number="556" hits="1" branch="False" />
                <line number="557" hits="1" branch="False" />
                <line number="559" hits="1" branch="False" />
                <line number="561" hits="1" branch="False" />
                <line number="562" hits="8" branch="True" condition-coverage="100% (2/2)">
                  <conditions>
                    <condition number="75" type="jump" coverage="100%" />
                  </conditions>
                </line>
                <line number="564" hits="3" branch="False" />
                <line number="565" hits="3" branch="False" />
                <line number="567" hits="1" branch="False" />
              </lines>
            </method>
            <method name="Enumerator_ModifyingCollection_Throws" signature="()" line-rate="1" branch-rate="0.5" complexity="2">
              <lines>
                <line number="572" hits="1" branch="False" />
                <line number="574" hits="1" branch="False" />
                <line number="575" hits="1" branch="False" />
                <line number="576" hits="4" branch="True" condition-coverage="50% (1/2)">
                  <conditions>
                    <condition number="40" type="jump" coverage="50%" />
                  </conditions>
                </line>
                <line number="577" hits="1" branch="False" />
                <line number="578" hits="1" branch="False" />
                <line number="579" hits="1" branch="False" />
                <line number="580" hits="1" branch="False" />
                <line number="581" hits="1" branch="False" />
              </lines>
            </method>
            <method name="Events_Are_Raised" signature="()" line-rate="1" branch-rate="1" complexity="1">
              <lines>
                <line number="586" hits="1" branch="False" />
                <line number="587" hits="1" branch="False" />
                <line number="589" hits="1" branch="False" />
                <line number="590" hits="1" branch="False" />
                <line number="591" hits="1" branch="False" />
                <line number="592" hits="2" branch="False" />
                <line number="594" hits="1" branch="False" />
                <line number="596" hits="1" branch="False" />
                <line number="597" hits="1" branch="False" />
              </lines>
            </method>
          </methods>
          <lines>
            <line number="15" hits="1" branch="False" />
            <line number="16" hits="1" branch="False" />
            <line number="18" hits="1" branch="False" />
            <line number="20" hits="1" branch="False" />
            <line number="21" hits="1" branch="False" />
            <line number="22" hits="1" branch="False" />
            <line number="23" hits="1" branch="False" />
            <line number="24" hits="2" branch="False" />
            <line number="25" hits="1" branch="False" />
            <line number="30" hits="1" branch="False" />
            <line number="31" hits="1" branch="False" />
            <line number="33" hits="1" branch="False" />
            <line number="35" hits="1" branch="False" />
            <line number="36" hits="1" branch="False" />
            <line number="37" hits="1" branch="False" />
            <line number="38" hits="1" branch="False" />
            <line number="39" hits="2" branch="False" />
            <line number="40" hits="1" branch="False" />
            <line number="45" hits="1" branch="False" />
            <line number="46" hits="1" branch="False" />
            <line number="48" hits="1" branch="False" />
            <line number="50" hits="1" branch="False" />
            <line number="51" hits="1" branch="False" />
            <line number="52" hits="1" branch="False" />
            <line number="53" hits="1" branch="False" />
            <line number="54" hits="2" branch="False" />
            <line number="55" hits="1" branch="False" />
            <line number="60" hits="1" branch="False" />
            <line number="61" hits="1" branch="False" />
            <line number="63" hits="1" branch="False" />
            <line number="65" hits="1" branch="False" />
            <line number="66" hits="1" branch="False" />
            <line number="67" hits="1" branch="False" />
            <line number="68" hits="1" branch="False" />
            <line number="69" hits="2" branch="False" />
            <line number="70" hits="1" branch="False" />
            <line number="75" hits="1" branch="False" />
            <line number="76" hits="1" branch="False" />
            <line number="77" hits="1" branch="False" />
            <line number="78" hits="1" branch="False" />
            <line number="80" hits="2" branch="False" />
            <line number="81" hits="1" branch="False" />
            <line number="86" hits="1" branch="False" />
            <line number="87" hits="1" branch="False" />
            <line number="89" hits="1" branch="False" />
            <line number="91" hits="1" branch="False" />
            <line number="92" hits="1" branch="False" />
            <line number="93" hits="1" branch="False" />
            <line number="94" hits="1" branch="False" />
            <line number="95" hits="2" branch="False" />
            <line number="96" hits="1" branch="False" />
            <line number="101" hits="1" branch="False" />
            <line number="102" hits="1" branch="False" />
            <line number="104" hits="1" branch="False" />
            <line number="106" hits="1" branch="False" />
            <line number="107" hits="1" branch="False" />
            <line number="108" hits="1" branch="False" />
            <line number="109" hits="1" branch="False" />
            <line number="110" hits="2" branch="False" />
            <line number="111" hits="1" branch="False" />
            <line number="116" hits="1" branch="False" />
            <line number="118" hits="1" branch="False" />
            <line number="119" hits="1" branch="False" />
            <line number="120" hits="1" branch="False" />
            <line number="122" hits="2" branch="False" />
            <line number="123" hits="1" branch="False" />
            <line number="128" hits="1" branch="False" />
            <line number="129" hits="1" branch="False" />
            <line number="130" hits="1" branch="False" />
            <line number="132" hits="1" branch="False" />
            <line number="134" hits="1" branch="False" />
            <line number="135" hits="1" branch="False" />
            <line number="136" hits="1" branch="False" />
            <line number="137" hits="1" branch="False" />
            <line number="138" hits="1" branch="False" />
            <line number="139" hits="2" branch="False" />
            <line number="140" hits="1" branch="False" />
            <line number="145" hits="1" branch="False" />
            <line number="146" hits="1" branch="False" />
            <line number="148" hits="1" branch="False" />
            <line number="150" hits="1" branch="False" />
            <line number="151" hits="1" branch="False" />
            <line number="152" hits="1" branch="False" />
            <line number="153" hits="1" branch="False" />
            <line number="154" hits="1" branch="False" />
            <line number="155" hits="2" branch="False" />
            <line number="156" hits="1" branch="False" />
            <line number="161" hits="1" branch="False" />
            <line number="162" hits="1" branch="False" />
            <line number="164" hits="2" branch="False" />
            <line number="165" hits="1" branch="False" />
            <line number="170" hits="1" branch="False" />
            <line number="171" hits="1" branch="False" />
            <line number="172" hits="1" branch="False" />
            <line number="173" hits="1" branch="False" />
            <line number="175" hits="1" branch="False" />
            <line number="177" hits="1" branch="False" />
            <line number="178" hits="1" branch="False" />
            <line number="179" hits="1" branch="False" />
            <line number="180" hits="1" branch="False" />
            <line number="181" hits="1" branch="False" />
            <line number="182" hits="2" branch="False" />
            <line number="183" hits="1" branch="False" />
            <line number="188" hits="1" branch="False" />
            <line number="189" hits="1" branch="False" />
            <line number="190" hits="1" branch="False" />
            <line number="192" hits="1" branch="False" />
            <line number="194" hits="1" branch="False" />
            <line number="195" hits="1" branch="False" />
            <line number="196" hits="1" branch="False" />
            <line number="197" hits="1" branch="False" />
            <line number="198" hits="1" branch="False" />
            <line number="199" hits="2" branch="False" />
            <line number="200" hits="1" branch="False" />
            <line number="205" hits="1" branch="False" />
            <line number="206" hits="1" branch="False" />
            <line number="207" hits="1" branch="False" />
            <line number="208" hits="1" branch="False" />
            <line number="209" hits="1" branch="False" />
            <line number="211" hits="2" branch="False" />
            <line number="212" hits="1" branch="False" />
            <line number="217" hits="1" branch="False" />
            <line number="218" hits="1" branch="False" />
            <line number="220" hits="2" branch="False" />
            <line number="221" hits="1" branch="False" />
            <line number="226" hits="1" branch="False" />
            <line number="227" hits="1" branch="False" />
            <line number="228" hits="1" branch="False" />
            <line number="230" hits="1" branch="False" />
            <line number="232" hits="1" branch="False" />
            <line number="233" hits="1" branch="False" />
            <line number="234" hits="1" branch="False" />
            <line number="235" hits="1" branch="False" />
            <line number="236" hits="1" branch="False" />
            <line number="237" hits="2" branch="False" />
            <line number="238" hits="1" branch="False" />
            <line number="243" hits="1" branch="False" />
            <line number="244" hits="1" branch="False" />
            <line number="246" hits="1" branch="False" />
            <line number="248" hits="1" branch="False" />
            <line number="249" hits="1" branch="False" />
            <line number="250" hits="1" branch="False" />
            <line number="251" hits="1" branch="False" />
            <line number="252" hits="1" branch="False" />
            <line number="253" hits="2" branch="False" />
            <line number="254" hits="1" branch="False" />
            <line number="259" hits="1" branch="False" />
            <line number="260" hits="1" branch="False" />
            <line number="262" hits="2" branch="False" />
            <line number="263" hits="1" branch="False" />
            <line number="268" hits="1" branch="False" />
            <line number="269" hits="1" branch="False" />
            <line number="270" hits="1" branch="False" />
            <line number="271" hits="1" branch="False" />
            <line number="273" hits="1" branch="False" />
            <line number="275" hits="1" branch="False" />
            <line number="276" hits="1" branch="False" />
            <line number="277" hits="1" branch="False" />
            <line number="278" hits="1" branch="False" />
            <line number="279" hits="1" branch="False" />
            <line number="280" hits="2" branch="False" />
            <line number="281" hits="1" branch="False" />
            <line number="286" hits="1" branch="False" />
            <line number="287" hits="1" branch="False" />
            <line number="288" hits="1" branch="False" />
            <line number="290" hits="1" branch="False" />
            <line number="292" hits="1" branch="False" />
            <line number="293" hits="1" branch="False" />
            <line number="294" hits="1" branch="False" />
            <line number="295" hits="1" branch="False" />
            <line number="296" hits="1" branch="False" />
            <line number="297" hits="2" branch="False" />
            <line number="298" hits="1" branch="False" />
            <line number="303" hits="1" branch="False" />
            <line number="304" hits="1" branch="False" />
            <line number="306" hits="1" branch="False" />
            <line number="307" hits="1" branch="False" />
            <line number="308" hits="1" branch="False" />
            <line number="310" hits="2" branch="False" />
            <line number="311" hits="1" branch="False" />
            <line number="316" hits="1" branch="False" />
            <line number="317" hits="1" branch="False" />
            <line number="319" hits="2" branch="False" />
            <line number="320" hits="1" branch="False" />
            <line number="325" hits="1" branch="False" />
            <line number="327" hits="1" branch="False" />
            <line number="328" hits="1" branch="False" />
            <line number="330" hits="1" branch="False" />
            <line number="331" hits="1" branch="False" />
            <line number="332" hits="1" branch="False" />
            <line number="333" hits="1" branch="False" />
            <line number="334" hits="2" branch="False" />
            <line number="335" hits="1" branch="False" />
            <line number="343" hits="1" branch="False" />
            <line number="345" hits="1" branch="False" />
            <line number="347" hits="1" branch="False" />
            <line number="348" hits="1" branch="False" />
            <line number="349" hits="1" branch="False" />
            <line number="350" hits="1" branch="False" />
            <line number="351" hits="2" branch="False" />
            <line number="352" hits="1" branch="False" />
            <line number="357" hits="1" branch="False" />
            <line number="359" hits="1" branch="False" />
            <line number="361" hits="1" branch="False" />
            <line number="362" hits="1" branch="False" />
            <line number="363" hits="1" branch="False" />
            <line number="364" hits="1" branch="False" />
            <line number="365" hits="2" branch="False" />
            <line number="366" hits="1" branch="False" />
            <line number="371" hits="1" branch="False" />
            <line number="372" hits="1" branch="False" />
            <line number="373" hits="1" branch="False" />
            <line number="374" hits="1" branch="False" />
            <line number="376" hits="1" branch="False" />
            <line number="378" hits="1" branch="False" />
            <line number="379" hits="1" branch="False" />
            <line number="380" hits="1" branch="False" />
            <line number="381" hits="1" branch="False" />
            <line number="382" hits="1" branch="False" />
            <line number="383" hits="2" branch="False" />
            <line number="384" hits="1" branch="False" />
            <line number="389" hits="1" branch="False" />
            <line number="390" hits="1" branch="False" />
            <line number="391" hits="1" branch="False" />
            <line number="393" hits="1" branch="False" />
            <line number="395" hits="1" branch="False" />
            <line number="396" hits="1" branch="False" />
            <line number="397" hits="1" branch="False" />
            <line number="398" hits="1" branch="False" />
            <line number="399" hits="2" branch="False" />
            <line number="400" hits="1" branch="False" />
            <line number="405" hits="1" branch="False" />
            <line number="406" hits="1" branch="False" />
            <line number="407" hits="1" branch="False" />
            <line number="408" hits="1" branch="False" />
            <line number="410" hits="1" branch="False" />
            <line number="412" hits="1" branch="False" />
            <line number="413" hits="1" branch="False" />
            <line number="414" hits="1" branch="False" />
            <line number="415" hits="1" branch="False" />
            <line number="416" hits="2" branch="False" />
            <line number="417" hits="1" branch="False" />
            <line number="422" hits="1" branch="False" />
            <line number="423" hits="1" branch="False" />
            <line number="425" hits="2" branch="False" />
            <line number="426" hits="1" branch="False" />
            <line number="431" hits="1" branch="False" />
            <line number="433" hits="2" branch="False" />
            <line number="434" hits="1" branch="False" />
            <line number="439" hits="1" branch="False" />
            <line number="441" hits="2" branch="False" />
            <line number="442" hits="1" branch="False" />
            <line number="447" hits="1" branch="False" />
            <line number="448" hits="1" branch="False" />
            <line number="449" hits="1" branch="False" />
            <line number="450" hits="1" branch="False" />
            <line number="452" hits="1" branch="False" />
            <line number="454" hits="1" branch="False" />
            <line number="455" hits="1" branch="False" />
            <line number="460" hits="1" branch="False" />
            <line number="461" hits="1" branch="False" />
            <line number="462" hits="1" branch="False" />
            <line number="464" hits="1" branch="False" />
            <line number="466" hits="1" branch="False" />
            <line number="467" hits="1" branch="False" />
            <line number="472" hits="1" branch="False" />
            <line number="474" hits="1" branch="False" />
            <line number="475" hits="1" branch="False" />
            <line number="477" hits="1" branch="False" />
            <line number="478" hits="1" branch="False" />
            <line number="479" hits="1" branch="False" />
            <line number="480" hits="1" branch="False" />
            <line number="481" hits="2" branch="False" />
            <line number="482" hits="1" branch="False" />
            <line number="487" hits="1" branch="False" />
            <line number="489" hits="1" branch="False" />
            <line number="491" hits="1" branch="False" />
            <line number="492" hits="1" branch="False" />
            <line number="497" hits="1" branch="False" />
            <line number="499" hits="1" branch="False" />
            <line number="501" hits="1" branch="False" />
            <line number="502" hits="1" branch="False" />
            <line number="507" hits="1" branch="False" />
            <line number="509" hits="1" branch="False" />
            <line number="511" hits="1" branch="False" />
            <line number="512" hits="1" branch="False" />
            <line number="513" hits="1" branch="False" />
            <line number="514" hits="1" branch="False" />
            <line number="515" hits="1" branch="False" />
            <line number="516" hits="2" branch="False" />
            <line number="517" hits="1" branch="False" />
            <line number="522" hits="1" branch="False" />
            <line number="523" hits="1" branch="False" />
            <line number="525" hits="1" branch="False" />
            <line number="526" hits="1" branch="False" />
            <line number="528" hits="1" branch="False" />
            <line number="529" hits="1" branch="False" />
            <line number="530" hits="1" branch="False" />
            <line number="531" hits="1" branch="False" />
            <line number="532" hits="2" branch="False" />
            <line number="533" hits="1" branch="False" />
            <line number="538" hits="1" branch="False" />
            <line number="539" hits="1" branch="False" />
            <line number="541" hits="2" branch="False" />
            <line number="542" hits="1" branch="False" />
            <line number="547" hits="1" branch="False" />
            <line number="548" hits="1" branch="False" />
            <line number="550" hits="2" branch="False" />
            <line number="551" hits="1" branch="False" />
            <line number="556" hits="1" branch="False" />
            <line number="557" hits="1" branch="False" />
            <line number="559" hits="1" branch="False" />
            <line number="561" hits="1" branch="False" />
            <line number="562" hits="8" branch="True" condition-coverage="100% (2/2)">
              <conditions>
                <condition number="75" type="jump" coverage="100%" />
              </conditions>
            </line>
            <line number="564" hits="3" branch="False" />
            <line number="565" hits="3" branch="False" />
            <line number="567" hits="1" branch="False" />
            <line number="572" hits="1" branch="False" />
            <line number="574" hits="1" branch="False" />
            <line number="575" hits="1" branch="False" />
            <line number="576" hits="4" branch="True" condition-coverage="50% (1/2)">
              <conditions>
                <condition number="40" type="jump" coverage="50%" />
              </conditions>
            </line>
            <line number="577" hits="1" branch="False" />
            <line number="578" hits="1" branch="False" />
            <line number="579" hits="1" branch="False" />
            <line number="580" hits="1" branch="False" />
            <line number="581" hits="1" branch="False" />
            <line number="586" hits="1" branch="False" />
            <line number="587" hits="1" branch="False" />
            <line number="589" hits="1" branch="False" />
            <line number="590" hits="1" branch="False" />
            <line number="591" hits="1" branch="False" />
            <line number="592" hits="2" branch="False" />
            <line number="594" hits="1" branch="False" />
            <line number="596" hits="1" branch="False" />
            <line number="597" hits="1" branch="False" />
          </lines>
        </class>
      </classes>
    </package>
  </packages>
</coverage>